#
# There is insufficient memory for the Java Runtime Environment to continue.
# Native memory allocation (malloc) failed to allocate 819136 bytes for Chunk::new
# Possible reasons:
#   The system is out of physical RAM or swap space
#   In 32 bit mode, the process size limit was hit
# Possible solutions:
#   Reduce memory load on the system
#   Increase physical memory or swap space
#   Check if swap backing store is full
#   Use 64 bit Java on a 64 bit OS
#   Decrease Java heap size (-Xmx/-Xms)
#   Decrease number of Java threads
#   Decrease Java thread stack sizes (-Xss)
#   Set larger code cache with -XX:ReservedCodeCacheSize=
# This output file may be truncated or incomplete.
#
#  Out of Memory Error (allocation.cpp:390), pid=25928, tid=0x000000000000627c
#
# JRE version: Java(TM) SE Runtime Environment (8.0_131-b11) (build 1.8.0_131-b11)
# Java VM: Java HotSpot(TM) 64-Bit Server VM (25.131-b11 mixed mode windows-amd64 compressed oops)
# Failed to write core dump. Minidumps are not enabled by default on client versions of Windows
#

---------------  T H R E A D  ---------------

Current thread (0x0000000018cd5000):  JavaThread "C2 CompilerThread1" daemon [_thread_in_native, id=25212, stack(0x0000000019440000,0x0000000019540000)]

Stack: [0x0000000019440000,0x0000000019540000]
[error occurred during error reporting (printing stack bounds), id 0xc0000005]

Native frames: (J=compiled Java code, j=interpreted, Vv=VM code, C=native code)


Current CompileTask:
C2:  36131 9635 %     4       com.android.tools.r8.ir.conversion.IRBuilder::a @ 1734 (2002 bytes)


---------------  P R O C E S S  ---------------

Java Threads: ( => current thread )
  0x000000001cbca800 JavaThread "Cache worker for execution history cache (D:\WYweixin\.gradle\5.4.1\executionHistory)" [_thread_blocked, id=18612, stack(0x00000000253f0000,0x00000000254f0000)]
  0x000000001cbcd800 JavaThread "Execution worker for ':' Thread 7" [_thread_blocked, id=20204, stack(0x00000000250f0000,0x00000000251f0000)]
  0x000000001cbca000 JavaThread "Execution worker for ':' Thread 6" [_thread_in_Java, id=9260, stack(0x0000000024ff0000,0x00000000250f0000)]
  0x000000001cbc6000 JavaThread "Execution worker for ':' Thread 5" [_thread_blocked, id=26316, stack(0x0000000024ef0000,0x0000000024ff0000)]
  0x000000001cbc9000 JavaThread "Execution worker for ':' Thread 4" [_thread_blocked, id=11388, stack(0x0000000024df0000,0x0000000024ef0000)]
  0x000000001cbcd000 JavaThread "Execution worker for ':' Thread 3" [_thread_blocked, id=13872, stack(0x0000000024cf0000,0x0000000024df0000)]
  0x000000001cbc7000 JavaThread "Execution worker for ':' Thread 2" [_thread_blocked, id=25244, stack(0x0000000024bf0000,0x0000000024cf0000)]
  0x000000001cbcc000 JavaThread "Execution worker for ':'" [_thread_blocked, id=26172, stack(0x0000000024af0000,0x0000000024bf0000)]
  0x000000001cbcb800 JavaThread "Cache worker for file content cache (D:\WYweixin\.gradle\5.4.1\fileContent)" [_thread_blocked, id=2736, stack(0x00000000243b0000,0x00000000244b0000)]
  0x000000001cbc7800 JavaThread "Cache worker for file content cache (C:\Users\18432\.gradle\caches\5.4.1\fileContent)" [_thread_blocked, id=22868, stack(0x00000000242b0000,0x00000000243b0000)]
  0x000000001cbc3000 JavaThread "Memory manager" [_thread_blocked, id=8616, stack(0x0000000023b80000,0x0000000023c80000)]
  0x000000001cbc0000 JavaThread "Cache worker for Build Output Cleanup Cache (D:\WYweixin\.gradle\buildOutputCleanup)" [_thread_blocked, id=19628, stack(0x0000000023880000,0x0000000023980000)]
  0x000000001cbc2800 JavaThread "Build operations Thread 8" [_thread_blocked, id=24228, stack(0x0000000023580000,0x0000000023680000)]
  0x000000001cbc4800 JavaThread "Build operations Thread 7" [_thread_blocked, id=17744, stack(0x0000000023480000,0x0000000023580000)]
  0x000000001cbc1800 JavaThread "Build operations Thread 6" [_thread_blocked, id=11636, stack(0x0000000023380000,0x0000000023480000)]
  0x000000001cbbe800 JavaThread "Build operations Thread 5" [_thread_blocked, id=17688, stack(0x0000000023280000,0x0000000023380000)]
  0x000000001cbc4000 JavaThread "Build operations Thread 4" [_thread_blocked, id=16200, stack(0x0000000023180000,0x0000000023280000)]
  0x000000001cbc5800 JavaThread "Build operations Thread 3" [_thread_blocked, id=9972, stack(0x0000000023080000,0x0000000023180000)]
  0x000000001cbc1000 JavaThread "Build operations Thread 2" [_thread_blocked, id=17448, stack(0x0000000022f80000,0x0000000023080000)]
  0x000000001cbbf800 JavaThread "Build operations" [_thread_blocked, id=10800, stack(0x0000000022e80000,0x0000000022f80000)]
  0x000000001a14d000 JavaThread "Cache worker for execution history cache (C:\Users\18432\.gradle\caches\5.4.1\executionHistory)" [_thread_blocked, id=9588, stack(0x00000000224c0000,0x00000000225c0000)]
  0x000000001a154000 JavaThread "Cache worker for cache directory md-rule (C:\Users\18432\.gradle\caches\5.4.1\md-rule)" [_thread_blocked, id=15248, stack(0x00000000221c0000,0x00000000222c0000)]
  0x000000001a150000 JavaThread "Cache worker for cache directory md-supplier (C:\Users\18432\.gradle\caches\5.4.1\md-supplier)" [_thread_blocked, id=25876, stack(0x00000000220c0000,0x00000000221c0000)]
  0x000000001a14e000 JavaThread "Cache worker for file hash cache (D:\WYweixin\.gradle\5.4.1\fileHashes)" [_thread_blocked, id=18528, stack(0x000000001f730000,0x000000001f830000)]
  0x000000001a152800 JavaThread "Cache worker for journal cache (C:\Users\18432\.gradle\caches\journal-1)" [_thread_blocked, id=26500, stack(0x000000001c2c0000,0x000000001c3c0000)]
  0x000000001a151000 JavaThread "File lock request listener" [_thread_in_native, id=12952, stack(0x000000001c1c0000,0x000000001c2c0000)]
  0x000000001a153000 JavaThread "Cache worker for file hash cache (C:\Users\18432\.gradle\caches\5.4.1\fileHashes)" [_thread_blocked, id=15892, stack(0x000000001c0c0000,0x000000001c1c0000)]
  0x0000000019d6d000 JavaThread "Thread-9" [_thread_blocked, id=12088, stack(0x000000001bfc0000,0x000000001c0c0000)]
  0x0000000018f0e800 JavaThread "Stdin handler" [_thread_blocked, id=19768, stack(0x000000001bec0000,0x000000001bfc0000)]
  0x0000000018f0e000 JavaThread "Asynchronous log dispatcher for DefaultDaemonConnection: socket connection from /127.0.0.1:2153 to /127.0.0.1:2154" [_thread_blocked, id=2992, stack(0x000000001bcc0000,0x000000001bdc0000)]
  0x0000000019fb5800 JavaThread "Daemon worker" [_thread_blocked, id=24468, stack(0x000000001bbc0000,0x000000001bcc0000)]
  0x0000000019fb4800 JavaThread "Cancel handler" [_thread_blocked, id=20792, stack(0x000000001bac0000,0x000000001bbc0000)]
  0x000000001a097800 JavaThread "Handler for socket connection from /127.0.0.1:2153 to /127.0.0.1:2154" [_thread_in_native, id=3568, stack(0x000000001b7c0000,0x000000001b8c0000)]
  0x000000001a095000 JavaThread "Daemon" [_thread_blocked, id=20548, stack(0x000000001b6c0000,0x000000001b7c0000)]
  0x0000000018f14000 JavaThread "Daemon periodic checks" [_thread_blocked, id=5324, stack(0x000000001b5c0000,0x000000001b6c0000)]
  0x000000001aa10000 JavaThread "Incoming local TCP Connector on port 2153" [_thread_in_native, id=17464, stack(0x000000001b410000,0x000000001b510000)]
  0x000000001ad15000 JavaThread "Daemon health stats" [_thread_blocked, id=15068, stack(0x000000001b110000,0x000000001b210000)]
  0x0000000018d68000 JavaThread "Service Thread" daemon [_thread_blocked, id=21800, stack(0x0000000019740000,0x0000000019840000)]
  0x0000000018ce0800 JavaThread "C1 CompilerThread3" daemon [_thread_blocked, id=13132, stack(0x0000000019640000,0x0000000019740000)]
  0x0000000018cda800 JavaThread "C2 CompilerThread2" daemon [_thread_in_native, id=26588, stack(0x0000000019540000,0x0000000019640000)]
=>0x0000000018cd5000 JavaThread "C2 CompilerThread1" daemon [_thread_in_native, id=25212, stack(0x0000000019440000,0x0000000019540000)]
  0x0000000018cd2000 JavaThread "C2 CompilerThread0" daemon [_thread_in_native, id=11776, stack(0x0000000019340000,0x0000000019440000)]
  0x0000000018ccd000 JavaThread "Attach Listener" daemon [_thread_blocked, id=1928, stack(0x0000000019240000,0x0000000019340000)]
  0x0000000018c7b000 JavaThread "Signal Dispatcher" daemon [_thread_blocked, id=5656, stack(0x0000000019140000,0x0000000019240000)]
  0x0000000018c60800 JavaThread "Finalizer" daemon [_thread_blocked, id=15156, stack(0x0000000019040000,0x0000000019140000)]
  0x0000000002f78800 JavaThread "Reference Handler" daemon [_thread_blocked, id=17228, stack(0x0000000018b40000,0x0000000018c40000)]
  0x0000000002e7e000 JavaThread "main" [_thread_blocked, id=22436, stack(0x0000000002cf0000,0x0000000002df0000)]

Other Threads:
  0x0000000016d39800 VMThread [stack: 0x0000000018a40000,0x0000000018b40000] [id=23920]
  0x0000000018dd3800 WatcherThread [stack: 0x0000000019840000,0x0000000019940000] [id=8240]

VM state:not at safepoint (normal execution)

VM Mutex/Monitor currently owned by a thread: None

Heap:
 PSYoungGen      total 180736K, used 157254K [0x00000000e0000000, 0x00000000ecf00000, 0x0000000100000000)
  eden space 158720K, 85% used [0x00000000e0000000,0x00000000e848d398,0x00000000e9b00000)
  from space 22016K, 97% used [0x00000000eb380000,0x00000000ec884620,0x00000000ec900000)
  to   space 25088K, 0% used [0x00000000e9b00000,0x00000000e9b00000,0x00000000eb380000)
 ParOldGen       total 129024K, used 39943K [0x00000000a0000000, 0x00000000a7e00000, 0x00000000e0000000)
  object space 129024K, 30% used [0x00000000a0000000,0x00000000a2701cf0,0x00000000a7e00000)
 Metaspace       used 67781K, capacity 70234K, committed 70400K, reserved 1110016K
  class space    used 9390K, capacity 9900K, committed 9984K, reserved 1048576K

Card table byte_map: [0x0000000012340000,0x0000000012650000] byte_map_base: 0x0000000011e40000

Marking Bits: (ParMarkBitMap*) 0x000000006457c720
 Begin Bits: [0x0000000013050000, 0x0000000014850000)
 End Bits:   [0x0000000014850000, 0x0000000016050000)

Polling page: 0x0000000000bc0000

CodeCache: size=245760Kb used=29842Kb max_used=29862Kb free=215917Kb
 bounds [0x0000000002f80000, 0x0000000004cd0000, 0x0000000011f80000]
 total_blobs=9525 nmethods=8718 adapters=717
 compilation: enabled

Compilation events (10 events):
Event: 36.068 Thread 0x0000000018ce0800 9653       2       com.android.tools.r8.m.a.a.b.i0$a::<init> (6 bytes)
Event: 36.069 Thread 0x0000000018ce0800 nmethod 9653 0x0000000004c8b810 code [0x0000000004c8b960, 0x0000000004c8bb50]
Event: 36.069 Thread 0x0000000018ce0800 9654       2       com.android.tools.r8.m.a.a.b.i0$a::a (134 bytes)
Event: 36.070 Thread 0x0000000018ce0800 nmethod 9654 0x0000000004c8ae50 code [0x0000000004c8b040, 0x0000000004c8b4d8]
Event: 36.124 Thread 0x0000000018ce0800 9655       2       com.android.tools.r8.ir.conversion.IRBuilder::r (81 bytes)
Event: 36.125 Thread 0x0000000018ce0800 nmethod 9655 0x0000000004c8a5d0 code [0x0000000004c8a7a0, 0x0000000004c8ab18]
Event: 36.125 Thread 0x0000000018ce0800 9656       2       com.android.tools.r8.ir.code.f0::<init> (10 bytes)
Event: 36.125 Thread 0x0000000018ce0800 nmethod 9656 0x0000000004c8a210 code [0x0000000004c8a380, 0x0000000004c8a4e8]
Event: 36.125 Thread 0x0000000018ce0800 9657       2       com.android.tools.r8.ir.code.f0::a (434 bytes)
Event: 36.128 Thread 0x0000000018ce0800 nmethod 9657 0x0000000004c88110 code [0x0000000004c88480, 0x0000000004c89288]

GC Heap History (10 events):
Event: 24.090 GC heap before
{Heap before GC invocations=17 (full 3):
 PSYoungGen      total 123392K, used 110080K [0x00000000e0000000, 0x00000000ea300000, 0x0000000100000000)
  eden space 110080K, 100% used [0x00000000e0000000,0x00000000e6b80000,0x00000000e6b80000)
  from space 13312K, 0% used [0x00000000e6b80000,0x00000000e6b80000,0x00000000e7880000)
  to   space 14336K, 0% used [0x00000000e9500000,0x00000000e9500000,0x00000000ea300000)
 ParOldGen       total 129024K, used 32272K [0x00000000a0000000, 0x00000000a7e00000, 0x00000000e0000000)
  object space 129024K, 25% used [0x00000000a0000000,0x00000000a1f841e0,0x00000000a7e00000)
 Metaspace       used 59748K, capacity 61880K, committed 62080K, reserved 1101824K
  class space    used 8319K, capacity 8763K, committed 8832K, reserved 1048576K
Event: 24.107 GC heap after
Heap after GC invocations=17 (full 3):
 PSYoungGen      total 135680K, used 8684K [0x00000000e0000000, 0x00000000e9d80000, 0x0000000100000000)
  eden space 126976K, 0% used [0x00000000e0000000,0x00000000e0000000,0x00000000e7c00000)
  from space 8704K, 99% used [0x00000000e9500000,0x00000000e9d7b3f0,0x00000000e9d80000)
  to   space 13824K, 0% used [0x00000000e8280000,0x00000000e8280000,0x00000000e9000000)
 ParOldGen       total 129024K, used 32280K [0x00000000a0000000, 0x00000000a7e00000, 0x00000000e0000000)
  object space 129024K, 25% used [0x00000000a0000000,0x00000000a1f861e0,0x00000000a7e00000)
 Metaspace       used 59748K, capacity 61880K, committed 62080K, reserved 1101824K
  class space    used 8319K, capacity 8763K, committed 8832K, reserved 1048576K
}
Event: 27.007 GC heap before
{Heap before GC invocations=18 (full 3):
 PSYoungGen      total 135680K, used 135660K [0x00000000e0000000, 0x00000000e9d80000, 0x0000000100000000)
  eden space 126976K, 100% used [0x00000000e0000000,0x00000000e7c00000,0x00000000e7c00000)
  from space 8704K, 99% used [0x00000000e9500000,0x00000000e9d7b3f0,0x00000000e9d80000)
  to   space 13824K, 0% used [0x00000000e8280000,0x00000000e8280000,0x00000000e9000000)
 ParOldGen       total 129024K, used 32280K [0x00000000a0000000, 0x00000000a7e00000, 0x00000000e0000000)
  object space 129024K, 25% used [0x00000000a0000000,0x00000000a1f861e0,0x00000000a7e00000)
 Metaspace       used 66865K, capacity 69264K, committed 69504K, reserved 1110016K
  class space    used 9316K, capacity 9817K, committed 9856K, reserved 1048576K
Event: 27.040 GC heap after
Heap after GC invocations=18 (full 3):
 PSYoungGen      total 147456K, used 13819K [0x00000000e0000000, 0x00000000eb300000, 0x0000000100000000)
  eden space 133632K, 0% used [0x00000000e0000000,0x00000000e0000000,0x00000000e8280000)
  from space 13824K, 99% used [0x00000000e8280000,0x00000000e8ffec30,0x00000000e9000000)
  to   space 18432K, 0% used [0x00000000ea100000,0x00000000ea100000,0x00000000eb300000)
 ParOldGen       total 129024K, used 39919K [0x00000000a0000000, 0x00000000a7e00000, 0x00000000e0000000)
  object space 129024K, 30% used [0x00000000a0000000,0x00000000a26fbcf0,0x00000000a7e00000)
 Metaspace       used 66865K, capacity 69264K, committed 69504K, reserved 1110016K
  class space    used 9316K, capacity 9817K, committed 9856K, reserved 1048576K
}
Event: 29.446 GC heap before
{Heap before GC invocations=19 (full 3):
 PSYoungGen      total 147456K, used 147451K [0x00000000e0000000, 0x00000000eb300000, 0x0000000100000000)
  eden space 133632K, 100% used [0x00000000e0000000,0x00000000e8280000,0x00000000e8280000)
  from space 13824K, 99% used [0x00000000e8280000,0x00000000e8ffec30,0x00000000e9000000)
  to   space 18432K, 0% used [0x00000000ea100000,0x00000000ea100000,0x00000000eb300000)
 ParOldGen       total 129024K, used 39919K [0x00000000a0000000, 0x00000000a7e00000, 0x00000000e0000000)
  object space 129024K, 30% used [0x00000000a0000000,0x00000000a26fbcf0,0x00000000a7e00000)
 Metaspace       used 67474K, capacity 69896K, committed 70144K, reserved 1110016K
  class space    used 9357K, capacity 9863K, committed 9984K, reserved 1048576K
Event: 29.493 GC heap after
Heap after GC invocations=19 (full 3):
 PSYoungGen      total 163328K, used 16111K [0x00000000e0000000, 0x00000000ec000000, 0x0000000100000000)
  eden space 144896K, 0% used [0x00000000e0000000,0x00000000e0000000,0x00000000e8d80000)
  from space 18432K, 87% used [0x00000000ea100000,0x00000000eb0bbe40,0x00000000eb300000)
  to   space 19968K, 0% used [0x00000000e8d80000,0x00000000e8d80000,0x00000000ea100000)
 ParOldGen       total 129024K, used 39927K [0x00000000a0000000, 0x00000000a7e00000, 0x00000000e0000000)
  object space 129024K, 30% used [0x00000000a0000000,0x00000000a26fdcf0,0x00000000a7e00000)
 Metaspace       used 67474K, capacity 69896K, committed 70144K, reserved 1110016K
  class space    used 9357K, capacity 9863K, committed 9984K, reserved 1048576K
}
Event: 31.942 GC heap before
{Heap before GC invocations=20 (full 3):
 PSYoungGen      total 163328K, used 161007K [0x00000000e0000000, 0x00000000ec000000, 0x0000000100000000)
  eden space 144896K, 100% used [0x00000000e0000000,0x00000000e8d80000,0x00000000e8d80000)
  from space 18432K, 87% used [0x00000000ea100000,0x00000000eb0bbe40,0x00000000eb300000)
  to   space 19968K, 0% used [0x00000000e8d80000,0x00000000e8d80000,0x00000000ea100000)
 ParOldGen       total 129024K, used 39927K [0x00000000a0000000, 0x00000000a7e00000, 0x00000000e0000000)
  object space 129024K, 30% used [0x00000000a0000000,0x00000000a26fdcf0,0x00000000a7e00000)
 Metaspace       used 67698K, capacity 70158K, committed 70400K, reserved 1110016K
  class space    used 9388K, capacity 9900K, committed 9984K, reserved 1048576K
Event: 31.974 GC heap after
Heap after GC invocations=20 (full 3):
 PSYoungGen      total 164864K, used 18921K [0x00000000e0000000, 0x00000000ec900000, 0x0000000100000000)
  eden space 144896K, 0% used [0x00000000e0000000,0x00000000e0000000,0x00000000e8d80000)
  from space 19968K, 94% used [0x00000000e8d80000,0x00000000e9ffa658,0x00000000ea100000)
  to   space 22016K, 0% used [0x00000000eb380000,0x00000000eb380000,0x00000000ec900000)
 ParOldGen       total 129024K, used 39935K [0x00000000a0000000, 0x00000000a7e00000, 0x00000000e0000000)
  object space 129024K, 30% used [0x00000000a0000000,0x00000000a26ffcf0,0x00000000a7e00000)
 Metaspace       used 67698K, capacity 70158K, committed 70400K, reserved 1110016K
  class space    used 9388K, capacity 9900K, committed 9984K, reserved 1048576K
}
Event: 34.113 GC heap before
{Heap before GC invocations=21 (full 3):
 PSYoungGen      total 164864K, used 163817K [0x00000000e0000000, 0x00000000ec900000, 0x0000000100000000)
  eden space 144896K, 100% used [0x00000000e0000000,0x00000000e8d80000,0x00000000e8d80000)
  from space 19968K, 94% used [0x00000000e8d80000,0x00000000e9ffa658,0x00000000ea100000)
  to   space 22016K, 0% used [0x00000000eb380000,0x00000000eb380000,0x00000000ec900000)
 ParOldGen       total 129024K, used 39935K [0x00000000a0000000, 0x00000000a7e00000, 0x00000000e0000000)
  object space 129024K, 30% used [0x00000000a0000000,0x00000000a26ffcf0,0x00000000a7e00000)
 Metaspace       used 67747K, capacity 70226K, committed 70400K, reserved 1110016K
  class space    used 9390K, capacity 9900K, committed 9984K, reserved 1048576K
Event: 34.143 GC heap after
Heap after GC invocations=21 (full 3):
 PSYoungGen      total 180736K, used 21521K [0x00000000e0000000, 0x00000000ecf00000, 0x0000000100000000)
  eden space 158720K, 0% used [0x00000000e0000000,0x00000000e0000000,0x00000000e9b00000)
  from space 22016K, 97% used [0x00000000eb380000,0x00000000ec884620,0x00000000ec900000)
  to   space 25088K, 0% used [0x00000000e9b00000,0x00000000e9b00000,0x00000000eb380000)
 ParOldGen       total 129024K, used 39943K [0x00000000a0000000, 0x00000000a7e00000, 0x00000000e0000000)
  object space 129024K, 30% used [0x00000000a0000000,0x00000000a2701cf0,0x00000000a7e00000)
 Metaspace       used 67747K, capacity 70226K, committed 70400K, reserved 1110016K
  class space    used 9390K, capacity 9900K, committed 9984K, reserved 1048576K
}

Deoptimization events (10 events):
Event: 30.030 Thread 0x000000001cbca000 Uncommon trap: reason=bimorphic action=maybe_recompile pc=0x000000000460795c method=com.android.tools.r8.ir.code.ValueType.a(Lcom/android/tools/r8/ir/analysis/type/TypeLatticeElement;)Lcom/android/tools/r8/ir/code/ValueType; @ 23
Event: 30.030 Thread 0x000000001cbca000 Uncommon trap: reason=bimorphic action=maybe_recompile pc=0x00000000046c9640 method=com.android.tools.r8.ir.code.ValueType.a(Lcom/android/tools/r8/ir/analysis/type/TypeLatticeElement;)Lcom/android/tools/r8/ir/code/ValueType; @ 23
Event: 30.637 Thread 0x000000001cbca000 Uncommon trap: reason=unstable_if action=reinterpret pc=0x0000000004b28e28 method=java.util.LinkedList.remove(Ljava/lang/Object;)Z @ 45
Event: 31.126 Thread 0x000000001cbca000 Uncommon trap: reason=class_check action=maybe_recompile pc=0x0000000004b52f90 method=com.android.tools.r8.ir.analysis.g.e.b(Lcom/android/tools/r8/ir/code/Instruction;)V @ 139
Event: 31.126 Thread 0x000000001cbca000 Uncommon trap: reason=class_check action=maybe_recompile pc=0x0000000004b52f90 method=com.android.tools.r8.ir.analysis.g.e.b(Lcom/android/tools/r8/ir/code/Instruction;)V @ 139
Event: 32.217 Thread 0x000000001cbca000 Uncommon trap: reason=class_check action=maybe_recompile pc=0x0000000004b63b38 method=com.android.tools.r8.ir.analysis.g.e.b(Lcom/android/tools/r8/ir/code/Instruction;)V @ 233
Event: 32.217 Thread 0x000000001cbca000 Uncommon trap: reason=class_check action=maybe_recompile pc=0x0000000004b63b38 method=com.android.tools.r8.ir.analysis.g.e.b(Lcom/android/tools/r8/ir/code/Instruction;)V @ 233
Event: 32.820 Thread 0x000000001cbca000 Uncommon trap: reason=unstable_if action=reinterpret pc=0x0000000004aa5f14 method=com.android.tools.r8.ir.code.Value.q()Lcom/android/tools/r8/ir/code/Value; @ 4
Event: 33.080 Thread 0x000000001cbca000 Uncommon trap: reason=unstable_if action=reinterpret pc=0x0000000004b482d8 method=com.android.tools.r8.ir.conversion.V.b(Lcom/android/tools/r8/t/a/a/B;)Z @ 11
Event: 33.673 Thread 0x000000001cbca000 Uncommon trap: reason=unstable_if action=reinterpret pc=0x0000000004ba96e4 method=com.android.tools.r8.ir.conversion.N.traceInstruction(ILcom/android/tools/r8/ir/conversion/IRBuilder;)I @ 193

Internal exceptions (10 events):
Event: 20.433 Thread 0x0000000019fb5800 Exception <a 'java/lang/ClassNotFoundException': com/sun/org/glassfish/hk2/osgiresourcelocator/ServiceLoader> (0x00000000e17deb18) thrown at [C:\re\workspace\8-2-build-windows-amd64-cygwin\jdk8u131\8869\hotspot\src\share\vm\classfile\systemDictionary.cpp,
Event: 20.516 Thread 0x0000000019fb5800 Exception <a 'java/lang/NullPointerException'> (0x00000000e1ca5730) thrown at [C:\re\workspace\8-2-build-windows-amd64-cygwin\jdk8u131\8869\hotspot\src\share\vm\interpreter\linkResolver.cpp, line 1299]
Event: 23.648 Thread 0x000000001cbc7000 Exception <a 'java/lang/NoSuchMethodError': <clinit>> (0x00000000e563cdb0) thrown at [C:\re\workspace\8-2-build-windows-amd64-cygwin\jdk8u131\8869\hotspot\src\share\vm\prims\jni.cpp, line 1613]
Event: 24.402 Thread 0x000000001cbca000 Exception <a 'java/lang/NoSuchMethodError': java.lang.Object.lambda$static$0(Ljava/lang/String;)Z> (0x00000000e17a4910) thrown at [C:\re\workspace\8-2-build-windows-amd64-cygwin\jdk8u131\8869\hotspot\src\share\vm\interpreter\linkResolver.cpp, line 582]
Event: 24.404 Thread 0x000000001cbca000 Exception <a 'java/lang/NoSuchMethodError': java.lang.Object.lambda$and$0(Ljava/util/function/Predicate;Ljava/lang/Object;)Z> (0x00000000e17aaa80) thrown at [C:\re\workspace\8-2-build-windows-amd64-cygwin\jdk8u131\8869\hotspot\src\share\vm\interpreter\lin
Event: 24.614 Thread 0x000000001cbca000 Exception <a 'sun/nio/fs/WindowsException'> (0x00000000e23d1e90) thrown at [C:\re\workspace\8-2-build-windows-amd64-cygwin\jdk8u131\8869\hotspot\src\share\vm\prims\jni.cpp, line 709]
Event: 24.728 Thread 0x000000001cbca000 Exception <a 'java/lang/NoSuchMethodError': java.lang.Object.lambda$identity$2(Ljava/lang/Object;)Ljava/lang/Object;> (0x00000000e2644600) thrown at [C:\re\workspace\8-2-build-windows-amd64-cygwin\jdk8u131\8869\hotspot\src\share\vm\interpreter\linkResolve
Event: 25.311 Thread 0x000000001cbca000 Implicit null exception at 0x0000000004325156 to 0x00000000043261a1
Event: 25.366 Thread 0x000000001cbca000 Exception <a 'java/lang/NoSuchMethodError': java.lang.Object.lambda$maxBy$1(Ljava/util/Comparator;Ljava/lang/Object;Ljava/lang/Object;)Ljava/lang/Object;> (0x00000000e4277810) thrown at [C:\re\workspace\8-2-build-windows-amd64-cygwin\jdk8u131\8869\hotspot
Event: 25.820 Thread 0x000000001cbca000 Implicit null exception at 0x00000000031571ef to 0x000000000315728d

Events (10 events):
Event: 35.746 Thread 0x000000001cbca000 DEOPT PACKING pc=0x00000000047912bd sp=0x00000000250ea7b0
Event: 35.746 Thread 0x000000001cbca000 DEOPT UNPACKING pc=0x0000000002fc787f sp=0x00000000250ea7c8 mode 0
Event: 35.830 Thread 0x000000001cbca000 DEOPT PACKING pc=0x00000000046c2048 sp=0x00000000250ea920
Event: 35.830 Thread 0x000000001cbca000 DEOPT UNPACKING pc=0x0000000002fc787f sp=0x00000000250ea7d8 mode 0
Event: 35.929 Thread 0x000000001cbca000 DEOPT PACKING pc=0x00000000044f4fa7 sp=0x00000000250ead70
Event: 35.929 Thread 0x000000001cbca000 DEOPT UNPACKING pc=0x0000000002fc787f sp=0x00000000250eaa90 mode 0
Event: 36.004 Thread 0x000000001cbca000 DEOPT PACKING pc=0x00000000046c217d sp=0x00000000250ea920
Event: 36.004 Thread 0x000000001cbca000 DEOPT UNPACKING pc=0x0000000002fc787f sp=0x00000000250ea7e0 mode 0
Event: 36.048 Thread 0x000000001cbca000 DEOPT PACKING pc=0x0000000004317dec sp=0x00000000250eabc0
Event: 36.048 Thread 0x000000001cbca000 DEOPT UNPACKING pc=0x0000000002fc787f sp=0x00000000250ea978 mode 0


Dynamic libraries:
0x00007ff7a9980000 - 0x00007ff7a99b7000 	D:\Program Files\Java\jdk1.8.0_131\bin\java.exe
0x00007ffe0aa20000 - 0x00007ffe0ac10000 	C:\WINDOWS\SYSTEM32\ntdll.dll
0x00007ffe09b60000 - 0x00007ffe09c12000 	C:\WINDOWS\System32\KERNEL32.DLL
0x00007ffe08690000 - 0x00007ffe08933000 	C:\WINDOWS\System32\KERNELBASE.dll
0x00007ffe0a930000 - 0x00007ffe0a9d3000 	C:\WINDOWS\System32\ADVAPI32.dll
0x00007ffe096a0000 - 0x00007ffe0973e000 	C:\WINDOWS\System32\msvcrt.dll
0x00007ffe0a420000 - 0x00007ffe0a4b7000 	C:\WINDOWS\System32\sechost.dll
0x00007ffe09a20000 - 0x00007ffe09b40000 	C:\WINDOWS\System32\RPCRT4.dll
0x00007ffe09880000 - 0x00007ffe09a14000 	C:\WINDOWS\System32\USER32.dll
0x00007ffe08340000 - 0x00007ffe08361000 	C:\WINDOWS\System32\win32u.dll
0x00007ffe09d00000 - 0x00007ffe09d26000 	C:\WINDOWS\System32\GDI32.dll
0x00007ffe08470000 - 0x00007ffe08604000 	C:\WINDOWS\System32\gdi32full.dll
0x00007ffe08150000 - 0x00007ffe081ee000 	C:\WINDOWS\System32\msvcp_win.dll
0x00007ffe08370000 - 0x00007ffe0846a000 	C:\WINDOWS\System32\ucrtbase.dll
0x00007ffdf2990000 - 0x00007ffdf2c15000 	C:\WINDOWS\WinSxS\amd64_microsoft.windows.common-controls_6595b64144ccf1df_6.0.18362.657_none_e6c5b579130e3898\COMCTL32.dll
0x00007ffe0a4c0000 - 0x00007ffe0a7f6000 	C:\WINDOWS\System32\combase.dll
0x00007ffe08610000 - 0x00007ffe08690000 	C:\WINDOWS\System32\bcryptPrimitives.dll
0x00007ffe08f40000 - 0x00007ffe08f6e000 	C:\WINDOWS\System32\IMM32.DLL
0x0000000064600000 - 0x00000000646d2000 	D:\Program Files\Java\jdk1.8.0_131\jre\bin\msvcr100.dll
0x0000000063d60000 - 0x00000000645fc000 	D:\Program Files\Java\jdk1.8.0_131\jre\bin\server\jvm.dll
0x00007ffe09b50000 - 0x00007ffe09b58000 	C:\WINDOWS\System32\PSAPI.DLL
0x00007ffdebcf0000 - 0x00007ffdebcf9000 	C:\WINDOWS\SYSTEM32\WSOCK32.dll
0x00007ffe00eb0000 - 0x00007ffe00ed4000 	C:\WINDOWS\SYSTEM32\WINMM.dll
0x00007ffdf80d0000 - 0x00007ffdf80da000 	C:\WINDOWS\SYSTEM32\VERSION.dll
0x00007ffe09630000 - 0x00007ffe0969f000 	C:\WINDOWS\System32\WS2_32.dll
0x00007ffe00e80000 - 0x00007ffe00ead000 	C:\WINDOWS\SYSTEM32\WINMMBASE.dll
0x00007ffe08a50000 - 0x00007ffe08a9a000 	C:\WINDOWS\System32\cfgmgr32.dll
0x0000000065670000 - 0x000000006567f000 	D:\Program Files\Java\jdk1.8.0_131\jre\bin\verify.dll
0x0000000064f60000 - 0x0000000064f89000 	D:\Program Files\Java\jdk1.8.0_131\jre\bin\java.dll
0x0000000063d40000 - 0x0000000063d56000 	D:\Program Files\Java\jdk1.8.0_131\jre\bin\zip.dll
0x00007ffe09d30000 - 0x00007ffe0a415000 	C:\WINDOWS\System32\SHELL32.dll
0x00007ffe09520000 - 0x00007ffe095c9000 	C:\WINDOWS\System32\shcore.dll
0x00007ffe079d0000 - 0x00007ffe0814f000 	C:\WINDOWS\System32\windows.storage.dll
0x00007ffe07970000 - 0x00007ffe0798f000 	C:\WINDOWS\System32\profapi.dll
0x00007ffe07920000 - 0x00007ffe0796a000 	C:\WINDOWS\System32\powrprof.dll
0x00007ffe078f0000 - 0x00007ffe07900000 	C:\WINDOWS\System32\UMPDC.dll
0x00007ffe0a800000 - 0x00007ffe0a852000 	C:\WINDOWS\System32\shlwapi.dll
0x00007ffe07990000 - 0x00007ffe079a1000 	C:\WINDOWS\System32\kernel.appcore.dll
0x00007ffe079b0000 - 0x00007ffe079c7000 	C:\WINDOWS\System32\cryptsp.dll
0x0000000063d20000 - 0x0000000063d3a000 	D:\Program Files\Java\jdk1.8.0_131\jre\bin\net.dll
0x00007ffe07160000 - 0x00007ffe071c7000 	C:\WINDOWS\system32\mswsock.dll
0x0000000063d00000 - 0x0000000063d11000 	D:\Program Files\Java\jdk1.8.0_131\jre\bin\nio.dll
0x00007ffdda770000 - 0x00007ffdda796000 	C:\Users\18432\.gradle\native\29\windows-amd64\native-platform.dll
0x0000000064f50000 - 0x0000000064f5d000 	D:\Program Files\Java\jdk1.8.0_131\jre\bin\management.dll
0x00007ffe06cd0000 - 0x00007ffe06d03000 	C:\WINDOWS\system32\rsaenh.dll
0x00007ffe08aa0000 - 0x00007ffe08ac6000 	C:\WINDOWS\System32\bcrypt.dll
0x00007ffe07810000 - 0x00007ffe07835000 	C:\WINDOWS\SYSTEM32\USERENV.dll
0x00007ffe07330000 - 0x00007ffe0733c000 	C:\WINDOWS\SYSTEM32\CRYPTBASE.dll
0x00007ffe06e70000 - 0x00007ffe06eaa000 	C:\WINDOWS\SYSTEM32\IPHLPAPI.DLL
0x00007ffe09cf0000 - 0x00007ffe09cf8000 	C:\WINDOWS\System32\NSI.dll
0x00007ffdf80e0000 - 0x00007ffdf80f6000 	C:\WINDOWS\SYSTEM32\dhcpcsvc6.DLL
0x00007ffdf8380000 - 0x00007ffdf839c000 	C:\WINDOWS\SYSTEM32\dhcpcsvc.DLL
0x00007ffe06eb0000 - 0x00007ffe06f7a000 	C:\WINDOWS\SYSTEM32\DNSAPI.dll

VM Arguments:
jvm_args: -Xmx1536m -Dfile.encoding=GBK -Duser.country=CN -Duser.language=zh -Duser.variant 
java_command: org.gradle.launcher.daemon.bootstrap.GradleDaemon 5.4.1
java_class_path (initial): C:\Users\18432\.gradle\wrapper\dists\gradle-5.4.1-all\3221gyojl5jsh0helicew7rwx\gradle-5.4.1\lib\gradle-launcher-5.4.1.jar
Launcher Type: SUN_STANDARD

Environment Variables:
JAVA_HOME=D:\Program Files\Java\jdk1.8.0_131
CLASSPATH=.;D:\Program Files\Java\jdk1.8.0_131\lib\dt.jar;D:\Program Files\Java\jdk1.8.0_131\lib\tools.jar
PATH=C:\ProgramData\Oracle\Java\javapath;D:\app\client\18432\product\12.1.0\client_1;D:\app\client\18432\product\12.1.0\client_1\bin;F:\app\18432\product\11.2.0\dbhome_1\bin;C:\Program Files (x86)\Intel\iCLS Client\;C:\Program Files\Intel\iCLS Client\;C:\windows\system32;C:\windows;C:\windows\System32\Wbem;C:\windows\System32\WindowsPowerShell\v1.0\;C:\Program Files (x86)\NVIDIA Corporation\PhysX\Common;C:\Program Files (x86)\Intel\Intel(R) Management Engine Components\DAL;C:\Program Files\Intel\Intel(R) Management Engine Components\DAL;C:\Program Files (x86)\Intel\Intel(R) Management Engine Components\IPT;C:\Program Files\Intel\Intel(R) Management Engine Components\IPT;C:\WINDOWS\system32;C:\WINDOWS;C:\WINDOWS\System32\Wbem;C:\WINDOWS\System32\WindowsPowerShell\v1.0\;C:\Program Files (x86)\Windows Kits\8.1\Windows Performance Toolkit\;C:\Program Files\Microsoft SQL Server\110\Tools\Binn\;C:\Program Files (x86)\Microsoft SQL Server\100\Tools\Binn\;C:\Program Files\Microsoft SQL Server\100\Tools\Binn\;C:\Program Files\Microsoft SQL Server\100\DTS\Binn\;C:\Program Files (x86)\Microsoft SQL Server\100\Tools\Binn\VSShell\Common7\IDE\;C:\Program Files (x86)\Microsoft Visual Studio 9.0\Common7\IDE\PrivateAssemblies\;C:\Program Files (x86)\Microsoft SQL Server\100\DTS\Binn\;C:\Program Files\VisualSVN Server\bin;C:\Program Files\TortoiseSVN\bin;C:\Program Files\Intel\WiFi\bin\;C:\Program Files\Common Files\Intel\WirelessCommon\;C:\WINDOWS\System32\OpenSSH\;D:\Program Files\Java\jdk1.8.0_131\bin;D:\Program Files\Java\jdk1.8.0_131\jre\bin;D:\Python\Scripts\;D:\Python\;C:\Users\18432\AppData\Local\Microsoft\WindowsApps;
USERNAME=18432
OS=Windows_NT
PROCESSOR_IDENTIFIER=Intel64 Family 6 Model 142 Stepping 10, GenuineIntel



---------------  S Y S T E M  ---------------

OS: Windows 10.0 , 64 bit Build 18362 (10.0.18362.329)

CPU:total 8 (initial active 8) (4 cores per cpu, 2 threads per core) family 6 model 142 stepping 10, cmov, cx8, fxsr, mmx, sse, sse2, sse3, ssse3, sse4.1, sse4.2, popcnt, avx, avx2, aes, clmul, erms, 3dnowpref, lzcnt, ht, tsc, tscinvbit, bmi1, bmi2, adx

Memory: 4k page, physical 8281304k(513040k free), swap 12475608k(12032k free)

vm_info: Java HotSpot(TM) 64-Bit Server VM (25.131-b11) for windows-amd64 JRE (1.8.0_131-b11), built on Mar 15 2017 01:23:53 by "java_re" with MS VC++ 10.0 (VS2010)

time: Tue Mar 24 19:38:50 2020
elapsed time: 36 seconds (0d 0h 0m 36s)

