#
# There is insufficient memory for the Java Runtime Environment to continue.
# Native memory allocation (malloc) failed to allocate 1298256 bytes for Chunk::new
# Possible reasons:
#   The system is out of physical RAM or swap space
#   In 32 bit mode, the process size limit was hit
# Possible solutions:
#   Reduce memory load on the system
#   Increase physical memory or swap space
#   Check if swap backing store is full
#   Use 64 bit Java on a 64 bit OS
#   Decrease Java heap size (-Xmx/-Xms)
#   Decrease number of Java threads
#   Decrease Java thread stack sizes (-Xss)
#   Set larger code cache with -XX:ReservedCodeCacheSize=
# This output file may be truncated or incomplete.
#
#  Out of Memory Error (allocation.cpp:390), pid=22136, tid=0x0000000000007d2c
#
# JRE version: Java(TM) SE Runtime Environment (8.0_131-b11) (build 1.8.0_131-b11)
# Java VM: Java HotSpot(TM) 64-Bit Server VM (25.131-b11 mixed mode windows-amd64 compressed oops)
# Failed to write core dump. Minidumps are not enabled by default on client versions of Windows
#

---------------  T H R E A D  ---------------

Current thread (0x0000000018f71800):  JavaThread "C2 CompilerThread0" daemon [_thread_in_native, id=32044, stack(0x00000000195e0000,0x00000000196e0000)]

Stack: [0x00000000195e0000,0x00000000196e0000]
[error occurred during error reporting (printing stack bounds), id 0xc0000005]

Native frames: (J=compiled Java code, j=interpreted, Vv=VM code, C=native code)


Current CompileTask:
C2:5115935 15735       4       com.android.tools.r8.ir.regalloc.LinearScanRegisterAllocator::a (261 bytes)


---------------  P R O C E S S  ---------------

Java Threads: ( => current thread )
  0x000000001f8b4800 JavaThread "stdout" [_thread_in_native, id=18868, stack(0x0000000027e30000,0x0000000027f30000)]
  0x000000001f8b9800 JavaThread "stderr" [_thread_in_native, id=2352, stack(0x0000000027d30000,0x0000000027e30000)]
  0x000000001f8b6800 JavaThread "stdout" [_thread_in_native, id=32704, stack(0x0000000027c30000,0x0000000027d30000)]
  0x000000001f8b8000 JavaThread "stderr" [_thread_in_native, id=24756, stack(0x00000000279d0000,0x0000000027ad0000)]
  0x0000000020a01800 JavaThread "stdout" [_thread_in_native, id=20932, stack(0x0000000027b30000,0x0000000027c30000)]
  0x0000000020a00800 JavaThread "stderr" [_thread_in_native, id=12516, stack(0x0000000027780000,0x0000000027880000)]
  0x0000000020a00000 JavaThread "stdout" [_thread_in_native, id=13664, stack(0x00000000278d0000,0x00000000279d0000)]
  0x0000000020a03000 JavaThread "stderr" [_thread_in_native, id=5556, stack(0x0000000027460000,0x0000000027560000)]
  0x00000000209ff000 JavaThread "stdout" [_thread_in_native, id=15088, stack(0x0000000027680000,0x0000000027780000)]
  0x0000000020a05000 JavaThread "stderr" [_thread_in_native, id=11880, stack(0x0000000027580000,0x0000000027680000)]
  0x0000000020a03800 JavaThread "stdout" [_thread_in_native, id=20740, stack(0x0000000027360000,0x0000000027460000)]
  0x0000000020a04800 JavaThread "stderr" [_thread_in_native, id=5740, stack(0x0000000027260000,0x0000000027360000)]
  0x0000000020a02000 JavaThread "stdout" [_thread_in_native, id=12548, stack(0x0000000027160000,0x0000000027260000)]
  0x00000000209f7800 JavaThread "stderr" [_thread_in_native, id=10788, stack(0x0000000027060000,0x0000000027160000)]
  0x00000000209fe800 JavaThread "stdout" [_thread_in_native, id=18872, stack(0x0000000026f60000,0x0000000027060000)]
  0x00000000209fd800 JavaThread "stderr" [_thread_in_native, id=29976, stack(0x0000000026e60000,0x0000000026f60000)]
  0x00000000209fa800 JavaThread "WorkerExecutor Queue Thread 8" [_thread_blocked, id=12756, stack(0x0000000026d60000,0x0000000026e60000)]
  0x00000000209f6000 JavaThread "WorkerExecutor Queue Thread 7" [_thread_blocked, id=12840, stack(0x0000000026c60000,0x0000000026d60000)]
  0x00000000209fa000 JavaThread "WorkerExecutor Queue Thread 6" [_thread_blocked, id=24372, stack(0x0000000026b60000,0x0000000026c60000)]
  0x00000000209fd000 JavaThread "WorkerExecutor Queue Thread 5" [_thread_blocked, id=17356, stack(0x0000000026a60000,0x0000000026b60000)]
  0x00000000209f9000 JavaThread "pool-12-thread-1" [_thread_blocked, id=30548, stack(0x00000000266a0000,0x00000000267a0000)]
  0x00000000209fc000 JavaThread "WorkerExecutor Queue Thread 4" [_thread_blocked, id=25480, stack(0x00000000265a0000,0x00000000266a0000)]
  0x00000000209fb800 JavaThread "WorkerExecutor Queue Thread 3" [_thread_blocked, id=20944, stack(0x0000000026960000,0x0000000026a60000)]
  0x00000000209f8800 JavaThread "WorkerExecutor Queue Thread 2" [_thread_blocked, id=14644, stack(0x0000000026860000,0x0000000026960000)]
  0x000000001a116000 JavaThread "WorkerExecutor Queue" [_thread_blocked, id=1872, stack(0x00000000262a0000,0x00000000263a0000)]
  0x000000001c886000 JavaThread "Cache worker for execution history cache (D:\WYweixin\.gradle\5.4.1\executionHistory)" [_thread_blocked, id=29352, stack(0x00000000261a0000,0x00000000262a0000)]
  0x000000001c885800 JavaThread "Execution worker for ':' Thread 7" [_thread_blocked, id=28644, stack(0x00000000260a0000,0x00000000261a0000)]
  0x000000001c87e000 JavaThread "Execution worker for ':' Thread 6" [_thread_in_Java, id=17288, stack(0x0000000025fa0000,0x00000000260a0000)]
  0x000000001c881000 JavaThread "Execution worker for ':' Thread 5" [_thread_blocked, id=1488, stack(0x0000000025ea0000,0x0000000025fa0000)]
  0x000000001c884000 JavaThread "Execution worker for ':' Thread 4" [_thread_in_native, id=15384, stack(0x0000000025ca0000,0x0000000025da0000)]
  0x000000001c87a000 JavaThread "Execution worker for ':' Thread 3" [_thread_blocked, id=6004, stack(0x0000000025ba0000,0x0000000025ca0000)]
  0x000000001c87c800 JavaThread "Execution worker for ':' Thread 2" [_thread_blocked, id=5640, stack(0x0000000025aa0000,0x0000000025ba0000)]
  0x000000001c880000 JavaThread "Execution worker for ':'" [_thread_blocked, id=10640, stack(0x00000000257a0000,0x00000000258a0000)]
  0x000000001c879800 JavaThread "Cache worker for file content cache (D:\WYweixin\.gradle\5.4.1\fileContent)" [_thread_blocked, id=29900, stack(0x00000000256a0000,0x00000000257a0000)]
  0x000000001c87b800 JavaThread "Cache worker for file content cache (C:\Users\18432\.gradle\caches\5.4.1\fileContent)" [_thread_blocked, id=32372, stack(0x00000000255a0000,0x00000000256a0000)]
  0x000000001c878800 JavaThread "Cache worker for Build Output Cleanup Cache (D:\WYweixin\.gradle\buildOutputCleanup)" [_thread_blocked, id=26292, stack(0x00000000254a0000,0x00000000255a0000)]
  0x000000001c87f800 JavaThread "Build operations Thread 8" [_thread_blocked, id=32180, stack(0x00000000253a0000,0x00000000254a0000)]
  0x0000000021c47800 JavaThread "Build operations Thread 7" [_thread_blocked, id=22068, stack(0x0000000024610000,0x0000000024710000)]
  0x0000000021c46800 JavaThread "Build operations Thread 6" [_thread_blocked, id=21424, stack(0x0000000023a10000,0x0000000023b10000)]
  0x0000000021c45000 JavaThread "Build operations Thread 5" [_thread_blocked, id=29824, stack(0x0000000023060000,0x0000000023160000)]
  0x0000000021c44800 JavaThread "Build operations Thread 4" [_thread_blocked, id=8964, stack(0x0000000022f60000,0x0000000023060000)]
  0x0000000021c46000 JavaThread "Build operations Thread 3" [_thread_blocked, id=27964, stack(0x0000000022e60000,0x0000000022f60000)]
  0x0000000021c43800 JavaThread "Build operations Thread 2" [_thread_blocked, id=8436, stack(0x0000000022d60000,0x0000000022e60000)]
  0x0000000021c43000 JavaThread "Build operations" [_thread_blocked, id=20572, stack(0x0000000022c60000,0x0000000022d60000)]
  0x0000000021c41800 JavaThread "Cache worker for cache directory md-rule (C:\Users\18432\.gradle\caches\5.4.1\md-rule)" [_thread_blocked, id=11004, stack(0x0000000022b60000,0x0000000022c60000)]
  0x0000000021c3a800 JavaThread "Cache worker for cache directory md-supplier (C:\Users\18432\.gradle\caches\5.4.1\md-supplier)" [_thread_blocked, id=3540, stack(0x000000001f920000,0x000000001fa20000)]
  0x0000000021c40800 JavaThread "Cache worker for file hash cache (D:\WYweixin\.gradle\5.4.1\fileHashes)" [_thread_blocked, id=19020, stack(0x000000001beb0000,0x000000001bfb0000)]
  0x0000000021c3f000 JavaThread "Thread-144" [_thread_blocked, id=10088, stack(0x000000001bdb0000,0x000000001beb0000)]
  0x0000000021c3e000 JavaThread "Stdin handler" [_thread_blocked, id=16504, stack(0x000000001bcb0000,0x000000001bdb0000)]
  0x0000000021c3d800 JavaThread "Asynchronous log dispatcher for DefaultDaemonConnection: socket connection from /127.0.0.1:1510 to /127.0.0.1:2099" [_thread_blocked, id=16900, stack(0x000000001b9b0000,0x000000001bab0000)]
  0x0000000021c39000 JavaThread "Daemon worker Thread 6" [_thread_blocked, id=20128, stack(0x000000001b8b0000,0x000000001b9b0000)]
  0x0000000021c39800 JavaThread "Cancel handler" [_thread_blocked, id=25368, stack(0x0000000001250000,0x0000000001350000)]
  0x0000000021c3c800 JavaThread "Handler for socket connection from /127.0.0.1:1510 to /127.0.0.1:2099" [_thread_in_native, id=22336, stack(0x0000000001150000,0x0000000001250000)]
  0x0000000021c3b000 JavaThread "Daemon Thread 6" [_thread_blocked, id=11792, stack(0x0000000001050000,0x0000000001150000)]
  0x000000001c887000 JavaThread "Memory manager" [_thread_blocked, id=23924, stack(0x0000000024510000,0x0000000024610000)]
  0x000000001a115000 JavaThread "Cache worker for execution history cache (C:\Users\18432\.gradle\caches\5.4.1\executionHistory)" [_thread_blocked, id=22692, stack(0x0000000021490000,0x0000000021590000)]
  0x000000001a114800 JavaThread "Cache worker for journal cache (C:\Users\18432\.gradle\caches\journal-1)" [_thread_blocked, id=21224, stack(0x000000001c4b0000,0x000000001c5b0000)]
  0x000000001a118000 JavaThread "File lock request listener" [_thread_in_native, id=20728, stack(0x000000001c3b0000,0x000000001c4b0000)]
  0x000000001a119800 JavaThread "Cache worker for file hash cache (C:\Users\18432\.gradle\caches\5.4.1\fileHashes)" [_thread_blocked, id=17172, stack(0x000000001c2b0000,0x000000001c3b0000)]
  0x000000001aed3800 JavaThread "Daemon periodic checks" [_thread_blocked, id=18824, stack(0x000000001b7b0000,0x000000001b8b0000)]
  0x000000001aa33800 JavaThread "Incoming local TCP Connector on port 1510" [_thread_in_native, id=22280, stack(0x000000001b6b0000,0x000000001b7b0000)]
  0x000000001ae7c000 JavaThread "Daemon health stats" [_thread_blocked, id=14404, stack(0x000000001b3b0000,0x000000001b4b0000)]
  0x0000000018f8f000 JavaThread "Service Thread" daemon [_thread_blocked, id=13592, stack(0x00000000199e0000,0x0000000019ae0000)]
  0x0000000018f81800 JavaThread "C1 CompilerThread3" daemon [_thread_blocked, id=3632, stack(0x00000000198e0000,0x00000000199e0000)]
  0x0000000018f78800 JavaThread "C2 CompilerThread2" daemon [_thread_in_native, id=24240, stack(0x00000000197e0000,0x00000000198e0000)]
  0x0000000018f74800 JavaThread "C2 CompilerThread1" daemon [_thread_in_native, id=7400, stack(0x00000000196e0000,0x00000000197e0000)]
=>0x0000000018f71800 JavaThread "C2 CompilerThread0" daemon [_thread_in_native, id=32044, stack(0x00000000195e0000,0x00000000196e0000)]
  0x0000000018f6c000 JavaThread "Attach Listener" daemon [_thread_blocked, id=10080, stack(0x00000000194e0000,0x00000000195e0000)]
  0x0000000018f19800 JavaThread "Signal Dispatcher" daemon [_thread_blocked, id=29968, stack(0x00000000193e0000,0x00000000194e0000)]
  0x0000000003229000 JavaThread "Finalizer" daemon [_thread_blocked, id=28608, stack(0x00000000192e0000,0x00000000193e0000)]
  0x0000000016fed800 JavaThread "Reference Handler" daemon [_thread_blocked, id=29192, stack(0x0000000018de0000,0x0000000018ee0000)]
  0x00000000013ee000 JavaThread "main" [_thread_blocked, id=29300, stack(0x0000000002c30000,0x0000000002d30000)]

Other Threads:
  0x0000000016fe8800 VMThread [stack: 0x0000000018ce0000,0x0000000018de0000] [id=26220]
  0x0000000018f93000 WatcherThread [stack: 0x0000000019ae0000,0x0000000019be0000] [id=16108]

VM state:not at safepoint (normal execution)

VM Mutex/Monitor currently owned by a thread: None

Heap:
 PSYoungGen      total 157184K, used 95967K [0x00000000e0000000, 0x00000000eb500000, 0x0000000100000000)
  eden space 137216K, 55% used [0x00000000e0000000,0x00000000e4a3cdc8,0x00000000e8600000)
  from space 19968K, 99% used [0x00000000e8a00000,0x00000000e9d7afb8,0x00000000e9d80000)
  to   space 24064K, 0% used [0x00000000e9d80000,0x00000000e9d80000,0x00000000eb500000)
 ParOldGen       total 123904K, used 47188K [0x00000000a0000000, 0x00000000a7900000, 0x00000000e0000000)
  object space 123904K, 38% used [0x00000000a0000000,0x00000000a2e15060,0x00000000a7900000)
 Metaspace       used 82674K, capacity 88048K, committed 88192K, reserved 1126400K
  class space    used 11161K, capacity 12036K, committed 12160K, reserved 1048576K

Card table byte_map: [0x00000000125f0000,0x0000000012900000] byte_map_base: 0x00000000120f0000

Marking Bits: (ParMarkBitMap*) 0x000000007648c720
 Begin Bits: [0x0000000013300000, 0x0000000014b00000)
 End Bits:   [0x0000000014b00000, 0x0000000016300000)

Polling page: 0x0000000000f30000

CodeCache: size=245760Kb used=46957Kb max_used=46957Kb free=198802Kb
 bounds [0x0000000003230000, 0x0000000006050000, 0x0000000012230000]
 total_blobs=14501 nmethods=13673 adapters=737
 compilation: enabled

Compilation events (10 events):
Event: 5115.928 Thread 0x0000000018f81800 15980       2       com.android.tools.r8.n.a.a.a.h.W::put (306 bytes)
Event: 5115.930 Thread 0x0000000018f81800 nmethod 15980 0x000000000603cd50 code [0x000000000603cf40, 0x000000000603d678]
Event: 5115.930 Thread 0x0000000018f81800 15981       2       java.util.stream.ReferencePipeline::forEach (11 bytes)
Event: 5115.930 Thread 0x0000000018f81800 nmethod 15981 0x000000000603dc90 code [0x000000000603de00, 0x000000000603e098]
Event: 5115.930 Thread 0x0000000018f81800 15982       2       java.util.stream.ForEachOps$ForEachOp$OfRef::<init> (11 bytes)
Event: 5115.931 Thread 0x0000000018f81800 nmethod 15982 0x000000000603e210 code [0x000000000603e360, 0x000000000603e4d0]
Event: 5115.931 Thread 0x0000000018f81800 15983       2       java.util.stream.ForEachOps$ForEachOp::<init> (10 bytes)
Event: 5115.931 Thread 0x0000000018f81800 nmethod 15983 0x000000000603e550 code [0x000000000603e6a0, 0x000000000603e7f0]
Event: 5115.931 Thread 0x0000000018f81800 15984       2       java.util.stream.ForEachOps$ForEachOp$OfRef::evaluateSequential (7 bytes)
Event: 5115.932 Thread 0x0000000018f81800 nmethod 15984 0x000000000603e890 code [0x000000000603ea00, 0x000000000603ebc8]

GC Heap History (10 events):
Event: 1734.210 GC heap before
{Heap before GC invocations=20 (full 3):
 PSYoungGen      total 175616K, used 175608K [0x00000000e0000000, 0x00000000ec000000, 0x0000000100000000)
  eden space 159744K, 100% used [0x00000000e0000000,0x00000000e9c00000,0x00000000e9c00000)
  from space 15872K, 99% used [0x00000000eb080000,0x00000000ebffe370,0x00000000ec000000)
  to   space 18432K, 0% used [0x00000000e9c00000,0x00000000e9c00000,0x00000000eae00000)
 ParOldGen       total 123904K, used 31843K [0x00000000a0000000, 0x00000000a7900000, 0x00000000e0000000)
  object space 123904K, 25% used [0x00000000a0000000,0x00000000a1f18c78,0x00000000a7900000)
 Metaspace       used 70887K, capacity 74224K, committed 74496K, reserved 1114112K
  class space    used 9580K, capacity 10186K, committed 10240K, reserved 1048576K
Event: 1734.228 GC heap after
Heap after GC invocations=20 (full 3):
 PSYoungGen      total 160256K, used 5568K [0x00000000e0000000, 0x00000000eba00000, 0x0000000100000000)
  eden space 154624K, 0% used [0x00000000e0000000,0x00000000e0000000,0x00000000e9700000)
  from space 5632K, 98% used [0x00000000e9c00000,0x00000000ea170000,0x00000000ea180000)
  to   space 17920K, 0% used [0x00000000ea880000,0x00000000ea880000,0x00000000eba00000)
 ParOldGen       total 123904K, used 41584K [0x00000000a0000000, 0x00000000a7900000, 0x00000000e0000000)
  object space 123904K, 33% used [0x00000000a0000000,0x00000000a289c2e8,0x00000000a7900000)
 Metaspace       used 70887K, capacity 74224K, committed 74496K, reserved 1114112K
  class space    used 9580K, capacity 10186K, committed 10240K, reserved 1048576K
}
Event: 4672.904 GC heap before
{Heap before GC invocations=21 (full 3):
 PSYoungGen      total 160256K, used 160192K [0x00000000e0000000, 0x00000000eba00000, 0x0000000100000000)
  eden space 154624K, 100% used [0x00000000e0000000,0x00000000e9700000,0x00000000e9700000)
  from space 5632K, 98% used [0x00000000e9c00000,0x00000000ea170000,0x00000000ea180000)
  to   space 17920K, 0% used [0x00000000ea880000,0x00000000ea880000,0x00000000eba00000)
 ParOldGen       total 123904K, used 41584K [0x00000000a0000000, 0x00000000a7900000, 0x00000000e0000000)
  object space 123904K, 33% used [0x00000000a0000000,0x00000000a289c2e8,0x00000000a7900000)
 Metaspace       used 71431K, capacity 75076K, committed 75392K, reserved 1114112K
  class space    used 9628K, capacity 10255K, committed 10368K, reserved 1048576K
Event: 4672.946 GC heap after
Heap after GC invocations=21 (full 3):
 PSYoungGen      total 162304K, used 7424K [0x00000000e0000000, 0x00000000eb480000, 0x0000000100000000)
  eden space 150016K, 0% used [0x00000000e0000000,0x00000000e0000000,0x00000000e9280000)
  from space 12288K, 60% used [0x00000000ea880000,0x00000000eafc0000,0x00000000eb480000)
  to   space 17408K, 0% used [0x00000000e9280000,0x00000000e9280000,0x00000000ea380000)
 ParOldGen       total 123904K, used 41592K [0x00000000a0000000, 0x00000000a7900000, 0x00000000e0000000)
  object space 123904K, 33% used [0x00000000a0000000,0x00000000a289e2e8,0x00000000a7900000)
 Metaspace       used 71431K, capacity 75076K, committed 75392K, reserved 1114112K
  class space    used 9628K, capacity 10255K, committed 10368K, reserved 1048576K
}
Event: 5103.881 GC heap before
{Heap before GC invocations=22 (full 3):
 PSYoungGen      total 162304K, used 157440K [0x00000000e0000000, 0x00000000eb480000, 0x0000000100000000)
  eden space 150016K, 100% used [0x00000000e0000000,0x00000000e9280000,0x00000000e9280000)
  from space 12288K, 60% used [0x00000000ea880000,0x00000000eafc0000,0x00000000eb480000)
  to   space 17408K, 0% used [0x00000000e9280000,0x00000000e9280000,0x00000000ea380000)
 ParOldGen       total 123904K, used 41592K [0x00000000a0000000, 0x00000000a7900000, 0x00000000e0000000)
  object space 123904K, 33% used [0x00000000a0000000,0x00000000a289e2e8,0x00000000a7900000)
 Metaspace       used 72476K, capacity 76664K, committed 76800K, reserved 1116160K
  class space    used 9760K, capacity 10484K, committed 10496K, reserved 1048576K
Event: 5103.912 GC heap after
Heap after GC invocations=22 (full 3):
 PSYoungGen      total 152064K, used 6393K [0x00000000e0000000, 0x00000000eaf00000, 0x0000000100000000)
  eden space 145408K, 0% used [0x00000000e0000000,0x00000000e0000000,0x00000000e8e00000)
  from space 6656K, 96% used [0x00000000e9280000,0x00000000e98be668,0x00000000e9900000)
  to   space 16896K, 0% used [0x00000000e9e80000,0x00000000e9e80000,0x00000000eaf00000)
 ParOldGen       total 123904K, used 41600K [0x00000000a0000000, 0x00000000a7900000, 0x00000000e0000000)
  object space 123904K, 33% used [0x00000000a0000000,0x00000000a28a02e8,0x00000000a7900000)
 Metaspace       used 72476K, capacity 76664K, committed 76800K, reserved 1116160K
  class space    used 9760K, capacity 10484K, committed 10496K, reserved 1048576K
}
Event: 5108.978 GC heap before
{Heap before GC invocations=23 (full 3):
 PSYoungGen      total 152064K, used 151801K [0x00000000e0000000, 0x00000000eaf00000, 0x0000000100000000)
  eden space 145408K, 100% used [0x00000000e0000000,0x00000000e8e00000,0x00000000e8e00000)
  from space 6656K, 96% used [0x00000000e9280000,0x00000000e98be668,0x00000000e9900000)
  to   space 16896K, 0% used [0x00000000e9e80000,0x00000000e9e80000,0x00000000eaf00000)
 ParOldGen       total 123904K, used 41600K [0x00000000a0000000, 0x00000000a7900000, 0x00000000e0000000)
  object space 123904K, 33% used [0x00000000a0000000,0x00000000a28a02e8,0x00000000a7900000)
 Metaspace       used 74181K, capacity 78444K, committed 78592K, reserved 1118208K
  class space    used 9927K, capacity 10648K, committed 10752K, reserved 1048576K
Event: 5109.008 GC heap after
Heap after GC invocations=23 (full 3):
 PSYoungGen      total 158208K, used 16893K [0x00000000e0000000, 0x00000000eb100000, 0x0000000100000000)
  eden space 141312K, 0% used [0x00000000e0000000,0x00000000e0000000,0x00000000e8a00000)
  from space 16896K, 99% used [0x00000000e9e80000,0x00000000eaeff5f0,0x00000000eaf00000)
  to   space 19968K, 0% used [0x00000000e8a00000,0x00000000e8a00000,0x00000000e9d80000)
 ParOldGen       total 123904K, used 43797K [0x00000000a0000000, 0x00000000a7900000, 0x00000000e0000000)
  object space 123904K, 35% used [0x00000000a0000000,0x00000000a2ac5680,0x00000000a7900000)
 Metaspace       used 74181K, capacity 78444K, committed 78592K, reserved 1118208K
  class space    used 9927K, capacity 10648K, committed 10752K, reserved 1048576K
}
Event: 5114.689 GC heap before
{Heap before GC invocations=24 (full 3):
 PSYoungGen      total 158208K, used 158205K [0x00000000e0000000, 0x00000000eb100000, 0x0000000100000000)
  eden space 141312K, 100% used [0x00000000e0000000,0x00000000e8a00000,0x00000000e8a00000)
  from space 16896K, 99% used [0x00000000e9e80000,0x00000000eaeff5f0,0x00000000eaf00000)
  to   space 19968K, 0% used [0x00000000e8a00000,0x00000000e8a00000,0x00000000e9d80000)
 ParOldGen       total 123904K, used 43797K [0x00000000a0000000, 0x00000000a7900000, 0x00000000e0000000)
  object space 123904K, 35% used [0x00000000a0000000,0x00000000a2ac5680,0x00000000a7900000)
 Metaspace       used 82242K, capacity 87542K, committed 87680K, reserved 1124352K
  class space    used 11152K, capacity 12033K, committed 12160K, reserved 1048576K
Event: 5114.736 GC heap after
Heap after GC invocations=24 (full 3):
 PSYoungGen      total 157184K, used 19947K [0x00000000e0000000, 0x00000000eb500000, 0x0000000100000000)
  eden space 137216K, 0% used [0x00000000e0000000,0x00000000e0000000,0x00000000e8600000)
  from space 19968K, 99% used [0x00000000e8a00000,0x00000000e9d7afb8,0x00000000e9d80000)
  to   space 24064K, 0% used [0x00000000e9d80000,0x00000000e9d80000,0x00000000eb500000)
 ParOldGen       total 123904K, used 47188K [0x00000000a0000000, 0x00000000a7900000, 0x00000000e0000000)
  object space 123904K, 38% used [0x00000000a0000000,0x00000000a2e15060,0x00000000a7900000)
 Metaspace       used 82242K, capacity 87542K, committed 87680K, reserved 1124352K
  class space    used 11152K, capacity 12033K, committed 12160K, reserved 1048576K
}

Deoptimization events (10 events):
Event: 5115.046 Thread 0x000000001c87e000 Uncommon trap: reason=unstable_if action=reinterpret pc=0x0000000005b6e0fc method=com.android.tools.r8.ir.conversion.N.c(Lcom/android/tools/r8/t/a/a/G/a;)[I @ 25
Event: 5115.081 Thread 0x000000001c87e000 Uncommon trap: reason=unstable_if action=reinterpret pc=0x0000000005ad220c method=com.android.tools.r8.m.a.a.b.A0.b(I[Ljava/lang/Object;)Lcom/android/tools/r8/m/a/a/b/A0; @ 174
Event: 5115.086 Thread 0x000000001c87e000 Uncommon trap: reason=unstable_if action=reinterpret pc=0x0000000005ad097c method=com.android.tools.r8.m.a.a.b.A0.b(I[Ljava/lang/Object;)Lcom/android/tools/r8/m/a/a/b/A0; @ 174
Event: 5115.298 Thread 0x000000001c87e000 Uncommon trap: reason=unstable_if action=reinterpret pc=0x000000000378f490 method=java.util.HashMap.getNode(ILjava/lang/Object;)Ljava/util/HashMap$Node; @ 84
Event: 5115.298 Thread 0x000000001c87e000 Uncommon trap: reason=unstable_if action=reinterpret pc=0x00000000051c7060 method=java.util.HashMap.putVal(ILjava/lang/Object;Ljava/lang/Object;ZZ)Ljava/lang/Object; @ 109
Event: 5115.304 Thread 0x000000001c87e000 Uncommon trap: reason=unstable_if action=reinterpret pc=0x00000000040f07c8 method=java.util.HashMap.putVal(ILjava/lang/Object;Ljava/lang/Object;ZZ)Ljava/lang/Object; @ 162
Event: 5115.304 Thread 0x000000001c87e000 Uncommon trap: reason=unstable_if action=reinterpret pc=0x0000000003e8112c method=java.util.HashMap.getNode(ILjava/lang/Object;)Ljava/util/HashMap$Node; @ 84
Event: 5115.464 Thread 0x000000001c87e000 Uncommon trap: reason=unstable_if action=reinterpret pc=0x0000000005ed5150 method=com.android.tools.r8.ir.regalloc.LiveIntervals.getSplitCovering(I)Lcom/android/tools/r8/ir/regalloc/LiveIntervals; @ 48
Event: 5115.527 Thread 0x000000001c87e000 Uncommon trap: reason=unstable_if action=reinterpret pc=0x0000000005ef3cc4 method=com.android.tools.r8.ir.conversion.N.a(Lcom/android/tools/r8/t/a/a/G/a;Lcom/android/tools/r8/ir/conversion/IRBuilder;)V @ 817
Event: 5115.720 Thread 0x000000001c87e000 Uncommon trap: reason=unstable_if action=reinterpret pc=0x0000000005d567e8 method=com.android.tools.r8.ir.regalloc.LiveIntervals.getSplitCovering(I)Lcom/android/tools/r8/ir/regalloc/LiveIntervals; @ 141

Internal exceptions (10 events):
Event: 5113.401 Thread 0x0000000021c39000 Exception <a 'sun/nio/fs/WindowsException'> (0x00000000e3dfbe80) thrown at [C:\re\workspace\8-2-build-windows-amd64-cygwin\jdk8u131\8869\hotspot\src\share\vm\prims\jni.cpp, line 709]
Event: 5113.467 Thread 0x000000001c87e000 Exception <a 'java/lang/NoSuchMethodError': java.lang.Object.lambda$maxBy$1(Ljava/util/Comparator;Ljava/lang/Object;Ljava/lang/Object;)Ljava/lang/Object;> (0x00000000e43e6b98) thrown at [C:\re\workspace\8-2-build-windows-amd64-cygwin\jdk8u131\8869\hotspot
Event: 5113.467 Thread 0x000000001c885800 Exception <a 'java/lang/NoSuchMethodError': java.lang.Object.lambda$maxBy$1(Ljava/util/Comparator;Ljava/lang/Object;Ljava/lang/Object;)Ljava/lang/Object;> (0x00000000e447d308) thrown at [C:\re\workspace\8-2-build-windows-amd64-cygwin\jdk8u131\8869\hotspot
Event: 5113.467 Thread 0x000000001c87a000 Exception <a 'java/lang/NoSuchMethodError': java.lang.Object.lambda$maxBy$1(Ljava/util/Comparator;Ljava/lang/Object;Ljava/lang/Object;)Ljava/lang/Object;> (0x00000000e441da08) thrown at [C:\re\workspace\8-2-build-windows-amd64-cygwin\jdk8u131\8869\hotspot
Event: 5114.000 Thread 0x000000001c881000 Exception <a 'sun/nio/fs/WindowsException'> (0x00000000e6738598) thrown at [C:\re\workspace\8-2-build-windows-amd64-cygwin\jdk8u131\8869\hotspot\src\share\vm\prims\jni.cpp, line 709]
Event: 5114.015 Thread 0x000000001c880000 Exception <a 'sun/nio/fs/WindowsException'> (0x00000000e6819838) thrown at [C:\re\workspace\8-2-build-windows-amd64-cygwin\jdk8u131\8869\hotspot\src\share\vm\prims\jni.cpp, line 709]
Event: 5114.075 Thread 0x000000001c87a000 Exception <a 'sun/nio/fs/WindowsException'> (0x00000000e66c31b8) thrown at [C:\re\workspace\8-2-build-windows-amd64-cygwin\jdk8u131\8869\hotspot\src\share\vm\prims\jni.cpp, line 709]
Event: 5114.103 Thread 0x000000001c885800 Exception <a 'sun/nio/fs/WindowsException'> (0x00000000e6d36898) thrown at [C:\re\workspace\8-2-build-windows-amd64-cygwin\jdk8u131\8869\hotspot\src\share\vm\prims\jni.cpp, line 709]
Event: 5114.151 Thread 0x0000000021c39000 Exception <a 'sun/nio/fs/WindowsException'> (0x00000000e6e94fe8) thrown at [C:\re\workspace\8-2-build-windows-amd64-cygwin\jdk8u131\8869\hotspot\src\share\vm\prims\jni.cpp, line 709]
Event: 5114.474 Thread 0x000000001c87c800 Exception <a 'sun/nio/fs/WindowsException'> (0x00000000e814fb08) thrown at [C:\re\workspace\8-2-build-windows-amd64-cygwin\jdk8u131\8869\hotspot\src\share\vm\prims\jni.cpp, line 709]

Events (10 events):
Event: 5115.527 Thread 0x000000001c87e000 Uncommon trap: trap_request=0xffffff65 fr.pc=0x0000000005ef3cc4
Event: 5115.527 Thread 0x000000001c87e000 DEOPT PACKING pc=0x0000000005ef3cc4 sp=0x000000002609b240
Event: 5115.527 Thread 0x000000001c87e000 DEOPT UNPACKING pc=0x000000000327582a sp=0x000000002609b260 mode 2
Event: 5115.670 loading class com/android/tools/r8/n/a/a/a/g/U0
Event: 5115.670 loading class com/android/tools/r8/n/a/a/a/g/U0 done
Event: 5115.720 Thread 0x000000001c87e000 Uncommon trap: trap_request=0xffffff65 fr.pc=0x0000000005d567e8
Event: 5115.720 Thread 0x000000001c87e000 DEOPT PACKING pc=0x0000000005d567e8 sp=0x000000002609b5b0
Event: 5115.720 Thread 0x000000001c87e000 DEOPT UNPACKING pc=0x000000000327582a sp=0x000000002609b428 mode 2
Event: 5115.741 Executing VM operation: ForceSafepoint
Event: 5115.742 Executing VM operation: ForceSafepoint done


Dynamic libraries:
0x00007ff7fdbb0000 - 0x00007ff7fdbe7000 	D:\Program Files\Java\jdk1.8.0_131\bin\java.exe
0x00007fff476c0000 - 0x00007fff478b0000 	C:\WINDOWS\SYSTEM32\ntdll.dll
0x00007fff475c0000 - 0x00007fff47672000 	C:\WINDOWS\System32\KERNEL32.DLL
0x00007fff45110000 - 0x00007fff453b3000 	C:\WINDOWS\System32\KERNELBASE.dll
0x00007fff46450000 - 0x00007fff464f3000 	C:\WINDOWS\System32\ADVAPI32.dll
0x00007fff45900000 - 0x00007fff4599e000 	C:\WINDOWS\System32\msvcrt.dll
0x00007fff47170000 - 0x00007fff47207000 	C:\WINDOWS\System32\sechost.dll
0x00007fff45c50000 - 0x00007fff45d70000 	C:\WINDOWS\System32\RPCRT4.dll
0x00007fff459e0000 - 0x00007fff45b74000 	C:\WINDOWS\System32\USER32.dll
0x00007fff454a0000 - 0x00007fff454c1000 	C:\WINDOWS\System32\win32u.dll
0x00007fff459b0000 - 0x00007fff459d6000 	C:\WINDOWS\System32\GDI32.dll
0x00007fff455d0000 - 0x00007fff45764000 	C:\WINDOWS\System32\gdi32full.dll
0x00007fff44650000 - 0x00007fff446ee000 	C:\WINDOWS\System32\msvcp_win.dll
0x00007fff454d0000 - 0x00007fff455ca000 	C:\WINDOWS\System32\ucrtbase.dll
0x00007fff43aa0000 - 0x00007fff43d25000 	C:\WINDOWS\WinSxS\amd64_microsoft.windows.common-controls_6595b64144ccf1df_6.0.18362.657_none_e6c5b579130e3898\COMCTL32.dll
0x00007fff47280000 - 0x00007fff475b6000 	C:\WINDOWS\System32\combase.dll
0x00007fff45420000 - 0x00007fff454a0000 	C:\WINDOWS\System32\bcryptPrimitives.dll
0x00007fff45f20000 - 0x00007fff45f4e000 	C:\WINDOWS\System32\IMM32.DLL
0x0000000076510000 - 0x00000000765e2000 	D:\Program Files\Java\jdk1.8.0_131\jre\bin\msvcr100.dll
0x0000000075c70000 - 0x000000007650c000 	D:\Program Files\Java\jdk1.8.0_131\jre\bin\server\jvm.dll
0x00007fff459a0000 - 0x00007fff459a8000 	C:\WINDOWS\System32\PSAPI.DLL
0x00007fff40960000 - 0x00007fff40984000 	C:\WINDOWS\SYSTEM32\WINMM.dll
0x00007fff32670000 - 0x00007fff3267a000 	C:\WINDOWS\SYSTEM32\VERSION.dll
0x00007fff2ac90000 - 0x00007fff2ac99000 	C:\WINDOWS\SYSTEM32\WSOCK32.dll
0x00007fff45f50000 - 0x00007fff45fbf000 	C:\WINDOWS\System32\WS2_32.dll
0x00007fff40370000 - 0x00007fff4039d000 	C:\WINDOWS\SYSTEM32\WINMMBASE.dll
0x00007fff45010000 - 0x00007fff4505a000 	C:\WINDOWS\System32\cfgmgr32.dll
0x0000000050900000 - 0x000000005090f000 	D:\Program Files\Java\jdk1.8.0_131\jre\bin\verify.dll
0x0000000050000000 - 0x0000000050029000 	D:\Program Files\Java\jdk1.8.0_131\jre\bin\java.dll
0x00000000504a0000 - 0x00000000504b6000 	D:\Program Files\Java\jdk1.8.0_131\jre\bin\zip.dll
0x00007fff466b0000 - 0x00007fff46d95000 	C:\WINDOWS\System32\SHELL32.dll
0x00007fff45770000 - 0x00007fff45819000 	C:\WINDOWS\System32\shcore.dll
0x00007fff44860000 - 0x00007fff44fdf000 	C:\WINDOWS\System32\windows.storage.dll
0x00007fff445c0000 - 0x00007fff445df000 	C:\WINDOWS\System32\profapi.dll
0x00007fff445e0000 - 0x00007fff4462a000 	C:\WINDOWS\System32\powrprof.dll
0x00007fff44590000 - 0x00007fff445a0000 	C:\WINDOWS\System32\UMPDC.dll
0x00007fff46500000 - 0x00007fff46552000 	C:\WINDOWS\System32\shlwapi.dll
0x00007fff445a0000 - 0x00007fff445b1000 	C:\WINDOWS\System32\kernel.appcore.dll
0x00007fff446f0000 - 0x00007fff44707000 	C:\WINDOWS\System32\cryptsp.dll
0x00000000773b0000 - 0x00000000773ca000 	D:\Program Files\Java\jdk1.8.0_131\jre\bin\net.dll
0x00007fff43780000 - 0x00007fff437e7000 	C:\WINDOWS\system32\mswsock.dll
0x0000000075c50000 - 0x0000000075c61000 	D:\Program Files\Java\jdk1.8.0_131\jre\bin\nio.dll
0x00007fff23a90000 - 0x00007fff23ab6000 	C:\Users\18432\.gradle\native\29\windows-amd64\native-platform.dll
0x00000000773a0000 - 0x00000000773ad000 	D:\Program Files\Java\jdk1.8.0_131\jre\bin\management.dll
0x00007fff432f0000 - 0x00007fff43323000 	C:\WINDOWS\system32\rsaenh.dll
0x00007fff44fe0000 - 0x00007fff45006000 	C:\WINDOWS\System32\bcrypt.dll
0x00007fff444b0000 - 0x00007fff444d5000 	C:\WINDOWS\SYSTEM32\USERENV.dll
0x00007fff43950000 - 0x00007fff4395c000 	C:\WINDOWS\SYSTEM32\CRYPTBASE.dll
0x00007fff43490000 - 0x00007fff434ca000 	C:\WINDOWS\SYSTEM32\IPHLPAPI.DLL
0x00007fff46430000 - 0x00007fff46438000 	C:\WINDOWS\System32\NSI.dll
0x00007fff314c0000 - 0x00007fff314d6000 	C:\WINDOWS\SYSTEM32\dhcpcsvc6.DLL
0x00007fff32290000 - 0x00007fff322ac000 	C:\WINDOWS\SYSTEM32\dhcpcsvc.DLL
0x00007fff434d0000 - 0x00007fff4359a000 	C:\WINDOWS\SYSTEM32\DNSAPI.dll

VM Arguments:
jvm_args: -Xmx1536m -Dfile.encoding=GBK -Duser.country=CN -Duser.language=zh -Duser.variant 
java_command: org.gradle.launcher.daemon.bootstrap.GradleDaemon 5.4.1
java_class_path (initial): C:\Users\18432\.gradle\wrapper\dists\gradle-5.4.1-all\3221gyojl5jsh0helicew7rwx\gradle-5.4.1\lib\gradle-launcher-5.4.1.jar
Launcher Type: SUN_STANDARD

Environment Variables:
JAVA_HOME=D:\Program Files\Java\jdk1.8.0_131
CLASSPATH=.;D:\Program Files\Java\jdk1.8.0_131\lib\dt.jar;D:\Program Files\Java\jdk1.8.0_131\lib\tools.jar
PATH=C:\ProgramData\Oracle\Java\javapath;D:\app\client\18432\product\12.1.0\client_1;D:\app\client\18432\product\12.1.0\client_1\bin;F:\app\18432\product\11.2.0\dbhome_1\bin;C:\Program Files (x86)\Intel\iCLS Client\;C:\Program Files\Intel\iCLS Client\;C:\windows\system32;C:\windows;C:\windows\System32\Wbem;C:\windows\System32\WindowsPowerShell\v1.0\;C:\Program Files (x86)\NVIDIA Corporation\PhysX\Common;C:\Program Files (x86)\Intel\Intel(R) Management Engine Components\DAL;C:\Program Files\Intel\Intel(R) Management Engine Components\DAL;C:\Program Files (x86)\Intel\Intel(R) Management Engine Components\IPT;C:\Program Files\Intel\Intel(R) Management Engine Components\IPT;C:\WINDOWS\system32;C:\WINDOWS;C:\WINDOWS\System32\Wbem;C:\WINDOWS\System32\WindowsPowerShell\v1.0\;C:\Program Files (x86)\Windows Kits\8.1\Windows Performance Toolkit\;C:\Program Files\Microsoft SQL Server\110\Tools\Binn\;C:\Program Files (x86)\Microsoft SQL Server\100\Tools\Binn\;C:\Program Files\Microsoft SQL Server\100\Tools\Binn\;C:\Program Files\Microsoft SQL Server\100\DTS\Binn\;C:\Program Files (x86)\Microsoft SQL Server\100\Tools\Binn\VSShell\Common7\IDE\;C:\Program Files (x86)\Microsoft Visual Studio 9.0\Common7\IDE\PrivateAssemblies\;C:\Program Files (x86)\Microsoft SQL Server\100\DTS\Binn\;C:\Program Files\VisualSVN Server\bin;C:\Program Files\TortoiseSVN\bin;C:\Program Files\Intel\WiFi\bin\;C:\Program Files\Common Files\Intel\WirelessCommon\;C:\WINDOWS\System32\OpenSSH\;D:\Program Files\Java\jdk1.8.0_131\bin;D:\Program Files\Java\jdk1.8.0_131\jre\bin;D:\Python\Scripts\;D:\Python\;C:\Users\18432\AppData\Local\Microsoft\WindowsApps;
USERNAME=18432
OS=Windows_NT
PROCESSOR_IDENTIFIER=Intel64 Family 6 Model 142 Stepping 10, GenuineIntel



---------------  S Y S T E M  ---------------

OS: Windows 10.0 , 64 bit Build 18362 (10.0.18362.329)

CPU:total 8 (initial active 8) (4 cores per cpu, 2 threads per core) family 6 model 142 stepping 10, cmov, cx8, fxsr, mmx, sse, sse2, sse3, ssse3, sse4.1, sse4.2, popcnt, avx, avx2, aes, clmul, erms, 3dnowpref, lzcnt, ht, tsc, tscinvbit, bmi1, bmi2, adx

Memory: 4k page, physical 8281304k(915584k free), swap 12475608k(5160k free)

vm_info: Java HotSpot(TM) 64-Bit Server VM (25.131-b11) for windows-amd64 JRE (1.8.0_131-b11), built on Mar 15 2017 01:23:53 by "java_re" with MS VC++ 10.0 (VS2010)

time: Tue Mar 10 22:08:48 2020
elapsed time: 5115 seconds (0d 1h 25m 15s)

