#
# There is insufficient memory for the Java Runtime Environment to continue.
# Native memory allocation (malloc) failed to allocate 98656 bytes for Chunk::new
# Possible reasons:
#   The system is out of physical RAM or swap space
#   In 32 bit mode, the process size limit was hit
# Possible solutions:
#   Reduce memory load on the system
#   Increase physical memory or swap space
#   Check if swap backing store is full
#   Use 64 bit Java on a 64 bit OS
#   Decrease Java heap size (-Xmx/-Xms)
#   Decrease number of Java threads
#   Decrease Java thread stack sizes (-Xss)
#   Set larger code cache with -XX:ReservedCodeCacheSize=
# This output file may be truncated or incomplete.
#
#  Out of Memory Error (allocation.cpp:390), pid=21636, tid=0x0000000000005530
#
# JRE version: Java(TM) SE Runtime Environment (8.0_131-b11) (build 1.8.0_131-b11)
# Java VM: Java HotSpot(TM) 64-Bit Server VM (25.131-b11 mixed mode windows-amd64 compressed oops)
# Failed to write core dump. Minidumps are not enabled by default on client versions of Windows
#

---------------  T H R E A D  ---------------

Current thread (0x000000001847e800):  JavaThread "C2 CompilerThread2" daemon [_thread_in_native, id=21808, stack(0x0000000018d40000,0x0000000018e40000)]

Stack: [0x0000000018d40000,0x0000000018e40000]
[error occurred during error reporting (printing stack bounds), id 0xc0000005]

Native frames: (J=compiled Java code, j=interpreted, Vv=VM code, C=native code)


Current CompileTask:
C2: 330525 20581 %     4       com.android.tools.r8.ir.analysis.g.e::a @ 11 (268 bytes)


---------------  P R O C E S S  ---------------

Java Threads: ( => current thread )
  0x000000001c660000 JavaThread "Cache worker for Java compile cache (D:\WYweixin\.gradle\5.4.1\javaCompile)" [_thread_blocked, id=21180, stack(0x000000002a5c0000,0x000000002a6c0000)]
  0x000000001c663000 JavaThread "stdout" [_thread_in_native, id=16168, stack(0x000000002ddd0000,0x000000002ded0000)]
  0x000000001c666800 JavaThread "stderr" [_thread_in_native, id=5164, stack(0x000000002dcd0000,0x000000002ddd0000)]
  0x000000001c666000 JavaThread "stdout" [_thread_in_native, id=5644, stack(0x000000002dbd0000,0x000000002dcd0000)]
  0x000000001c665000 JavaThread "stderr" [_thread_in_native, id=15960, stack(0x000000002dad0000,0x000000002dbd0000)]
  0x000000001c662000 JavaThread "stdout" [_thread_in_native, id=9432, stack(0x000000002d9d0000,0x000000002dad0000)]
  0x000000001c661800 JavaThread "stderr" [_thread_in_native, id=22792, stack(0x000000002d8d0000,0x000000002d9d0000)]
  0x000000001c65f000 JavaThread "stdout" [_thread_in_native, id=8156, stack(0x000000002d7d0000,0x000000002d8d0000)]
  0x00000000274a8800 JavaThread "stderr" [_thread_in_native, id=12052, stack(0x000000002d6d0000,0x000000002d7d0000)]
  0x00000000274a7800 JavaThread "stdout" [_thread_in_native, id=7188, stack(0x000000002d5d0000,0x000000002d6d0000)]
  0x00000000274aa000 JavaThread "stderr" [_thread_in_native, id=19104, stack(0x000000002d4d0000,0x000000002d5d0000)]
  0x00000000274a3000 JavaThread "stdout" [_thread_in_native, id=22756, stack(0x000000002d3d0000,0x000000002d4d0000)]
  0x00000000274a9000 JavaThread "stderr" [_thread_in_native, id=12420, stack(0x000000002ce60000,0x000000002cf60000)]
  0x00000000274a7000 JavaThread "stdout" [_thread_in_native, id=13388, stack(0x0000000028220000,0x0000000028320000)]
  0x00000000274a5800 JavaThread "stderr" [_thread_in_native, id=23200, stack(0x0000000028120000,0x0000000028220000)]
  0x00000000274a4800 JavaThread "WorkerExecutor Queue Thread 8" [_thread_blocked, id=11812, stack(0x000000002d0d0000,0x000000002d1d0000)]
  0x00000000274a4000 JavaThread "WorkerExecutor Queue Thread 7" [_thread_blocked, id=3048, stack(0x000000002cfd0000,0x000000002d0d0000)]
  0x00000000274a6000 JavaThread "WorkerExecutor Queue Thread 6" [_thread_blocked, id=22040, stack(0x00000000263f0000,0x00000000264f0000)]
  0x00000000274a2800 JavaThread "WorkerExecutor Queue Thread 5" [_thread_blocked, id=20632, stack(0x000000002cd60000,0x000000002ce60000)]
  0x000000002749b000 JavaThread "pool-6-thread-1" [_thread_blocked, id=14228, stack(0x000000002cc60000,0x000000002cd60000)]
  0x00000000274a1000 JavaThread "WorkerExecutor Queue Thread 4" [_thread_blocked, id=20128, stack(0x000000002cb60000,0x000000002cc60000)]
  0x00000000274a0000 JavaThread "WorkerExecutor Queue Thread 3" [_thread_blocked, id=18260, stack(0x0000000028500000,0x0000000028600000)]
  0x000000002749b800 JavaThread "WorkerExecutor Queue Thread 2" [_thread_blocked, id=20344, stack(0x0000000028400000,0x0000000028500000)]
  0x000000002749f800 JavaThread "WorkerExecutor Queue" [_thread_blocked, id=24520, stack(0x000000002ba90000,0x000000002bb90000)]
  0x000000002749c800 JavaThread "ForkJoinPool.commonPool-worker-6" daemon [_thread_blocked, id=23256, stack(0x000000002a9c0000,0x000000002aac0000)]
  0x000000002749e000 JavaThread "ForkJoinPool.commonPool-worker-5" daemon [_thread_blocked, id=16476, stack(0x000000002a8c0000,0x000000002a9c0000)]
  0x000000002749e800 JavaThread "ForkJoinPool.commonPool-worker-3" daemon [_thread_blocked, id=22144, stack(0x000000002a6c0000,0x000000002a7c0000)]
  0x000000001876e000 JavaThread "Cache worker for execution history cache (D:\WYweixin\.gradle\5.4.1\executionHistory)" [_thread_blocked, id=15888, stack(0x00000000262f0000,0x00000000263f0000)]
  0x0000000018770000 JavaThread "Execution worker for ':' Thread 7" [_thread_blocked, id=4620, stack(0x0000000025e20000,0x0000000025f20000)]
  0x00000000184f5800 JavaThread "Execution worker for ':' Thread 6" [_thread_blocked, id=13184, stack(0x0000000025d20000,0x0000000025e20000)]
  0x00000000184eb000 JavaThread "Execution worker for ':' Thread 5" [_thread_blocked, id=12700, stack(0x0000000025c20000,0x0000000025d20000)]
  0x00000000184f1800 JavaThread "Execution worker for ':' Thread 4" [_thread_blocked, id=23400, stack(0x00000000258b0000,0x00000000259b0000)]
  0x00000000184ea000 JavaThread "Execution worker for ':' Thread 3" [_thread_blocked, id=2576, stack(0x00000000256b0000,0x00000000257b0000)]
  0x00000000184eb800 JavaThread "Execution worker for ':' Thread 2" [_thread_blocked, id=1648, stack(0x00000000253b0000,0x00000000254b0000)]
  0x00000000184f0000 JavaThread "Execution worker for ':'" [_thread_in_native, id=1852, stack(0x0000000024ce0000,0x0000000024de0000)]
  0x00000000184f1000 JavaThread "Cache worker for file content cache (D:\WYweixin\.gradle\5.4.1\fileContent)" [_thread_blocked, id=23876, stack(0x00000000249b0000,0x0000000024ab0000)]
  0x00000000184e8800 JavaThread "Cache worker for Build Output Cleanup Cache (D:\WYweixin\.gradle\buildOutputCleanup)" [_thread_blocked, id=23332, stack(0x0000000023fb0000,0x00000000240b0000)]
  0x00000000184ef800 JavaThread "Build operations Thread 8" [_thread_blocked, id=22896, stack(0x0000000022a50000,0x0000000022b50000)]
  0x00000000184e8000 JavaThread "Build operations Thread 7" [_thread_blocked, id=22504, stack(0x0000000022950000,0x0000000022a50000)]
  0x00000000184ec800 JavaThread "Build operations Thread 6" [_thread_blocked, id=24096, stack(0x0000000022850000,0x0000000022950000)]
  0x00000000184ee000 JavaThread "Build operations Thread 5" [_thread_blocked, id=22816, stack(0x0000000022750000,0x0000000022850000)]
  0x00000000184ee800 JavaThread "Build operations Thread 4" [_thread_blocked, id=22104, stack(0x0000000022650000,0x0000000022750000)]
  0x00000000184e7000 JavaThread "Build operations Thread 3" [_thread_blocked, id=6140, stack(0x0000000022550000,0x0000000022650000)]
  0x00000000184ed000 JavaThread "Build operations Thread 2" [_thread_blocked, id=23732, stack(0x0000000022450000,0x0000000022550000)]
  0x00000000184e6800 JavaThread "Build operations" [_thread_blocked, id=13116, stack(0x000000001f430000,0x000000001f530000)]
  0x000000001d0a4000 JavaThread "Cache worker for cache directory md-rule (C:\Users\18432\.gradle\caches\5.4.1\md-rule)" [_thread_blocked, id=16832, stack(0x000000001f330000,0x000000001f430000)]
  0x000000001d0a5800 JavaThread "Cache worker for cache directory md-supplier (C:\Users\18432\.gradle\caches\5.4.1\md-supplier)" [_thread_blocked, id=6648, stack(0x000000001f230000,0x000000001f330000)]
  0x000000001d0a2800 JavaThread "Cache worker for file hash cache (D:\WYweixin\.gradle\5.4.1\fileHashes)" [_thread_blocked, id=19984, stack(0x000000001f130000,0x000000001f230000)]
  0x000000001d0a2000 JavaThread "Thread-66" [_thread_blocked, id=14800, stack(0x000000001b4c0000,0x000000001b5c0000)]
  0x000000001d09c800 JavaThread "Stdin handler" [_thread_blocked, id=14572, stack(0x000000001b3c0000,0x000000001b4c0000)]
  0x000000001d09b800 JavaThread "Asynchronous log dispatcher for DefaultDaemonConnection: socket connection from /127.0.0.1:7881 to /127.0.0.1:7952" [_thread_blocked, id=5504, stack(0x000000001b2c0000,0x000000001b3c0000)]
  0x000000001d0a1000 JavaThread "Daemon worker Thread 3" [_thread_blocked, id=21680, stack(0x000000001afc0000,0x000000001b0c0000)]
  0x000000001d0a0000 JavaThread "Cancel handler" [_thread_blocked, id=5988, stack(0x000000001aec0000,0x000000001afc0000)]
  0x000000001d099800 JavaThread "Handler for socket connection from /127.0.0.1:7881 to /127.0.0.1:7952" [_thread_in_native, id=16836, stack(0x00000000008c0000,0x00000000009c0000)]
  0x000000001d09e000 JavaThread "Daemon Thread 3" [_thread_blocked, id=20796, stack(0x00000000007c0000,0x00000000008c0000)]
  0x00000000184f4000 JavaThread "Cache worker for Java compile cache (C:\Users\18432\.gradle\caches\5.4.1\javaCompile)" [_thread_blocked, id=9880, stack(0x0000000025fb0000,0x00000000260b0000)]
  0x000000001d09f800 JavaThread "Cache worker for file content cache (C:\Users\18432\.gradle\caches\5.4.1\fileContent)" [_thread_blocked, id=17244, stack(0x0000000023eb0000,0x0000000023fb0000)]
  0x000000001d0a3800 JavaThread "Memory manager" [_thread_blocked, id=16456, stack(0x0000000023590000,0x0000000023690000)]
  0x000000001d09a000 JavaThread "Cache worker for execution history cache (C:\Users\18432\.gradle\caches\5.4.1\executionHistory)" [_thread_blocked, id=17364, stack(0x0000000020f80000,0x0000000021080000)]
  0x000000001876f800 JavaThread "Cache worker for journal cache (C:\Users\18432\.gradle\caches\journal-1)" [_thread_blocked, id=7080, stack(0x000000001bac0000,0x000000001bbc0000)]
  0x000000001876e800 JavaThread "File lock request listener" [_thread_in_native, id=23600, stack(0x000000001b9c0000,0x000000001bac0000)]
  0x000000001876d000 JavaThread "Cache worker for file hash cache (C:\Users\18432\.gradle\caches\5.4.1\fileHashes)" [_thread_blocked, id=23516, stack(0x000000001b8c0000,0x000000001b9c0000)]
  0x000000001970e000 JavaThread "Daemon periodic checks" [_thread_blocked, id=23036, stack(0x000000001adc0000,0x000000001aec0000)]
  0x00000000197a1000 JavaThread "Incoming local TCP Connector on port 7881" [_thread_in_native, id=20532, stack(0x000000001ac10000,0x000000001ad10000)]
  0x0000000019f69000 JavaThread "Daemon health stats" [_thread_blocked, id=2892, stack(0x000000001a910000,0x000000001aa10000)]
  0x000000001852c000 JavaThread "Service Thread" daemon [_thread_blocked, id=21908, stack(0x0000000018f40000,0x0000000019040000)]
  0x0000000018482000 JavaThread "C1 CompilerThread3" daemon [_thread_blocked, id=18376, stack(0x0000000018e40000,0x0000000018f40000)]
=>0x000000001847e800 JavaThread "C2 CompilerThread2" daemon [_thread_in_native, id=21808, stack(0x0000000018d40000,0x0000000018e40000)]
  0x0000000018476800 JavaThread "C2 CompilerThread1" daemon [_thread_in_native, id=13440, stack(0x0000000018c40000,0x0000000018d40000)]
  0x0000000018470000 JavaThread "C2 CompilerThread0" daemon [_thread_in_native, id=15180, stack(0x0000000018b40000,0x0000000018c40000)]
  0x000000001846c800 JavaThread "Attach Listener" daemon [_thread_blocked, id=23796, stack(0x0000000018a40000,0x0000000018b40000)]
  0x000000001841a000 JavaThread "Signal Dispatcher" daemon [_thread_blocked, id=23760, stack(0x0000000018940000,0x0000000018a40000)]
  0x0000000018400800 JavaThread "Finalizer" daemon [_thread_blocked, id=6520, stack(0x00000000187e0000,0x00000000188e0000)]
  0x000000000271a000 JavaThread "Reference Handler" daemon [_thread_blocked, id=21832, stack(0x00000000182e0000,0x00000000183e0000)]
  0x000000000261e000 JavaThread "main" [_thread_blocked, id=23180, stack(0x00000000024a0000,0x00000000025a0000)]

Other Threads:
  0x00000000164d9000 VMThread [stack: 0x00000000181e0000,0x00000000182e0000] [id=3744]
  0x0000000018577800 WatcherThread [stack: 0x0000000019040000,0x0000000019140000] [id=24028]

VM state:not at safepoint (normal execution)

VM Mutex/Monitor currently owned by a thread: None

Heap:
 PSYoungGen      total 321024K, used 185096K [0x00000000e0000000, 0x00000000f8280000, 0x0000000100000000)
  eden space 286720K, 56% used [0x00000000e0000000,0x00000000e9d0d6f8,0x00000000f1800000)
  from space 34304K, 70% used [0x00000000f1800000,0x00000000f2fb4bc8,0x00000000f3980000)
  to   space 35840K, 0% used [0x00000000f5f80000,0x00000000f5f80000,0x00000000f8280000)
 ParOldGen       total 200704K, used 82949K [0x00000000a0000000, 0x00000000ac400000, 0x00000000e0000000)
  object space 200704K, 41% used [0x00000000a0000000,0x00000000a5101698,0x00000000ac400000)
 Metaspace       used 101442K, capacity 105768K, committed 106112K, reserved 1140736K
  class space    used 13214K, capacity 14108K, committed 14208K, reserved 1048576K

Card table byte_map: [0x0000000011ae0000,0x0000000011df0000] byte_map_base: 0x00000000115e0000

Marking Bits: (ParMarkBitMap*) 0x000000005164c720
 Begin Bits: [0x00000000127f0000, 0x0000000013ff0000)
 End Bits:   [0x0000000013ff0000, 0x00000000157f0000)

Polling page: 0x0000000000540000

CodeCache: size=245760Kb used=60502Kb max_used=60514Kb free=185257Kb
 bounds [0x0000000002720000, 0x0000000006280000, 0x0000000011720000]
 total_blobs=18288 nmethods=17370 adapters=827
 compilation: enabled

Compilation events (10 events):
Event: 330.352 Thread 0x000000001847e800 nmethod 20569 0x0000000006273e10 code [0x0000000006273f40, 0x0000000006273fd8]
Event: 330.352 Thread 0x000000001847e800 20549       4       com.android.tools.r8.ir.conversion.N::f (17 bytes)
Event: 330.353 Thread 0x000000001847e800 nmethod 20549 0x0000000006249f50 code [0x000000000624a080, 0x000000000624a0d8]
Event: 330.353 Thread 0x000000001847e800 20532       4       com.android.tools.r8.ir.conversion.IRBuilder::a (75 bytes)
Event: 330.354 Thread 0x000000001847e800 nmethod 20532 0x000000000626e150 code [0x000000000626e2a0, 0x000000000626e3c8]
Event: 330.354 Thread 0x000000001847e800 20698       4       com.android.tools.r8.dex.e::a (32 bytes)
Event: 330.359 Thread 0x000000001847e800 nmethod 20698 0x000000000624bd10 code [0x000000000624bea0, 0x000000000624c3f8]
Event: 330.359 Thread 0x000000001847e800 20398       4       org.gradle.api.internal.artifacts.transform.ConsumerProvidedResolvedVariant::<init> (38 bytes)
Event: 330.360 Thread 0x000000001847e800 nmethod 20398 0x0000000005a092d0 code [0x0000000005a09400, 0x0000000005a09498]
Event: 330.360 Thread 0x000000001847e800 20581 %     4       com.android.tools.r8.ir.analysis.g.e::a @ 11 (268 bytes)

GC Heap History (10 events):
Event: 310.029 GC heap before
{Heap before GC invocations=29 (full 4):
 PSYoungGen      total 254464K, used 221680K [0x00000000e0000000, 0x00000000f1d80000, 0x0000000100000000)
  eden space 217600K, 100% used [0x00000000e0000000,0x00000000ed480000,0x00000000ed480000)
  from space 36864K, 11% used [0x00000000ef880000,0x00000000efc7c020,0x00000000f1c80000)
  to   space 36864K, 0% used [0x00000000ed480000,0x00000000ed480000,0x00000000ef880000)
 ParOldGen       total 200704K, used 75793K [0x00000000a0000000, 0x00000000ac400000, 0x00000000e0000000)
  object space 200704K, 37% used [0x00000000a0000000,0x00000000a4a04608,0x00000000ac400000)
 Metaspace       used 92946K, capacity 97106K, committed 97920K, reserved 1134592K
  class space    used 12314K, capacity 13205K, committed 13440K, reserved 1048576K
Event: 310.040 GC heap after
Heap after GC invocations=29 (full 4):
 PSYoungGen      total 254464K, used 8592K [0x00000000e0000000, 0x00000000f3900000, 0x0000000100000000)
  eden space 217600K, 0% used [0x00000000e0000000,0x00000000e0000000,0x00000000ed480000)
  from space 36864K, 23% used [0x00000000ed480000,0x00000000edce4040,0x00000000ef880000)
  to   space 35840K, 0% used [0x00000000f1600000,0x00000000f1600000,0x00000000f3900000)
 ParOldGen       total 200704K, used 75793K [0x00000000a0000000, 0x00000000ac400000, 0x00000000e0000000)
  object space 200704K, 37% used [0x00000000a0000000,0x00000000a4a04608,0x00000000ac400000)
 Metaspace       used 92946K, capacity 97106K, committed 97920K, reserved 1134592K
  class space    used 12314K, capacity 13205K, committed 13440K, reserved 1048576K
}
Event: 310.737 GC heap before
{Heap before GC invocations=30 (full 4):
 PSYoungGen      total 254464K, used 226192K [0x00000000e0000000, 0x00000000f3900000, 0x0000000100000000)
  eden space 217600K, 100% used [0x00000000e0000000,0x00000000ed480000,0x00000000ed480000)
  from space 36864K, 23% used [0x00000000ed480000,0x00000000edce4040,0x00000000ef880000)
  to   space 35840K, 0% used [0x00000000f1600000,0x00000000f1600000,0x00000000f3900000)
 ParOldGen       total 200704K, used 75793K [0x00000000a0000000, 0x00000000ac400000, 0x00000000e0000000)
  object space 200704K, 37% used [0x00000000a0000000,0x00000000a4a04608,0x00000000ac400000)
 Metaspace       used 93552K, capacity 97708K, committed 98432K, reserved 1134592K
  class space    used 12393K, capacity 13280K, committed 13440K, reserved 1048576K
Event: 310.755 GC heap after
Heap after GC invocations=30 (full 4):
 PSYoungGen      total 283648K, used 16193K [0x00000000e0000000, 0x00000000f3700000, 0x0000000100000000)
  eden space 249856K, 0% used [0x00000000e0000000,0x00000000e0000000,0x00000000ef400000)
  from space 33792K, 47% used [0x00000000f1600000,0x00000000f25d07c0,0x00000000f3700000)
  to   space 34304K, 0% used [0x00000000ef400000,0x00000000ef400000,0x00000000f1580000)
 ParOldGen       total 200704K, used 75801K [0x00000000a0000000, 0x00000000ac400000, 0x00000000e0000000)
  object space 200704K, 37% used [0x00000000a0000000,0x00000000a4a06608,0x00000000ac400000)
 Metaspace       used 93552K, capacity 97708K, committed 98432K, reserved 1134592K
  class space    used 12393K, capacity 13280K, committed 13440K, reserved 1048576K
}
Event: 311.622 GC heap before
{Heap before GC invocations=31 (full 4):
 PSYoungGen      total 283648K, used 266049K [0x00000000e0000000, 0x00000000f3700000, 0x0000000100000000)
  eden space 249856K, 100% used [0x00000000e0000000,0x00000000ef400000,0x00000000ef400000)
  from space 33792K, 47% used [0x00000000f1600000,0x00000000f25d07c0,0x00000000f3700000)
  to   space 34304K, 0% used [0x00000000ef400000,0x00000000ef400000,0x00000000f1580000)
 ParOldGen       total 200704K, used 75801K [0x00000000a0000000, 0x00000000ac400000, 0x00000000e0000000)
  object space 200704K, 37% used [0x00000000a0000000,0x00000000a4a06608,0x00000000ac400000)
 Metaspace       used 93936K, capacity 98050K, committed 98688K, reserved 1134592K
  class space    used 12416K, capacity 13283K, committed 13440K, reserved 1048576K
Event: 311.644 GC heap after
Heap after GC invocations=31 (full 4):
 PSYoungGen      total 284160K, used 22341K [0x00000000e0000000, 0x00000000f5e00000, 0x0000000100000000)
  eden space 249856K, 0% used [0x00000000e0000000,0x00000000e0000000,0x00000000ef400000)
  from space 34304K, 65% used [0x00000000ef400000,0x00000000f09d1460,0x00000000f1580000)
  to   space 35328K, 0% used [0x00000000f3b80000,0x00000000f3b80000,0x00000000f5e00000)
 ParOldGen       total 200704K, used 75809K [0x00000000a0000000, 0x00000000ac400000, 0x00000000e0000000)
  object space 200704K, 37% used [0x00000000a0000000,0x00000000a4a08608,0x00000000ac400000)
 Metaspace       used 93936K, capacity 98050K, committed 98688K, reserved 1134592K
  class space    used 12416K, capacity 13283K, committed 13440K, reserved 1048576K
}
Event: 314.042 GC heap before
{Heap before GC invocations=32 (full 4):
 PSYoungGen      total 284160K, used 272197K [0x00000000e0000000, 0x00000000f5e00000, 0x0000000100000000)
  eden space 249856K, 100% used [0x00000000e0000000,0x00000000ef400000,0x00000000ef400000)
  from space 34304K, 65% used [0x00000000ef400000,0x00000000f09d1460,0x00000000f1580000)
  to   space 35328K, 0% used [0x00000000f3b80000,0x00000000f3b80000,0x00000000f5e00000)
 ParOldGen       total 200704K, used 75809K [0x00000000a0000000, 0x00000000ac400000, 0x00000000e0000000)
  object space 200704K, 37% used [0x00000000a0000000,0x00000000a4a08608,0x00000000ac400000)
 Metaspace       used 95239K, capacity 99424K, committed 100096K, reserved 1136640K
  class space    used 12543K, capacity 13430K, committed 13568K, reserved 1048576K
Event: 314.086 GC heap after
Heap after GC invocations=32 (full 4):
 PSYoungGen      total 318976K, used 17489K [0x00000000e0000000, 0x00000000f5b00000, 0x0000000100000000)
  eden space 286720K, 0% used [0x00000000e0000000,0x00000000e0000000,0x00000000f1800000)
  from space 32256K, 54% used [0x00000000f3b80000,0x00000000f4c94760,0x00000000f5b00000)
  to   space 34304K, 0% used [0x00000000f1800000,0x00000000f1800000,0x00000000f3980000)
 ParOldGen       total 200704K, used 79169K [0x00000000a0000000, 0x00000000ac400000, 0x00000000e0000000)
  object space 200704K, 39% used [0x00000000a0000000,0x00000000a4d50668,0x00000000ac400000)
 Metaspace       used 95239K, capacity 99424K, committed 100096K, reserved 1136640K
  class space    used 12543K, capacity 13430K, committed 13568K, reserved 1048576K
}
Event: 324.919 GC heap before
{Heap before GC invocations=33 (full 4):
 PSYoungGen      total 318976K, used 304209K [0x00000000e0000000, 0x00000000f5b00000, 0x0000000100000000)
  eden space 286720K, 100% used [0x00000000e0000000,0x00000000f1800000,0x00000000f1800000)
  from space 32256K, 54% used [0x00000000f3b80000,0x00000000f4c94760,0x00000000f5b00000)
  to   space 34304K, 0% used [0x00000000f1800000,0x00000000f1800000,0x00000000f3980000)
 ParOldGen       total 200704K, used 79169K [0x00000000a0000000, 0x00000000ac400000, 0x00000000e0000000)
  object space 200704K, 39% used [0x00000000a0000000,0x00000000a4d50668,0x00000000ac400000)
 Metaspace       used 99942K, capacity 104132K, committed 104704K, reserved 1140736K
  class space    used 13090K, capacity 13986K, committed 14080K, reserved 1048576K
Event: 324.960 GC heap after
Heap after GC invocations=33 (full 4):
 PSYoungGen      total 321024K, used 24274K [0x00000000e0000000, 0x00000000f8280000, 0x0000000100000000)
  eden space 286720K, 0% used [0x00000000e0000000,0x00000000e0000000,0x00000000f1800000)
  from space 34304K, 70% used [0x00000000f1800000,0x00000000f2fb4bc8,0x00000000f3980000)
  to   space 35840K, 0% used [0x00000000f5f80000,0x00000000f5f80000,0x00000000f8280000)
 ParOldGen       total 200704K, used 82949K [0x00000000a0000000, 0x00000000ac400000, 0x00000000e0000000)
  object space 200704K, 41% used [0x00000000a0000000,0x00000000a5101698,0x00000000ac400000)
 Metaspace       used 99942K, capacity 104132K, committed 104704K, reserved 1140736K
  class space    used 13090K, capacity 13986K, committed 14080K, reserved 1048576K
}

Deoptimization events (10 events):
Event: 328.651 Thread 0x00000000274a2800 Uncommon trap: reason=class_check action=maybe_recompile pc=0x0000000005c181d0 method=com.google.common.collect.Iterables.castOrCopyToCollection(Ljava/lang/Iterable;)Ljava/util/Collection; @ 1
Event: 328.722 Thread 0x00000000274a0000 Uncommon trap: reason=array_check action=maybe_recompile pc=0x000000000478614c method=java.util.TimSort.mergeHi(IIII)V @ 101
Event: 328.722 Thread 0x00000000274a0000 Uncommon trap: reason=array_check action=maybe_recompile pc=0x000000000478614c method=java.util.TimSort.mergeHi(IIII)V @ 101
Event: 328.747 Thread 0x00000000274a4800 Uncommon trap: reason=array_check action=maybe_recompile pc=0x000000000478614c method=java.util.TimSort.mergeHi(IIII)V @ 101
Event: 328.835 Thread 0x00000000274a1000 Uncommon trap: reason=predicate action=maybe_recompile pc=0x00000000061df120 method=java.util.TimSort.mergeHi(IIII)V @ 191
Event: 328.840 Thread 0x000000002749b800 Uncommon trap: reason=array_check action=maybe_recompile pc=0x00000000061ff958 method=java.util.TimSort.mergeLo(IIII)V @ 81
Event: 328.840 Thread 0x000000002749b800 Uncommon trap: reason=array_check action=maybe_recompile pc=0x00000000061ff958 method=java.util.TimSort.mergeLo(IIII)V @ 81
Event: 328.840 Thread 0x000000002749b800 Uncommon trap: reason=array_check action=maybe_recompile pc=0x00000000061ff958 method=java.util.TimSort.mergeLo(IIII)V @ 81
Event: 328.840 Thread 0x000000002749b800 Uncommon trap: reason=array_check action=maybe_recompile pc=0x00000000061ff958 method=java.util.TimSort.mergeLo(IIII)V @ 81
Event: 329.522 Thread 0x00000000274a2800 Uncommon trap: reason=class_check action=maybe_recompile pc=0x00000000061e2308 method=java.util.regex.Pattern$SliceU.match(Ljava/util/regex/Matcher;ILjava/lang/CharSequence;)Z @ 95

Internal exceptions (10 events):
Event: 329.022 Thread 0x00000000184f0000 Exception <a 'sun/nio/fs/WindowsException'> (0x00000000e8926b80) thrown at [C:\re\workspace\8-2-build-windows-amd64-cygwin\jdk8u131\8869\hotspot\src\share\vm\prims\jni.cpp, line 709]
Event: 329.022 Thread 0x00000000184f0000 Exception <a 'sun/nio/fs/WindowsException'> (0x00000000e8927be8) thrown at [C:\re\workspace\8-2-build-windows-amd64-cygwin\jdk8u131\8869\hotspot\src\share\vm\prims\jni.cpp, line 709]
Event: 329.024 Thread 0x00000000184f0000 Exception <a 'sun/nio/fs/WindowsException'> (0x00000000e892bb58) thrown at [C:\re\workspace\8-2-build-windows-amd64-cygwin\jdk8u131\8869\hotspot\src\share\vm\prims\jni.cpp, line 709]
Event: 329.024 Thread 0x00000000184f0000 Exception <a 'sun/nio/fs/WindowsException'> (0x00000000e892cbb0) thrown at [C:\re\workspace\8-2-build-windows-amd64-cygwin\jdk8u131\8869\hotspot\src\share\vm\prims\jni.cpp, line 709]
Event: 329.024 Thread 0x00000000184f0000 Exception <a 'sun/nio/fs/WindowsException'> (0x00000000e892eae0) thrown at [C:\re\workspace\8-2-build-windows-amd64-cygwin\jdk8u131\8869\hotspot\src\share\vm\prims\jni.cpp, line 709]
Event: 329.024 Thread 0x00000000184f0000 Exception <a 'sun/nio/fs/WindowsException'> (0x00000000e892fb38) thrown at [C:\re\workspace\8-2-build-windows-amd64-cygwin\jdk8u131\8869\hotspot\src\share\vm\prims\jni.cpp, line 709]
Event: 329.025 Thread 0x00000000184f0000 Exception <a 'sun/nio/fs/WindowsException'> (0x00000000e8931be0) thrown at [C:\re\workspace\8-2-build-windows-amd64-cygwin\jdk8u131\8869\hotspot\src\share\vm\prims\jni.cpp, line 709]
Event: 329.025 Thread 0x00000000184f0000 Exception <a 'sun/nio/fs/WindowsException'> (0x00000000e8932c40) thrown at [C:\re\workspace\8-2-build-windows-amd64-cygwin\jdk8u131\8869\hotspot\src\share\vm\prims\jni.cpp, line 709]
Event: 329.025 Thread 0x00000000184f0000 Exception <a 'sun/nio/fs/WindowsException'> (0x00000000e8934d40) thrown at [C:\re\workspace\8-2-build-windows-amd64-cygwin\jdk8u131\8869\hotspot\src\share\vm\prims\jni.cpp, line 709]
Event: 329.025 Thread 0x00000000184f0000 Exception <a 'sun/nio/fs/WindowsException'> (0x00000000e8935da8) thrown at [C:\re\workspace\8-2-build-windows-amd64-cygwin\jdk8u131\8869\hotspot\src\share\vm\prims\jni.cpp, line 709]

Events (10 events):
Event: 329.525 loading class com/android/build/gradle/internal/tasks/MergeJavaResourcesDelegate$WhenMappings
Event: 329.525 loading class com/android/build/gradle/internal/tasks/MergeJavaResourcesDelegate$WhenMappings done
Event: 329.526 loading class com/android/builder/merge/StreamMergeAlgorithm
Event: 329.526 loading class com/android/builder/merge/StreamMergeAlgorithm done
Event: 329.527 loading class com/google/common/io/Closer
Event: 329.527 loading class com/google/common/io/Closer done
Event: 329.532 loading class com/android/tools/build/apkzlib/zip/StoredEntry
Event: 329.532 loading class com/android/tools/build/apkzlib/zip/StoredEntry done
Event: 329.532 loading class com/android/tools/build/apkzlib/zip/StoredEntry
Event: 329.532 loading class com/android/tools/build/apkzlib/zip/StoredEntry done


Dynamic libraries:
0x00007ff72ffa0000 - 0x00007ff72ffd7000 	D:\Program Files\Java\jdk1.8.0_131\bin\java.exe
0x00007ffce7340000 - 0x00007ffce7530000 	C:\WINDOWS\SYSTEM32\ntdll.dll
0x00007ffce5ba0000 - 0x00007ffce5c52000 	C:\WINDOWS\System32\KERNEL32.DLL
0x00007ffce46c0000 - 0x00007ffce4963000 	C:\WINDOWS\System32\KERNELBASE.dll
0x00007ffce53f0000 - 0x00007ffce5493000 	C:\WINDOWS\System32\ADVAPI32.dll
0x00007ffce6fd0000 - 0x00007ffce706e000 	C:\WINDOWS\System32\msvcrt.dll
0x00007ffce5af0000 - 0x00007ffce5b87000 	C:\WINDOWS\System32\sechost.dll
0x00007ffce7070000 - 0x00007ffce7190000 	C:\WINDOWS\System32\RPCRT4.dll
0x00007ffce65a0000 - 0x00007ffce6734000 	C:\WINDOWS\System32\USER32.dll
0x00007ffce53c0000 - 0x00007ffce53e1000 	C:\WINDOWS\System32\win32u.dll
0x00007ffce72d0000 - 0x00007ffce72f6000 	C:\WINDOWS\System32\GDI32.dll
0x00007ffce43f0000 - 0x00007ffce4584000 	C:\WINDOWS\System32\gdi32full.dll
0x00007ffce4b40000 - 0x00007ffce4bde000 	C:\WINDOWS\System32\msvcp_win.dll
0x00007ffce42f0000 - 0x00007ffce43ea000 	C:\WINDOWS\System32\ucrtbase.dll
0x00007ffcc3060000 - 0x00007ffcc32e5000 	C:\WINDOWS\WinSxS\amd64_microsoft.windows.common-controls_6595b64144ccf1df_6.0.18362.720_none_e6beb5c51314836b\COMCTL32.dll
0x00007ffce5630000 - 0x00007ffce5966000 	C:\WINDOWS\System32\combase.dll
0x00007ffce4ac0000 - 0x00007ffce4b40000 	C:\WINDOWS\System32\bcryptPrimitives.dll
0x00007ffce5a50000 - 0x00007ffce5a7e000 	C:\WINDOWS\System32\IMM32.DLL
0x00000000516d0000 - 0x00000000517a2000 	D:\Program Files\Java\jdk1.8.0_131\jre\bin\msvcr100.dll
0x0000000050e30000 - 0x00000000516cc000 	D:\Program Files\Java\jdk1.8.0_131\jre\bin\server\jvm.dll
0x00007ffce5b90000 - 0x00007ffce5b98000 	C:\WINDOWS\System32\PSAPI.DLL
0x00007ffccc000000 - 0x00007ffccc009000 	C:\WINDOWS\SYSTEM32\WSOCK32.dll
0x00007ffcd7660000 - 0x00007ffcd7684000 	C:\WINDOWS\SYSTEM32\WINMM.dll
0x00007ffcd8fb0000 - 0x00007ffcd8fba000 	C:\WINDOWS\SYSTEM32\VERSION.dll
0x00007ffce55b0000 - 0x00007ffce561f000 	C:\WINDOWS\System32\WS2_32.dll
0x00007ffcd7630000 - 0x00007ffcd765d000 	C:\WINDOWS\SYSTEM32\WINMMBASE.dll
0x00007ffce4670000 - 0x00007ffce46ba000 	C:\WINDOWS\System32\cfgmgr32.dll
0x0000000050e20000 - 0x0000000050e2f000 	D:\Program Files\Java\jdk1.8.0_131\jre\bin\verify.dll
0x0000000050df0000 - 0x0000000050e19000 	D:\Program Files\Java\jdk1.8.0_131\jre\bin\java.dll
0x0000000050dd0000 - 0x0000000050de6000 	D:\Program Files\Java\jdk1.8.0_131\jre\bin\zip.dll
0x00007ffce68e0000 - 0x00007ffce6fc5000 	C:\WINDOWS\System32\SHELL32.dll
0x00007ffce54a0000 - 0x00007ffce5549000 	C:\WINDOWS\System32\shcore.dll
0x00007ffce4c40000 - 0x00007ffce53c0000 	C:\WINDOWS\System32\windows.storage.dll
0x00007ffce4210000 - 0x00007ffce4233000 	C:\WINDOWS\System32\profapi.dll
0x00007ffce4240000 - 0x00007ffce428a000 	C:\WINDOWS\System32\powrprof.dll
0x00007ffce4200000 - 0x00007ffce4210000 	C:\WINDOWS\System32\UMPDC.dll
0x00007ffce5550000 - 0x00007ffce55a2000 	C:\WINDOWS\System32\shlwapi.dll
0x00007ffce42b0000 - 0x00007ffce42c1000 	C:\WINDOWS\System32\kernel.appcore.dll
0x00007ffce42d0000 - 0x00007ffce42e7000 	C:\WINDOWS\System32\cryptsp.dll
0x0000000050db0000 - 0x0000000050dca000 	D:\Program Files\Java\jdk1.8.0_131\jre\bin\net.dll
0x00007ffce3a70000 - 0x00007ffce3ad7000 	C:\WINDOWS\system32\mswsock.dll
0x0000000050d90000 - 0x0000000050da1000 	D:\Program Files\Java\jdk1.8.0_131\jre\bin\nio.dll
0x00007ffcb8c30000 - 0x00007ffcb8c56000 	C:\Users\18432\.gradle\native\29\windows-amd64\native-platform.dll
0x0000000050d80000 - 0x0000000050d8d000 	D:\Program Files\Java\jdk1.8.0_131\jre\bin\management.dll
0x00007ffce35e0000 - 0x00007ffce3613000 	C:\WINDOWS\system32\rsaenh.dll
0x00007ffce4640000 - 0x00007ffce4666000 	C:\WINDOWS\System32\bcrypt.dll
0x00007ffce4120000 - 0x00007ffce4145000 	C:\WINDOWS\SYSTEM32\USERENV.dll
0x00007ffce3c40000 - 0x00007ffce3c4c000 	C:\WINDOWS\SYSTEM32\CRYPTBASE.dll
0x00007ffce3780000 - 0x00007ffce37ba000 	C:\WINDOWS\SYSTEM32\IPHLPAPI.DLL
0x00007ffce5620000 - 0x00007ffce5628000 	C:\WINDOWS\System32\NSI.dll
0x00007ffcd8f90000 - 0x00007ffcd8fa6000 	C:\WINDOWS\SYSTEM32\dhcpcsvc6.DLL
0x00007ffcd8e50000 - 0x00007ffcd8e6c000 	C:\WINDOWS\SYSTEM32\dhcpcsvc.DLL
0x00007ffce37c0000 - 0x00007ffce388a000 	C:\WINDOWS\SYSTEM32\DNSAPI.dll
0x0000000050d50000 - 0x0000000050d74000 	D:\Program Files\Java\jdk1.8.0_131\jre\bin\sunec.dll
0x00007ffcd7860000 - 0x00007ffcd786a000 	C:\Windows\System32\rasadhlp.dll
0x00007ffcd7f40000 - 0x00007ffcd7fb7000 	C:\WINDOWS\System32\fwpuclnt.dll
0x0000000050d40000 - 0x0000000050d4b000 	D:\Program Files\Java\jdk1.8.0_131\jre\bin\sunmscapi.dll
0x00007ffce4970000 - 0x00007ffce4ab9000 	C:\WINDOWS\System32\CRYPT32.dll
0x00007ffce4290000 - 0x00007ffce42a2000 	C:\WINDOWS\System32\MSASN1.dll

VM Arguments:
jvm_args: -Xmx1536m -Dfile.encoding=GBK -Duser.country=CN -Duser.language=zh -Duser.variant 
java_command: org.gradle.launcher.daemon.bootstrap.GradleDaemon 5.4.1
java_class_path (initial): C:\Users\18432\.gradle\wrapper\dists\gradle-5.4.1-all\3221gyojl5jsh0helicew7rwx\gradle-5.4.1\lib\gradle-launcher-5.4.1.jar
Launcher Type: SUN_STANDARD

Environment Variables:
JAVA_HOME=D:\Program Files\Java\jdk1.8.0_131
CLASSPATH=.;D:\Program Files\Java\jdk1.8.0_131\lib\dt.jar;D:\Program Files\Java\jdk1.8.0_131\lib\tools.jar
PATH=C:\ProgramData\Oracle\Java\javapath;F:\app\18432\product\11.2.0\dbhome_1\bin;C:\Program Files (x86)\Intel\iCLS Client\;C:\Program Files\Intel\iCLS Client\;C:\windows\system32;C:\windows;C:\windows\System32\Wbem;C:\windows\System32\WindowsPowerShell\v1.0\;C:\Program Files (x86)\NVIDIA Corporation\PhysX\Common;C:\Program Files (x86)\Intel\Intel(R) Management Engine Components\DAL;C:\Program Files\Intel\Intel(R) Management Engine Components\DAL;C:\Program Files (x86)\Intel\Intel(R) Management Engine Components\IPT;C:\Program Files\Intel\Intel(R) Management Engine Components\IPT;C:\WINDOWS\system32;C:\WINDOWS;C:\WINDOWS\System32\Wbem;C:\WINDOWS\System32\WindowsPowerShell\v1.0\;C:\Program Files (x86)\Windows Kits\8.1\Windows Performance Toolkit\;C:\Program Files\Microsoft SQL Server\110\Tools\Binn\;C:\Program Files (x86)\Microsoft SQL Server\100\Tools\Binn\;C:\Program Files\Microsoft SQL Server\100\Tools\Binn\;C:\Program Files\Microsoft SQL Server\100\DTS\Binn\;C:\Program Files (x86)\Microsoft SQL Server\100\Tools\Binn\VSShell\Common7\IDE\;C:\Program Files (x86)\Microsoft Visual Studio 9.0\Common7\IDE\PrivateAssemblies\;C:\Program Files (x86)\Microsoft SQL Server\100\DTS\Binn\;C:\Program Files\VisualSVN Server\bin;C:\Program Files\TortoiseSVN\bin;C:\Program Files\Intel\WiFi\bin\;C:\Program Files\Common Files\Intel\WirelessCommon\;C:\WINDOWS\System32\OpenSSH\;D:\Program Files\Java\jdk1.8.0_131\bin;D:\Program Files\Java\jdk1.8.0_131\jre\bin;D:\Python\Scripts\;D:\Python\;C:\Users\18432\AppData\Local\Microsoft\WindowsApps;
USERNAME=18432
OS=Windows_NT
PROCESSOR_IDENTIFIER=Intel64 Family 6 Model 142 Stepping 10, GenuineIntel



---------------  S Y S T E M  ---------------

OS: Windows 10.0 , 64 bit Build 18362 (10.0.18362.329)

CPU:total 8 (initial active 8) (4 cores per cpu, 2 threads per core) family 6 model 142 stepping 10, cmov, cx8, fxsr, mmx, sse, sse2, sse3, ssse3, sse4.1, sse4.2, popcnt, avx, avx2, aes, clmul, erms, 3dnowpref, lzcnt, ht, tsc, tscinvbit, bmi1, bmi2, adx

Memory: 4k page, physical 8281304k(770652k free), swap 12475608k(348k free)

vm_info: Java HotSpot(TM) 64-Bit Server VM (25.131-b11) for windows-amd64 JRE (1.8.0_131-b11), built on Mar 15 2017 01:23:53 by "java_re" with MS VC++ 10.0 (VS2010)

time: Thu Mar 26 23:06:48 2020
elapsed time: 330 seconds (0d 0h 5m 30s)

