#
# There is insufficient memory for the Java Runtime Environment to continue.
# Native memory allocation (malloc) failed to allocate 1457216 bytes for Chunk::new
# Possible reasons:
#   The system is out of physical RAM or swap space
#   In 32 bit mode, the process size limit was hit
# Possible solutions:
#   Reduce memory load on the system
#   Increase physical memory or swap space
#   Check if swap backing store is full
#   Use 64 bit Java on a 64 bit OS
#   Decrease Java heap size (-Xmx/-Xms)
#   Decrease number of Java threads
#   Decrease Java thread stack sizes (-Xss)
#   Set larger code cache with -XX:ReservedCodeCacheSize=
# This output file may be truncated or incomplete.
#
#  Out of Memory Error (allocation.cpp:390), pid=5544, tid=0x0000000000004b78
#
# JRE version: Java(TM) SE Runtime Environment (8.0_131-b11) (build 1.8.0_131-b11)
# Java VM: Java HotSpot(TM) 64-Bit Server VM (25.131-b11 mixed mode windows-amd64 compressed oops)
# Failed to write core dump. Minidumps are not enabled by default on client versions of Windows
#

---------------  T H R E A D  ---------------

Current thread (0x0000000019041000):  JavaThread "C2 CompilerThread1" daemon [_thread_in_native, id=19320, stack(0x00000000197a0000,0x00000000198a0000)]

Stack: [0x00000000197a0000,0x00000000198a0000]
[error occurred during error reporting (printing stack bounds), id 0xc0000005]

Native frames: (J=compiled Java code, j=interpreted, Vv=VM code, C=native code)


Current CompileTask:
C2:6486119 22607       4       com.android.tools.r8.ir.regalloc.LinearScanRegisterAllocator::a (3743 bytes)


---------------  P R O C E S S  ---------------

Java Threads: ( => current thread )
  0x00000000207b0000 JavaThread "WorkerExecutor Queue Thread 12" [_thread_blocked, id=15348, stack(0x000000002d9c0000,0x000000002dac0000)]
  0x00000000207b8000 JavaThread "ForkJoinPool.commonPool-worker-7" daemon [_thread_blocked, id=21544, stack(0x000000002d400000,0x000000002d500000)]
  0x000000001ccad000 JavaThread "ForkJoinPool.commonPool-worker-6" daemon [_thread_blocked, id=9880, stack(0x000000002d0e0000,0x000000002d1e0000)]
  0x000000001b0d7000 JavaThread "ForkJoinPool.commonPool-worker-4" daemon [_thread_blocked, id=25072, stack(0x000000002aa70000,0x000000002ab70000)]
  0x000000002570c000 JavaThread "ForkJoinPool.commonPool-worker-2" daemon [_thread_blocked, id=25888, stack(0x0000000028d70000,0x0000000028e70000)]
  0x000000002570f000 JavaThread "ForkJoinPool.commonPool-worker-1" daemon [_thread_blocked, id=22664, stack(0x0000000028970000,0x0000000028a70000)]
  0x00000000207b6000 JavaThread "Cache worker for Java compile cache (D:\WYweixin\.gradle\5.4.1\javaCompile)" [_thread_blocked, id=19596, stack(0x0000000029270000,0x0000000029370000)]
  0x00000000207b5000 JavaThread "Cache worker for Java compile cache (C:\Users\18432\.gradle\caches\5.4.1\javaCompile)" [_thread_blocked, id=21252, stack(0x0000000029170000,0x0000000029270000)]
  0x00000000207ae800 JavaThread "stdout" [_thread_in_native, id=18928, stack(0x000000002a370000,0x000000002a470000)]
  0x00000000207ad000 JavaThread "stderr" [_thread_in_native, id=11124, stack(0x000000002a270000,0x000000002a370000)]
  0x00000000207b2000 JavaThread "stdout" [_thread_in_native, id=20964, stack(0x000000002a170000,0x000000002a270000)]
  0x0000000025713000 JavaThread "stderr" [_thread_in_native, id=17472, stack(0x000000002a070000,0x000000002a170000)]
  0x0000000025712800 JavaThread "stdout" [_thread_in_native, id=25136, stack(0x0000000029f70000,0x000000002a070000)]
  0x0000000025711800 JavaThread "stderr" [_thread_in_native, id=12004, stack(0x0000000029e70000,0x0000000029f70000)]
  0x0000000025714800 JavaThread "stdout" [_thread_in_native, id=8240, stack(0x0000000029d70000,0x0000000029e70000)]
  0x0000000025715800 JavaThread "stderr" [_thread_in_native, id=20352, stack(0x0000000029c70000,0x0000000029d70000)]
  0x0000000025718800 JavaThread "stdout" [_thread_in_native, id=25204, stack(0x0000000029b70000,0x0000000029c70000)]
  0x0000000025717800 JavaThread "stderr" [_thread_in_native, id=1632, stack(0x0000000029a70000,0x0000000029b70000)]
  0x0000000025714000 JavaThread "stdout" [_thread_in_native, id=20488, stack(0x0000000029970000,0x0000000029a70000)]
  0x0000000025716000 JavaThread "stderr" [_thread_in_native, id=14432, stack(0x0000000029870000,0x0000000029970000)]
  0x0000000025717000 JavaThread "stdout" [_thread_in_native, id=17364, stack(0x0000000029770000,0x0000000029870000)]
  0x000000002570a000 JavaThread "stderr" [_thread_in_native, id=22896, stack(0x0000000029670000,0x0000000029770000)]
  0x0000000025711000 JavaThread "stdout" [_thread_in_native, id=26556, stack(0x0000000029570000,0x0000000029670000)]
  0x0000000025709000 JavaThread "stderr" [_thread_in_native, id=24588, stack(0x0000000029470000,0x0000000029570000)]
  0x000000002570d000 JavaThread "WorkerExecutor Queue Thread 8" [_thread_blocked, id=20648, stack(0x0000000029370000,0x0000000029470000)]
  0x0000000025710000 JavaThread "pool-12-thread-1" [_thread_blocked, id=7340, stack(0x0000000028f70000,0x0000000029070000)]
  0x000000001b0da000 JavaThread "WorkerExecutor Queue Thread 2" [_thread_blocked, id=12804, stack(0x0000000028c70000,0x0000000028d70000)]
  0x000000001f3fd000 JavaThread "Cache worker for execution history cache (D:\WYweixin\.gradle\5.4.1\executionHistory)" [_thread_blocked, id=25532, stack(0x0000000028870000,0x0000000028970000)]
  0x000000001f3f5800 JavaThread "Execution worker for ':' Thread 7" [_thread_blocked, id=13132, stack(0x0000000028770000,0x0000000028870000)]
  0x000000001f3f6800 JavaThread "Execution worker for ':' Thread 6" [_thread_blocked, id=26588, stack(0x0000000028670000,0x0000000028770000)]
  0x000000001f3fc800 JavaThread "Execution worker for ':' Thread 5" [_thread_blocked, id=25212, stack(0x0000000028570000,0x0000000028670000)]
  0x000000001f3fb800 JavaThread "Execution worker for ':' Thread 4" [_thread_in_Java, id=25868, stack(0x0000000028470000,0x0000000028570000)]
  0x000000001f3fb000 JavaThread "Execution worker for ':' Thread 3" [_thread_blocked, id=23312, stack(0x0000000028370000,0x0000000028470000)]
  0x000000001f3f8800 JavaThread "Execution worker for ':' Thread 2" [_thread_blocked, id=20192, stack(0x0000000028270000,0x0000000028370000)]
  0x000000001f3f7000 JavaThread "Execution worker for ':'" [_thread_blocked, id=19080, stack(0x0000000028170000,0x0000000028270000)]
  0x000000001f3f8000 JavaThread "Cache worker for file content cache (D:\WYweixin\.gradle\5.4.1\fileContent)" [_thread_blocked, id=10608, stack(0x0000000027e70000,0x0000000027f70000)]
  0x000000001f3fa000 JavaThread "Cache worker for file content cache (C:\Users\18432\.gradle\caches\5.4.1\fileContent)" [_thread_blocked, id=1880, stack(0x0000000027d70000,0x0000000027e70000)]
  0x000000001f3f9800 JavaThread "Cache worker for Build Output Cleanup Cache (D:\WYweixin\.gradle\buildOutputCleanup)" [_thread_blocked, id=17228, stack(0x0000000026fc0000,0x00000000270c0000)]
  0x000000001f3ee000 JavaThread "Build operations Thread 8" [_thread_blocked, id=5656, stack(0x0000000023e00000,0x0000000023f00000)]
  0x000000001f3f3800 JavaThread "Build operations Thread 7" [_thread_blocked, id=1928, stack(0x0000000023660000,0x0000000023760000)]
  0x000000001f3f2000 JavaThread "Build operations Thread 6" [_thread_blocked, id=23920, stack(0x0000000023560000,0x0000000023660000)]
  0x000000001f3f1000 JavaThread "Build operations Thread 5" [_thread_blocked, id=12472, stack(0x0000000023460000,0x0000000023560000)]
  0x000000001f3f4000 JavaThread "Build operations Thread 4" [_thread_blocked, id=15156, stack(0x0000000023360000,0x0000000023460000)]
  0x000000001f3f0800 JavaThread "Build operations Thread 3" [_thread_blocked, id=22136, stack(0x0000000023260000,0x0000000023360000)]
  0x000000001f3f5000 JavaThread "Build operations Thread 2" [_thread_blocked, id=11776, stack(0x0000000023160000,0x0000000023260000)]
  0x000000001cca8800 JavaThread "Build operations" [_thread_blocked, id=10248, stack(0x0000000023060000,0x0000000023160000)]
  0x000000001cca8000 JavaThread "Cache worker for cache directory md-rule (C:\Users\18432\.gradle\caches\5.4.1\md-rule)" [_thread_blocked, id=16636, stack(0x0000000022a70000,0x0000000022b70000)]
  0x000000001ccab800 JavaThread "Cache worker for cache directory md-supplier (C:\Users\18432\.gradle\caches\5.4.1\md-supplier)" [_thread_blocked, id=24696, stack(0x00000000227b0000,0x00000000228b0000)]
  0x000000001ccab000 JavaThread "Cache worker for file hash cache (D:\WYweixin\.gradle\5.4.1\fileHashes)" [_thread_blocked, id=9128, stack(0x00000000212b0000,0x00000000213b0000)]
  0x000000001cca0800 JavaThread "Thread-120" [_thread_blocked, id=23716, stack(0x00000000211b0000,0x00000000212b0000)]
  0x000000001cca7000 JavaThread "Stdin handler" [_thread_blocked, id=20736, stack(0x000000001eac0000,0x000000001ebc0000)]
  0x000000001cca5000 JavaThread "Asynchronous log dispatcher for DefaultDaemonConnection: socket connection from /127.0.0.1:1360 to /127.0.0.1:2029" [_thread_blocked, id=5216, stack(0x000000001be20000,0x000000001bf20000)]
  0x000000001cc9f800 JavaThread "Daemon worker Thread 7" [_thread_blocked, id=11132, stack(0x000000001bb20000,0x000000001bc20000)]
  0x000000001cca3800 JavaThread "Cancel handler" [_thread_blocked, id=24824, stack(0x000000001ba20000,0x000000001bb20000)]
  0x000000001cca2800 JavaThread "Handler for socket connection from /127.0.0.1:1360 to /127.0.0.1:2029" [_thread_in_native, id=20880, stack(0x0000000002bd0000,0x0000000002cd0000)]
  0x000000001cca1000 JavaThread "Daemon Thread 7" [_thread_blocked, id=3884, stack(0x0000000001270000,0x0000000001370000)]
  0x000000001cc9e000 JavaThread "Memory manager" [_thread_blocked, id=22436, stack(0x0000000024100000,0x0000000024200000)]
  0x000000001b0dd000 JavaThread "Cache worker for execution history cache (C:\Users\18432\.gradle\caches\5.4.1\executionHistory)" [_thread_blocked, id=26456, stack(0x0000000022970000,0x0000000022a70000)]
  0x000000001b0d9800 JavaThread "Cache worker for journal cache (C:\Users\18432\.gradle\caches\journal-1)" [_thread_blocked, id=7096, stack(0x000000001c620000,0x000000001c720000)]
  0x000000001b0db000 JavaThread "File lock request listener" [_thread_in_native, id=20728, stack(0x000000001c520000,0x000000001c620000)]
  0x000000001b0d8000 JavaThread "Cache worker for file hash cache (C:\Users\18432\.gradle\caches\5.4.1\fileHashes)" [_thread_blocked, id=764, stack(0x000000001c420000,0x000000001c520000)]
  0x00000000190b6800 JavaThread "Daemon periodic checks" [_thread_blocked, id=22312, stack(0x000000001b920000,0x000000001ba20000)]
  0x00000000191ba800 JavaThread "Incoming local TCP Connector on port 1360" [_thread_in_native, id=24524, stack(0x000000001b770000,0x000000001b870000)]
  0x000000001ae44000 JavaThread "Daemon health stats" [_thread_blocked, id=10472, stack(0x000000001b470000,0x000000001b570000)]
  0x000000001908f000 JavaThread "Service Thread" daemon [_thread_blocked, id=15388, stack(0x0000000019aa0000,0x0000000019ba0000)]
  0x0000000019048800 JavaThread "C1 CompilerThread3" daemon [_thread_blocked, id=23116, stack(0x00000000199a0000,0x0000000019aa0000)]
  0x0000000019044800 JavaThread "C2 CompilerThread2" daemon [_thread_in_native, id=25388, stack(0x00000000198a0000,0x00000000199a0000)]
=>0x0000000019041000 JavaThread "C2 CompilerThread1" daemon [_thread_in_native, id=19320, stack(0x00000000197a0000,0x00000000198a0000)]
  0x0000000019031800 JavaThread "C2 CompilerThread0" daemon [_thread_in_native, id=22856, stack(0x00000000196a0000,0x00000000197a0000)]
  0x000000001902c000 JavaThread "Attach Listener" daemon [_thread_blocked, id=10096, stack(0x00000000195a0000,0x00000000196a0000)]
  0x0000000018fd9800 JavaThread "Signal Dispatcher" daemon [_thread_blocked, id=17772, stack(0x00000000194a0000,0x00000000195a0000)]
  0x00000000032fe000 JavaThread "Finalizer" daemon [_thread_blocked, id=420, stack(0x00000000193a0000,0x00000000194a0000)]
  0x00000000032f7000 JavaThread "Reference Handler" daemon [_thread_blocked, id=9284, stack(0x0000000018ea0000,0x0000000018fa0000)]
  0x00000000031fe000 JavaThread "main" [_thread_blocked, id=14580, stack(0x0000000003020000,0x0000000003120000)]

Other Threads:
  0x00000000170b9000 VMThread [stack: 0x0000000018da0000,0x0000000018ea0000] [id=11072]
  0x0000000019130000 WatcherThread [stack: 0x0000000019ba0000,0x0000000019ca0000] [id=1504]

VM state:not at safepoint (normal execution)

VM Mutex/Monitor currently owned by a thread: None

Heap:
 PSYoungGen      total 470528K, used 365131K [0x00000000e0000000, 0x0000000100000000, 0x0000000100000000)
  eden space 420864K, 83% used [0x00000000e0000000,0x00000000f56697b0,0x00000000f9b00000)
  from space 49664K, 29% used [0x00000000f9b00000,0x00000000fa9296d8,0x00000000fcb80000)
  to   space 48128K, 0% used [0x00000000fd100000,0x00000000fd100000,0x0000000100000000)
 ParOldGen       total 168960K, used 56087K [0x00000000a0000000, 0x00000000aa500000, 0x00000000e0000000)
  object space 168960K, 33% used [0x00000000a0000000,0x00000000a36c5fa0,0x00000000aa500000)
 Metaspace       used 113784K, capacity 118575K, committed 119296K, reserved 1153024K
  class space    used 14801K, capacity 15703K, committed 15872K, reserved 1048576K

Card table byte_map: [0x00000000126c0000,0x00000000129d0000] byte_map_base: 0x00000000121c0000

Marking Bits: (ParMarkBitMap*) 0x000000006459c720
 Begin Bits: [0x00000000133d0000, 0x0000000014bd0000)
 End Bits:   [0x0000000014bd0000, 0x00000000163d0000)

Polling page: 0x00000000013f0000

CodeCache: size=245760Kb used=62283Kb max_used=62325Kb free=183476Kb
 bounds [0x0000000003300000, 0x00000000070b0000, 0x0000000012300000]
 total_blobs=18873 nmethods=17983 adapters=798
 compilation: enabled

Compilation events (10 events):
Event: 6485.346 Thread 0x0000000019048800 22626       2       com.android.tools.r8.ir.code.BasicBlock::h (51 bytes)
Event: 6485.347 Thread 0x0000000019048800 nmethod 22626 0x0000000006999490 code [0x0000000006999640, 0x0000000006999908]
Event: 6485.367 Thread 0x0000000019048800 22627       2       com.android.tools.r8.ir.regalloc.LinearScanRegisterAllocator::a (189 bytes)
Event: 6485.371 Thread 0x0000000019048800 nmethod 22627 0x0000000003500910 code [0x0000000003500ca0, 0x0000000003501c18]
Event: 6485.403 Thread 0x0000000019041000 nmethod 21401% 0x0000000005faef90 code [0x0000000005faf460, 0x0000000005fb29f8]
Event: 6485.404 Thread 0x0000000019041000 21285 %     4       com.android.tools.r8.ir.code.w::<init> @ 388 (637 bytes)
Event: 6485.445 Thread 0x0000000019041000 nmethod 21285% 0x0000000006f1bd90 code [0x0000000006f1bf60, 0x0000000006f1cb38]
Event: 6485.445 Thread 0x0000000019041000 22607       4       com.android.tools.r8.ir.regalloc.LinearScanRegisterAllocator::a (3743 bytes)
Event: 6485.947 Thread 0x0000000019048800 22633       2       com.android.tools.r8.ir.code.h0::<init> (198 bytes)
Event: 6485.950 Thread 0x0000000019048800 nmethod 22633 0x000000000545c150 code [0x000000000545c2c0, 0x000000000545c4a8]

GC Heap History (10 events):
Event: 6473.217 GC heap before
{Heap before GC invocations=29 (full 4):
 PSYoungGen      total 364544K, used 357985K [0x00000000e0000000, 0x00000000fa000000, 0x0000000100000000)
  eden space 325120K, 100% used [0x00000000e0000000,0x00000000f3d80000,0x00000000f3d80000)
  from space 39424K, 83% used [0x00000000f6700000,0x00000000f87185b0,0x00000000f8d80000)
  to   space 42496K, 0% used [0x00000000f3d80000,0x00000000f3d80000,0x00000000f6700000)
 ParOldGen       total 168960K, used 34513K [0x00000000a0000000, 0x00000000aa500000, 0x00000000e0000000)
  object space 168960K, 20% used [0x00000000a0000000,0x00000000a21b4728,0x00000000aa500000)
 Metaspace       used 112578K, capacity 117111K, committed 118144K, reserved 1150976K
  class space    used 14626K, capacity 15511K, committed 15744K, reserved 1048576K
Event: 6473.327 GC heap after
Heap after GC invocations=29 (full 4):
 PSYoungGen      total 367616K, used 40154K [0x00000000e0000000, 0x00000000fd600000, 0x0000000100000000)
  eden space 325120K, 0% used [0x00000000e0000000,0x00000000e0000000,0x00000000f3d80000)
  from space 42496K, 94% used [0x00000000f3d80000,0x00000000f64b6b68,0x00000000f6700000)
  to   space 47616K, 0% used [0x00000000fa780000,0x00000000fa780000,0x00000000fd600000)
 ParOldGen       total 168960K, used 34521K [0x00000000a0000000, 0x00000000aa500000, 0x00000000e0000000)
  object space 168960K, 20% used [0x00000000a0000000,0x00000000a21b6728,0x00000000aa500000)
 Metaspace       used 112578K, capacity 117111K, committed 118144K, reserved 1150976K
  class space    used 14626K, capacity 15511K, committed 15744K, reserved 1048576K
}
Event: 6474.474 GC heap before
{Heap before GC invocations=30 (full 4):
 PSYoungGen      total 367616K, used 365274K [0x00000000e0000000, 0x00000000fd600000, 0x0000000100000000)
  eden space 325120K, 100% used [0x00000000e0000000,0x00000000f3d80000,0x00000000f3d80000)
  from space 42496K, 94% used [0x00000000f3d80000,0x00000000f64b6b68,0x00000000f6700000)
  to   space 47616K, 0% used [0x00000000fa780000,0x00000000fa780000,0x00000000fd600000)
 ParOldGen       total 168960K, used 34521K [0x00000000a0000000, 0x00000000aa500000, 0x00000000e0000000)
  object space 168960K, 20% used [0x00000000a0000000,0x00000000a21b6728,0x00000000aa500000)
 Metaspace       used 112863K, capacity 117517K, committed 118400K, reserved 1153024K
  class space    used 14670K, capacity 15544K, committed 15744K, reserved 1048576K
Event: 6474.532 GC heap after
Heap after GC invocations=30 (full 4):
 PSYoungGen      total 428544K, used 43363K [0x00000000e0000000, 0x00000000fe000000, 0x0000000100000000)
  eden space 380928K, 0% used [0x00000000e0000000,0x00000000e0000000,0x00000000f7400000)
  from space 47616K, 91% used [0x00000000fa780000,0x00000000fd1d8d10,0x00000000fd600000)
  to   space 52736K, 0% used [0x00000000f7400000,0x00000000f7400000,0x00000000fa780000)
 ParOldGen       total 168960K, used 34529K [0x00000000a0000000, 0x00000000aa500000, 0x00000000e0000000)
  object space 168960K, 20% used [0x00000000a0000000,0x00000000a21b8728,0x00000000aa500000)
 Metaspace       used 112863K, capacity 117517K, committed 118400K, reserved 1153024K
  class space    used 14670K, capacity 15544K, committed 15744K, reserved 1048576K
}
Event: 6476.352 GC heap before
{Heap before GC invocations=31 (full 4):
 PSYoungGen      total 428544K, used 424291K [0x00000000e0000000, 0x00000000fe000000, 0x0000000100000000)
  eden space 380928K, 100% used [0x00000000e0000000,0x00000000f7400000,0x00000000f7400000)
  from space 47616K, 91% used [0x00000000fa780000,0x00000000fd1d8d10,0x00000000fd600000)
  to   space 52736K, 0% used [0x00000000f7400000,0x00000000f7400000,0x00000000fa780000)
 ParOldGen       total 168960K, used 34529K [0x00000000a0000000, 0x00000000aa500000, 0x00000000e0000000)
  object space 168960K, 20% used [0x00000000a0000000,0x00000000a21b8728,0x00000000aa500000)
 Metaspace       used 113023K, capacity 117655K, committed 118656K, reserved 1153024K
  class space    used 14681K, capacity 15545K, committed 15744K, reserved 1048576K
Event: 6476.397 GC heap after
Heap after GC invocations=31 (full 4):
 PSYoungGen      total 433664K, used 20536K [0x00000000e0000000, 0x0000000100000000, 0x0000000100000000)
  eden space 380928K, 0% used [0x00000000e0000000,0x00000000e0000000,0x00000000f7400000)
  from space 52736K, 38% used [0x00000000f7400000,0x00000000f880e2a8,0x00000000fa780000)
  to   space 50688K, 0% used [0x00000000fce80000,0x00000000fce80000,0x0000000100000000)
 ParOldGen       total 168960K, used 47218K [0x00000000a0000000, 0x00000000aa500000, 0x00000000e0000000)
  object space 168960K, 27% used [0x00000000a0000000,0x00000000a2e1c8f8,0x00000000aa500000)
 Metaspace       used 113023K, capacity 117655K, committed 118656K, reserved 1153024K
  class space    used 14681K, capacity 15545K, committed 15744K, reserved 1048576K
}
Event: 6478.673 GC heap before
{Heap before GC invocations=32 (full 4):
 PSYoungGen      total 433664K, used 401464K [0x00000000e0000000, 0x0000000100000000, 0x0000000100000000)
  eden space 380928K, 100% used [0x00000000e0000000,0x00000000f7400000,0x00000000f7400000)
  from space 52736K, 38% used [0x00000000f7400000,0x00000000f880e2a8,0x00000000fa780000)
  to   space 50688K, 0% used [0x00000000fce80000,0x00000000fce80000,0x0000000100000000)
 ParOldGen       total 168960K, used 47218K [0x00000000a0000000, 0x00000000aa500000, 0x00000000e0000000)
  object space 168960K, 27% used [0x00000000a0000000,0x00000000a2e1c8f8,0x00000000aa500000)
 Metaspace       used 113278K, capacity 117903K, committed 118656K, reserved 1153024K
  class space    used 14729K, capacity 15597K, committed 15744K, reserved 1048576K
Event: 6478.704 GC heap after
Heap after GC invocations=32 (full 4):
 PSYoungGen      total 467456K, used 16110K [0x00000000e0000000, 0x00000000ffc00000, 0x0000000100000000)
  eden space 420864K, 0% used [0x00000000e0000000,0x00000000e0000000,0x00000000f9b00000)
  from space 46592K, 34% used [0x00000000fce80000,0x00000000fde3b870,0x00000000ffc00000)
  to   space 49664K, 0% used [0x00000000f9b00000,0x00000000f9b00000,0x00000000fcb80000)
 ParOldGen       total 168960K, used 51384K [0x00000000a0000000, 0x00000000aa500000, 0x00000000e0000000)
  object space 168960K, 30% used [0x00000000a0000000,0x00000000a322e368,0x00000000aa500000)
 Metaspace       used 113278K, capacity 117903K, committed 118656K, reserved 1153024K
  class space    used 14729K, capacity 15597K, committed 15744K, reserved 1048576K
}
Event: 6481.819 GC heap before
{Heap before GC invocations=33 (full 4):
 PSYoungGen      total 467456K, used 436974K [0x00000000e0000000, 0x00000000ffc00000, 0x0000000100000000)
  eden space 420864K, 100% used [0x00000000e0000000,0x00000000f9b00000,0x00000000f9b00000)
  from space 46592K, 34% used [0x00000000fce80000,0x00000000fde3b870,0x00000000ffc00000)
  to   space 49664K, 0% used [0x00000000f9b00000,0x00000000f9b00000,0x00000000fcb80000)
 ParOldGen       total 168960K, used 51384K [0x00000000a0000000, 0x00000000aa500000, 0x00000000e0000000)
  object space 168960K, 30% used [0x00000000a0000000,0x00000000a322e368,0x00000000aa500000)
 Metaspace       used 113490K, capacity 118131K, committed 119040K, reserved 1153024K
  class space    used 14754K, capacity 15641K, committed 15872K, reserved 1048576K
Event: 6481.861 GC heap after
Heap after GC invocations=33 (full 4):
 PSYoungGen      total 470528K, used 14501K [0x00000000e0000000, 0x0000000100000000, 0x0000000100000000)
  eden space 420864K, 0% used [0x00000000e0000000,0x00000000e0000000,0x00000000f9b00000)
  from space 49664K, 29% used [0x00000000f9b00000,0x00000000fa9296d8,0x00000000fcb80000)
  to   space 48128K, 0% used [0x00000000fd100000,0x00000000fd100000,0x0000000100000000)
 ParOldGen       total 168960K, used 56087K [0x00000000a0000000, 0x00000000aa500000, 0x00000000e0000000)
  object space 168960K, 33% used [0x00000000a0000000,0x00000000a36c5fa0,0x00000000aa500000)
 Metaspace       used 113490K, capacity 118131K, committed 119040K, reserved 1153024K
  class space    used 14754K, capacity 15641K, committed 15872K, reserved 1048576K
}

Deoptimization events (10 events):
Event: 6479.710 Thread 0x000000001b0da000 Uncommon trap: reason=array_check action=maybe_recompile pc=0x000000000461bd58 method=java.util.Arrays.fill([Ljava/lang/Object;IILjava/lang/Object;)V @ 20
Event: 6479.960 Thread 0x000000001f3fb800 Uncommon trap: reason=predicate action=maybe_recompile pc=0x000000000646f994 method=com.android.tools.r8.ir.code.Phi.a(Lcom/android/tools/r8/ir/conversion/IRBuilder;)V @ 314
Event: 6481.796 Thread 0x000000001f3fb800 Uncommon trap: reason=class_check action=maybe_recompile pc=0x0000000005093d1c method=com.android.tools.r8.ir.analysis.g.e.b(Lcom/android/tools/r8/ir/code/Instruction;)V @ 376
Event: 6482.277 Thread 0x000000002570d800 Uncommon trap: reason=unstable_if action=reinterpret pc=0x0000000003cf7ef0 method=java.util.Arrays.hashCode([Ljava/lang/Object;)I @ 1
Event: 6482.277 Thread 0x000000001f3f2800 Uncommon trap: reason=unstable_if action=reinterpret pc=0x0000000003cf7ef0 method=java.util.Arrays.hashCode([Ljava/lang/Object;)I @ 1
Event: 6482.277 Thread 0x00000000207b9000 Uncommon trap: reason=unstable_if action=reinterpret pc=0x0000000003cf7ef0 method=java.util.Arrays.hashCode([Ljava/lang/Object;)I @ 1
Event: 6482.277 Thread 0x000000001f3ef000 Uncommon trap: reason=unstable_if action=reinterpret pc=0x0000000003cf7ef0 method=java.util.Arrays.hashCode([Ljava/lang/Object;)I @ 1
Event: 6482.277 Thread 0x00000000207ad800 Uncommon trap: reason=unstable_if action=reinterpret pc=0x0000000003cf7ef0 method=java.util.Arrays.hashCode([Ljava/lang/Object;)I @ 1
Event: 6482.277 Thread 0x000000001b0d8800 Uncommon trap: reason=unstable_if action=reinterpret pc=0x0000000003cf7ef0 method=java.util.Arrays.hashCode([Ljava/lang/Object;)I @ 1
Event: 6482.296 Thread 0x00000000207b9000 Uncommon trap: reason=unstable_if action=reinterpret pc=0x0000000003958414 method=java.util.concurrent.ConcurrentLinkedQueue.offer(Ljava/lang/Object;)Z @ 91

Internal exceptions (10 events):
Event: 6479.808 Thread 0x000000001f3f8800 Exception <a 'sun/nio/fs/WindowsException'> (0x00000000ed9c9ae8) thrown at [C:\re\workspace\8-2-build-windows-amd64-cygwin\jdk8u131\8869\hotspot\src\share\vm\prims\jni.cpp, line 709]
Event: 6479.879 Thread 0x000000001f3fc800 Exception <a 'sun/nio/fs/WindowsException'> (0x00000000ee5912d8) thrown at [C:\re\workspace\8-2-build-windows-amd64-cygwin\jdk8u131\8869\hotspot\src\share\vm\prims\jni.cpp, line 709]
Event: 6482.095 Thread 0x000000002570d000 Exception <a 'sun/nio/fs/WindowsException'> (0x00000000e1816f18) thrown at [C:\re\workspace\8-2-build-windows-amd64-cygwin\jdk8u131\8869\hotspot\src\share\vm\prims\jni.cpp, line 709]
Event: 6482.277 Thread 0x000000002570d800 Implicit null exception at 0x0000000003cf7def to 0x0000000003cf7ee1
Event: 6482.277 Thread 0x000000001f3f2800 Implicit null exception at 0x0000000003cf7def to 0x0000000003cf7ee1
Event: 6482.277 Thread 0x00000000207b9000 Implicit null exception at 0x0000000003cf7def to 0x0000000003cf7ee1
Event: 6482.277 Thread 0x000000001b0d8800 Implicit null exception at 0x0000000003cf7def to 0x0000000003cf7ee1
Event: 6482.277 Thread 0x000000001f3ef000 Implicit null exception at 0x0000000003cf7def to 0x0000000003cf7ee1
Event: 6482.277 Thread 0x00000000207ad800 Implicit null exception at 0x0000000003cf7def to 0x0000000003cf7ee1
Event: 6482.473 Thread 0x000000001b0d8800 Exception <a 'sun/nio/fs/WindowsException'> (0x00000000e44b82c0) thrown at [C:\re\workspace\8-2-build-windows-amd64-cygwin\jdk8u131\8869\hotspot\src\share\vm\prims\jni.cpp, line 709]

Events (10 events):
Event: 6485.957 Thread 0x0000000019048800 flushing nmethod 0x00000000035aeb90
Event: 6485.957 Thread 0x0000000019048800 flushing nmethod 0x00000000035b1850
Event: 6485.995 Thread 0x000000001f3fb800 DEOPT PACKING pc=0x00000000060a4229 sp=0x000000002856b280
Event: 6485.995 Thread 0x000000001f3fb800 DEOPT UNPACKING pc=0x000000000334787f sp=0x000000002856b138 mode 0
Event: 6486.020 Thread 0x000000001f3fb800 DEOPT PACKING pc=0x0000000005f5630d sp=0x000000002856b0d0
Event: 6486.020 Thread 0x000000001f3fb800 DEOPT UNPACKING pc=0x000000000334787f sp=0x000000002856b138 mode 0
Event: 6486.096 Thread 0x000000001f3fb800 DEOPT PACKING pc=0x0000000005f5630d sp=0x000000002856b0d0
Event: 6486.096 Thread 0x000000001f3fb800 DEOPT UNPACKING pc=0x000000000334787f sp=0x000000002856b138 mode 0
Event: 6486.101 Thread 0x000000001f3fb800 DEOPT PACKING pc=0x0000000005f5638a sp=0x000000002856aff0
Event: 6486.101 Thread 0x000000001f3fb800 DEOPT UNPACKING pc=0x000000000334787f sp=0x000000002856b070 mode 0


Dynamic libraries:
0x00007ff693aa0000 - 0x00007ff693ad7000 	D:\Program Files\Java\jdk1.8.0_131\bin\java.exe
0x00007ffe0aa20000 - 0x00007ffe0ac10000 	C:\WINDOWS\SYSTEM32\ntdll.dll
0x00007ffe09b60000 - 0x00007ffe09c12000 	C:\WINDOWS\System32\KERNEL32.DLL
0x00007ffe08690000 - 0x00007ffe08933000 	C:\WINDOWS\System32\KERNELBASE.dll
0x00007ffe0a930000 - 0x00007ffe0a9d3000 	C:\WINDOWS\System32\ADVAPI32.dll
0x00007ffe096a0000 - 0x00007ffe0973e000 	C:\WINDOWS\System32\msvcrt.dll
0x00007ffe0a420000 - 0x00007ffe0a4b7000 	C:\WINDOWS\System32\sechost.dll
0x00007ffe09a20000 - 0x00007ffe09b40000 	C:\WINDOWS\System32\RPCRT4.dll
0x00007ffe09880000 - 0x00007ffe09a14000 	C:\WINDOWS\System32\USER32.dll
0x00007ffe08340000 - 0x00007ffe08361000 	C:\WINDOWS\System32\win32u.dll
0x00007ffe09d00000 - 0x00007ffe09d26000 	C:\WINDOWS\System32\GDI32.dll
0x00007ffe08470000 - 0x00007ffe08604000 	C:\WINDOWS\System32\gdi32full.dll
0x00007ffe08150000 - 0x00007ffe081ee000 	C:\WINDOWS\System32\msvcp_win.dll
0x00007ffe08370000 - 0x00007ffe0846a000 	C:\WINDOWS\System32\ucrtbase.dll
0x00007ffdf2990000 - 0x00007ffdf2c15000 	C:\WINDOWS\WinSxS\amd64_microsoft.windows.common-controls_6595b64144ccf1df_6.0.18362.657_none_e6c5b579130e3898\COMCTL32.dll
0x00007ffe0a4c0000 - 0x00007ffe0a7f6000 	C:\WINDOWS\System32\combase.dll
0x00007ffe08610000 - 0x00007ffe08690000 	C:\WINDOWS\System32\bcryptPrimitives.dll
0x00007ffe08f40000 - 0x00007ffe08f6e000 	C:\WINDOWS\System32\IMM32.DLL
0x0000000064620000 - 0x00000000646f2000 	D:\Program Files\Java\jdk1.8.0_131\jre\bin\msvcr100.dll
0x0000000063d80000 - 0x000000006461c000 	D:\Program Files\Java\jdk1.8.0_131\jre\bin\server\jvm.dll
0x00007ffe09b50000 - 0x00007ffe09b58000 	C:\WINDOWS\System32\PSAPI.DLL
0x00007ffdebcf0000 - 0x00007ffdebcf9000 	C:\WINDOWS\SYSTEM32\WSOCK32.dll
0x00007ffdf80d0000 - 0x00007ffdf80da000 	C:\WINDOWS\SYSTEM32\VERSION.dll
0x00007ffe00eb0000 - 0x00007ffe00ed4000 	C:\WINDOWS\SYSTEM32\WINMM.dll
0x00007ffe09630000 - 0x00007ffe0969f000 	C:\WINDOWS\System32\WS2_32.dll
0x00007ffe00e80000 - 0x00007ffe00ead000 	C:\WINDOWS\SYSTEM32\winmmbase.dll
0x00007ffe08a50000 - 0x00007ffe08a9a000 	C:\WINDOWS\System32\cfgmgr32.dll
0x0000000065670000 - 0x000000006567f000 	D:\Program Files\Java\jdk1.8.0_131\jre\bin\verify.dll
0x0000000063d50000 - 0x0000000063d79000 	D:\Program Files\Java\jdk1.8.0_131\jre\bin\java.dll
0x0000000063d30000 - 0x0000000063d46000 	D:\Program Files\Java\jdk1.8.0_131\jre\bin\zip.dll
0x00007ffe09d30000 - 0x00007ffe0a415000 	C:\WINDOWS\System32\SHELL32.dll
0x00007ffe09520000 - 0x00007ffe095c9000 	C:\WINDOWS\System32\shcore.dll
0x00007ffe079d0000 - 0x00007ffe0814f000 	C:\WINDOWS\System32\windows.storage.dll
0x00007ffe07970000 - 0x00007ffe0798f000 	C:\WINDOWS\System32\profapi.dll
0x00007ffe07920000 - 0x00007ffe0796a000 	C:\WINDOWS\System32\powrprof.dll
0x00007ffe078f0000 - 0x00007ffe07900000 	C:\WINDOWS\System32\UMPDC.dll
0x00007ffe0a800000 - 0x00007ffe0a852000 	C:\WINDOWS\System32\shlwapi.dll
0x00007ffe07990000 - 0x00007ffe079a1000 	C:\WINDOWS\System32\kernel.appcore.dll
0x00007ffe079b0000 - 0x00007ffe079c7000 	C:\WINDOWS\System32\cryptsp.dll
0x0000000063d10000 - 0x0000000063d2a000 	D:\Program Files\Java\jdk1.8.0_131\jre\bin\net.dll
0x00007ffe07160000 - 0x00007ffe071c7000 	C:\WINDOWS\system32\mswsock.dll
0x0000000063cf0000 - 0x0000000063d01000 	D:\Program Files\Java\jdk1.8.0_131\jre\bin\nio.dll
0x00007ffdda770000 - 0x00007ffdda796000 	C:\Users\18432\.gradle\native\29\windows-amd64\native-platform.dll
0x0000000063ce0000 - 0x0000000063ced000 	D:\Program Files\Java\jdk1.8.0_131\jre\bin\management.dll
0x00007ffe06cd0000 - 0x00007ffe06d03000 	C:\WINDOWS\system32\rsaenh.dll
0x00007ffe08aa0000 - 0x00007ffe08ac6000 	C:\WINDOWS\System32\bcrypt.dll
0x00007ffe07810000 - 0x00007ffe07835000 	C:\WINDOWS\SYSTEM32\USERENV.dll
0x00007ffe07330000 - 0x00007ffe0733c000 	C:\WINDOWS\SYSTEM32\CRYPTBASE.dll
0x00007ffe06e70000 - 0x00007ffe06eaa000 	C:\WINDOWS\SYSTEM32\IPHLPAPI.DLL
0x00007ffe09cf0000 - 0x00007ffe09cf8000 	C:\WINDOWS\System32\NSI.dll
0x00007ffdf80e0000 - 0x00007ffdf80f6000 	C:\WINDOWS\SYSTEM32\dhcpcsvc6.DLL
0x00007ffdf8380000 - 0x00007ffdf839c000 	C:\WINDOWS\SYSTEM32\dhcpcsvc.DLL
0x00007ffe06eb0000 - 0x00007ffe06f7a000 	C:\WINDOWS\SYSTEM32\DNSAPI.dll
0x0000000063cb0000 - 0x0000000063cd4000 	D:\Program Files\Java\jdk1.8.0_131\jre\bin\sunec.dll
0x00007ffdf1c20000 - 0x00007ffdf1c2a000 	C:\Windows\System32\rasadhlp.dll
0x00007ffdf7610000 - 0x00007ffdf7687000 	C:\WINDOWS\System32\fwpuclnt.dll
0x0000000063ca0000 - 0x0000000063cab000 	D:\Program Files\Java\jdk1.8.0_131\jre\bin\sunmscapi.dll
0x00007ffe081f0000 - 0x00007ffe08339000 	C:\WINDOWS\System32\CRYPT32.dll
0x00007ffe07900000 - 0x00007ffe07912000 	C:\WINDOWS\System32\MSASN1.dll

VM Arguments:
jvm_args: -Xmx1536m -Dfile.encoding=GBK -Duser.country=CN -Duser.language=zh -Duser.variant 
java_command: org.gradle.launcher.daemon.bootstrap.GradleDaemon 5.4.1
java_class_path (initial): C:\Users\18432\.gradle\wrapper\dists\gradle-5.4.1-all\3221gyojl5jsh0helicew7rwx\gradle-5.4.1\lib\gradle-launcher-5.4.1.jar
Launcher Type: SUN_STANDARD

Environment Variables:
JAVA_HOME=D:\Program Files\Java\jdk1.8.0_131
CLASSPATH=.;D:\Program Files\Java\jdk1.8.0_131\lib\dt.jar;D:\Program Files\Java\jdk1.8.0_131\lib\tools.jar
PATH=C:\ProgramData\Oracle\Java\javapath;D:\app\client\18432\product\12.1.0\client_1;D:\app\client\18432\product\12.1.0\client_1\bin;F:\app\18432\product\11.2.0\dbhome_1\bin;C:\Program Files (x86)\Intel\iCLS Client\;C:\Program Files\Intel\iCLS Client\;C:\windows\system32;C:\windows;C:\windows\System32\Wbem;C:\windows\System32\WindowsPowerShell\v1.0\;C:\Program Files (x86)\NVIDIA Corporation\PhysX\Common;C:\Program Files (x86)\Intel\Intel(R) Management Engine Components\DAL;C:\Program Files\Intel\Intel(R) Management Engine Components\DAL;C:\Program Files (x86)\Intel\Intel(R) Management Engine Components\IPT;C:\Program Files\Intel\Intel(R) Management Engine Components\IPT;C:\WINDOWS\system32;C:\WINDOWS;C:\WINDOWS\System32\Wbem;C:\WINDOWS\System32\WindowsPowerShell\v1.0\;C:\Program Files (x86)\Windows Kits\8.1\Windows Performance Toolkit\;C:\Program Files\Microsoft SQL Server\110\Tools\Binn\;C:\Program Files (x86)\Microsoft SQL Server\100\Tools\Binn\;C:\Program Files\Microsoft SQL Server\100\Tools\Binn\;C:\Program Files\Microsoft SQL Server\100\DTS\Binn\;C:\Program Files (x86)\Microsoft SQL Server\100\Tools\Binn\VSShell\Common7\IDE\;C:\Program Files (x86)\Microsoft Visual Studio 9.0\Common7\IDE\PrivateAssemblies\;C:\Program Files (x86)\Microsoft SQL Server\100\DTS\Binn\;C:\Program Files\VisualSVN Server\bin;C:\Program Files\TortoiseSVN\bin;C:\Program Files\Intel\WiFi\bin\;C:\Program Files\Common Files\Intel\WirelessCommon\;C:\WINDOWS\System32\OpenSSH\;D:\Program Files\Java\jdk1.8.0_131\bin;D:\Program Files\Java\jdk1.8.0_131\jre\bin;D:\Python\Scripts\;D:\Python\;C:\Users\18432\AppData\Local\Microsoft\WindowsApps;
USERNAME=18432
OS=Windows_NT
PROCESSOR_IDENTIFIER=Intel64 Family 6 Model 142 Stepping 10, GenuineIntel



---------------  S Y S T E M  ---------------

OS: Windows 10.0 , 64 bit Build 18362 (10.0.18362.329)

CPU:total 8 (initial active 8) (4 cores per cpu, 2 threads per core) family 6 model 142 stepping 10, cmov, cx8, fxsr, mmx, sse, sse2, sse3, ssse3, sse4.1, sse4.2, popcnt, avx, avx2, aes, clmul, erms, 3dnowpref, lzcnt, ht, tsc, tscinvbit, bmi1, bmi2, adx

Memory: 4k page, physical 8281304k(397112k free), swap 12475608k(5172k free)

vm_info: Java HotSpot(TM) 64-Bit Server VM (25.131-b11) for windows-amd64 JRE (1.8.0_131-b11), built on Mar 15 2017 01:23:53 by "java_re" with MS VC++ 10.0 (VS2010)

time: Tue Mar 24 19:35:24 2020
elapsed time: 6486 seconds (0d 1h 48m 6s)

