#
# There is insufficient memory for the Java Runtime Environment to continue.
# Native memory allocation (malloc) failed to allocate 1557936 bytes for Chunk::new
# Possible reasons:
#   The system is out of physical RAM or swap space
#   In 32 bit mode, the process size limit was hit
# Possible solutions:
#   Reduce memory load on the system
#   Increase physical memory or swap space
#   Check if swap backing store is full
#   Use 64 bit Java on a 64 bit OS
#   Decrease Java heap size (-Xmx/-Xms)
#   Decrease number of Java threads
#   Decrease Java thread stack sizes (-Xss)
#   Set larger code cache with -XX:ReservedCodeCacheSize=
# This output file may be truncated or incomplete.
#
#  Out of Memory Error (allocation.cpp:390), pid=15356, tid=0x00000000000027a8
#
# JRE version: Java(TM) SE Runtime Environment (8.0_131-b11) (build 1.8.0_131-b11)
# Java VM: Java HotSpot(TM) 64-Bit Server VM (25.131-b11 mixed mode windows-amd64 compressed oops)
# Failed to write core dump. Minidumps are not enabled by default on client versions of Windows
#

---------------  T H R E A D  ---------------

Current thread (0x0000000018ea0000):  JavaThread "C2 CompilerThread0" daemon [_thread_in_native, id=10152, stack(0x0000000019510000,0x0000000019610000)]

Stack: [0x0000000019510000,0x0000000019610000]
[error occurred during error reporting (printing stack bounds), id 0xc0000005]

Native frames: (J=compiled Java code, j=interpreted, Vv=VM code, C=native code)


Current CompileTask:
C2:  34595 10048 %     4       com.android.tools.r8.ir.regalloc.LinearScanRegisterAllocator::a @ 2036 (3743 bytes)


---------------  P R O C E S S  ---------------

Java Threads: ( => current thread )
  0x000000001d5ec000 JavaThread "stdout" [_thread_in_native, id=25144, stack(0x0000000025e00000,0x0000000025f00000)]
  0x000000001d5ea000 JavaThread "stderr" [_thread_in_native, id=13796, stack(0x0000000025d00000,0x0000000025e00000)]
  0x000000001d5e8800 JavaThread "pool-2-thread-1" [_thread_blocked, id=22624, stack(0x0000000025c00000,0x0000000025d00000)]
  0x000000001d5e9000 JavaThread "WorkerExecutor Queue" [_thread_blocked, id=22200, stack(0x0000000025a00000,0x0000000025b00000)]
  0x000000001d5e7800 JavaThread "Cache worker for execution history cache (D:\WYweixin\.gradle\5.4.1\executionHistory)" [_thread_blocked, id=14632, stack(0x0000000025700000,0x0000000025800000)]
  0x000000001d5ee800 JavaThread "Execution worker for ':' Thread 7" [_thread_in_Java, id=20492, stack(0x0000000025300000,0x0000000025400000)]
  0x000000001d5eb800 JavaThread "Execution worker for ':' Thread 6" [_thread_blocked, id=26400, stack(0x0000000025200000,0x0000000025300000)]
  0x000000001d5ed800 JavaThread "Execution worker for ':' Thread 5" [_thread_blocked, id=19212, stack(0x0000000025100000,0x0000000025200000)]
  0x000000001d5ed000 JavaThread "Execution worker for ':' Thread 4" [_thread_blocked, id=22504, stack(0x0000000025000000,0x0000000025100000)]
  0x000000001d5e0000 JavaThread "Execution worker for ':' Thread 3" [_thread_blocked, id=8672, stack(0x0000000024f00000,0x0000000025000000)]
  0x000000001d5e4000 JavaThread "Execution worker for ':' Thread 2" [_thread_blocked, id=19072, stack(0x0000000024e00000,0x0000000024f00000)]
  0x000000001d5e5800 JavaThread "Execution worker for ':'" [_thread_blocked, id=14296, stack(0x0000000024860000,0x0000000024960000)]
  0x000000001d5e3000 JavaThread "Cache worker for file content cache (D:\WYweixin\.gradle\5.4.1\fileContent)" [_thread_blocked, id=24704, stack(0x0000000024560000,0x0000000024660000)]
  0x000000001d5e1800 JavaThread "Cache worker for file content cache (C:\Users\18432\.gradle\caches\5.4.1\fileContent)" [_thread_blocked, id=25432, stack(0x0000000024460000,0x0000000024560000)]
  0x000000001d5e7000 JavaThread "Memory manager" [_thread_blocked, id=16120, stack(0x00000000234e0000,0x00000000235e0000)]
  0x000000001d5e4800 JavaThread "Cache worker for Build Output Cleanup Cache (D:\WYweixin\.gradle\buildOutputCleanup)" [_thread_blocked, id=10316, stack(0x00000000228a0000,0x00000000229a0000)]
  0x000000001d5e1000 JavaThread "Build operations Thread 8" [_thread_blocked, id=9964, stack(0x00000000233e0000,0x00000000234e0000)]
  0x000000001ff4f800 JavaThread "Build operations Thread 7" [_thread_blocked, id=21848, stack(0x00000000232e0000,0x00000000233e0000)]
  0x000000001ff4e800 JavaThread "Build operations Thread 6" [_thread_blocked, id=24044, stack(0x00000000231e0000,0x00000000232e0000)]
  0x000000001ff4d000 JavaThread "Build operations Thread 5" [_thread_blocked, id=22308, stack(0x00000000230e0000,0x00000000231e0000)]
  0x000000001ff4c800 JavaThread "Build operations Thread 4" [_thread_blocked, id=23004, stack(0x0000000022fe0000,0x00000000230e0000)]
  0x000000001ff4a000 JavaThread "Build operations Thread 3" [_thread_blocked, id=16088, stack(0x0000000022ee0000,0x0000000022fe0000)]
  0x000000001ff50000 JavaThread "Build operations Thread 2" [_thread_blocked, id=11640, stack(0x0000000022de0000,0x0000000022ee0000)]
  0x000000001ff4b800 JavaThread "Build operations" [_thread_blocked, id=20312, stack(0x0000000022690000,0x0000000022790000)]
  0x000000001ff4e000 JavaThread "Cache worker for execution history cache (C:\Users\18432\.gradle\caches\5.4.1\executionHistory)" [_thread_blocked, id=16164, stack(0x00000000227a0000,0x00000000228a0000)]
  0x000000001ff4b000 JavaThread "Cache worker for cache directory md-rule (C:\Users\18432\.gradle\caches\5.4.1\md-rule)" [_thread_blocked, id=10952, stack(0x0000000022390000,0x0000000022490000)]
  0x000000001ff51000 JavaThread "Cache worker for cache directory md-supplier (C:\Users\18432\.gradle\caches\5.4.1\md-supplier)" [_thread_blocked, id=15224, stack(0x0000000022290000,0x0000000022390000)]
  0x0000000018ebd000 JavaThread "Cache worker for file hash cache (D:\WYweixin\.gradle\5.4.1\fileHashes)" [_thread_blocked, id=4068, stack(0x000000001e930000,0x000000001ea30000)]
  0x0000000018ebb800 JavaThread "Cache worker for journal cache (C:\Users\18432\.gradle\caches\journal-1)" [_thread_blocked, id=4656, stack(0x000000001c490000,0x000000001c590000)]
  0x0000000018eba000 JavaThread "File lock request listener" [_thread_in_native, id=12764, stack(0x000000001c390000,0x000000001c490000)]
  0x0000000018ebc000 JavaThread "Cache worker for file hash cache (C:\Users\18432\.gradle\caches\5.4.1\fileHashes)" [_thread_blocked, id=23284, stack(0x000000001c290000,0x000000001c390000)]
  0x000000001a05f800 JavaThread "Thread-9" [_thread_blocked, id=13528, stack(0x000000001c190000,0x000000001c290000)]
  0x000000001a052800 JavaThread "Stdin handler" [_thread_blocked, id=26320, stack(0x000000001c090000,0x000000001c190000)]
  0x000000001a052000 JavaThread "Asynchronous log dispatcher for DefaultDaemonConnection: socket connection from /127.0.0.1:2187 to /127.0.0.1:2188" [_thread_blocked, id=15972, stack(0x000000001be90000,0x000000001bf90000)]
  0x000000001a1ca000 JavaThread "Daemon worker" [_thread_blocked, id=14204, stack(0x000000001bd90000,0x000000001be90000)]
  0x000000001a26d000 JavaThread "Cancel handler" [_thread_blocked, id=13444, stack(0x000000001bc90000,0x000000001bd90000)]
  0x000000001907e000 JavaThread "Handler for socket connection from /127.0.0.1:2187 to /127.0.0.1:2188" [_thread_in_native, id=12372, stack(0x000000001b990000,0x000000001ba90000)]
  0x000000001907b000 JavaThread "Daemon" [_thread_blocked, id=22240, stack(0x000000001b890000,0x000000001b990000)]
  0x0000000019179800 JavaThread "Daemon periodic checks" [_thread_blocked, id=18456, stack(0x000000001b790000,0x000000001b890000)]
  0x000000001a1e5800 JavaThread "Incoming local TCP Connector on port 2187" [_thread_in_native, id=16864, stack(0x000000001b5e0000,0x000000001b6e0000)]
  0x000000001aa26800 JavaThread "Daemon health stats" [_thread_blocked, id=10464, stack(0x000000001b2e0000,0x000000001b3e0000)]
  0x0000000018f4e800 JavaThread "Service Thread" daemon [_thread_blocked, id=20084, stack(0x0000000019910000,0x0000000019a10000)]
  0x0000000018eb9000 JavaThread "C1 CompilerThread3" daemon [_thread_blocked, id=21028, stack(0x0000000019810000,0x0000000019910000)]
  0x0000000018ea9800 JavaThread "C2 CompilerThread2" daemon [_thread_in_native, id=10556, stack(0x0000000019710000,0x0000000019810000)]
  0x0000000018ea3000 JavaThread "C2 CompilerThread1" daemon [_thread_in_native, id=13048, stack(0x0000000019610000,0x0000000019710000)]
=>0x0000000018ea0000 JavaThread "C2 CompilerThread0" daemon [_thread_in_native, id=10152, stack(0x0000000019510000,0x0000000019610000)]
  0x0000000018e9c800 JavaThread "Attach Listener" daemon [_thread_blocked, id=4736, stack(0x0000000019410000,0x0000000019510000)]
  0x0000000018e49800 JavaThread "Signal Dispatcher" daemon [_thread_blocked, id=11580, stack(0x0000000019310000,0x0000000019410000)]
  0x0000000003159800 JavaThread "Finalizer" daemon [_thread_blocked, id=20564, stack(0x0000000019210000,0x0000000019310000)]
  0x0000000003158000 JavaThread "Reference Handler" daemon [_thread_blocked, id=21312, stack(0x0000000018d10000,0x0000000018e10000)]
  0x000000000305e000 JavaThread "main" [_thread_blocked, id=12588, stack(0x0000000002ef0000,0x0000000002ff0000)]

Other Threads:
  0x0000000016f19800 VMThread [stack: 0x0000000018c10000,0x0000000018d10000] [id=24436]
  0x0000000018f26800 WatcherThread [stack: 0x0000000019a10000,0x0000000019b10000] [id=17820]

VM state:not at safepoint (normal execution)

VM Mutex/Monitor currently owned by a thread: None

Heap:
 PSYoungGen      total 203264K, used 132039K [0x00000000e0000000, 0x00000000ef600000, 0x0000000100000000)
  eden space 184320K, 61% used [0x00000000e0000000,0x00000000e6e721f8,0x00000000eb400000)
  from space 18944K, 99% used [0x00000000eb400000,0x00000000ec67fc50,0x00000000ec680000)
  to   space 22528K, 0% used [0x00000000ee000000,0x00000000ee000000,0x00000000ef600000)
 ParOldGen       total 135168K, used 40541K [0x00000000a0000000, 0x00000000a8400000, 0x00000000e0000000)
  object space 135168K, 29% used [0x00000000a0000000,0x00000000a2797510,0x00000000a8400000)
 Metaspace       used 69925K, capacity 72482K, committed 72704K, reserved 1112064K
  class space    used 9665K, capacity 10212K, committed 10240K, reserved 1048576K

Card table byte_map: [0x0000000012520000,0x0000000012830000] byte_map_base: 0x0000000012020000

Marking Bits: (ParMarkBitMap*) 0x000000006457c720
 Begin Bits: [0x0000000013230000, 0x0000000014a30000)
 End Bits:   [0x0000000014a30000, 0x0000000016230000)

Polling page: 0x0000000000e50000

CodeCache: size=245760Kb used=30213Kb max_used=30213Kb free=215546Kb
 bounds [0x0000000003160000, 0x0000000004f00000, 0x0000000012160000]
 total_blobs=9895 nmethods=9072 adapters=732
 compilation: enabled

Compilation events (10 events):
Event: 34.506 Thread 0x0000000018eb9000 10173       2       com.android.tools.r8.ir.analysis.g.b::a (48 bytes)
Event: 34.506 Thread 0x0000000018eb9000 nmethod 10173 0x0000000004eec450 code [0x0000000004eec600, 0x0000000004eec8a8]
Event: 34.518 Thread 0x0000000018eb9000 10174       1       com.android.tools.r8.ir.code.InstanceGet::y (2 bytes)
Event: 34.519 Thread 0x0000000018eb9000 nmethod 10174 0x0000000004eec190 code [0x0000000004eec2e0, 0x0000000004eec3f0]
Event: 34.523 Thread 0x0000000018eb9000 10175       2       com.android.tools.r8.graph.JarCode::b (92 bytes)
Event: 34.524 Thread 0x0000000018eb9000 nmethod 10175 0x0000000004efe610 code [0x0000000004efe7e0, 0x0000000004efec28]
Event: 34.546 Thread 0x0000000018eb9000 10179       1       com.android.tools.r8.ir.code.Instruction::a (2 bytes)
Event: 34.547 Thread 0x0000000018eb9000 nmethod 10179 0x0000000004efef50 code [0x0000000004eff0a0, 0x0000000004eff1b0]
Event: 34.567 Thread 0x0000000018eb9000 10181       2       com.android.tools.r8.ir.conversion.IRBuilder::a (74 bytes)
Event: 34.569 Thread 0x0000000018eb9000 nmethod 10181 0x0000000004eff210 code [0x0000000004eff3c0, 0x0000000004eff818]

GC Heap History (10 events):
Event: 17.404 GC heap before
{Heap before GC invocations=12 (full 2):
 PSYoungGen      total 126464K, used 115712K [0x00000000e0000000, 0x00000000eb800000, 0x0000000100000000)
  eden space 115712K, 100% used [0x00000000e0000000,0x00000000e7100000,0x00000000e7100000)
  from space 10752K, 0% used [0x00000000e7100000,0x00000000e7100000,0x00000000e7b80000)
  to   space 11264K, 0% used [0x00000000ead00000,0x00000000ead00000,0x00000000eb800000)
 ParOldGen       total 83456K, used 16809K [0x00000000a0000000, 0x00000000a5180000, 0x00000000e0000000)
  object space 83456K, 20% used [0x00000000a0000000,0x00000000a106a7a8,0x00000000a5180000)
 Metaspace       used 45392K, capacity 46478K, committed 46592K, reserved 1089536K
  class space    used 6264K, capacity 6600K, committed 6656K, reserved 1048576K
Event: 17.421 GC heap after
Heap after GC invocations=12 (full 2):
 PSYoungGen      total 160256K, used 11254K [0x00000000e0000000, 0x00000000eb800000, 0x0000000100000000)
  eden space 148992K, 0% used [0x00000000e0000000,0x00000000e0000000,0x00000000e9180000)
  from space 11264K, 99% used [0x00000000ead00000,0x00000000eb7fda58,0x00000000eb800000)
  to   space 13824K, 0% used [0x00000000e9d00000,0x00000000e9d00000,0x00000000eaa80000)
 ParOldGen       total 83456K, used 20846K [0x00000000a0000000, 0x00000000a5180000, 0x00000000e0000000)
  object space 83456K, 24% used [0x00000000a0000000,0x00000000a145bae0,0x00000000a5180000)
 Metaspace       used 45392K, capacity 46478K, committed 46592K, reserved 1089536K
  class space    used 6264K, capacity 6600K, committed 6656K, reserved 1048576K
}
Event: 20.426 GC heap before
{Heap before GC invocations=13 (full 2):
 PSYoungGen      total 160256K, used 154935K [0x00000000e0000000, 0x00000000eb800000, 0x0000000100000000)
  eden space 148992K, 96% used [0x00000000e0000000,0x00000000e8c50340,0x00000000e9180000)
  from space 11264K, 99% used [0x00000000ead00000,0x00000000eb7fda58,0x00000000eb800000)
  to   space 13824K, 0% used [0x00000000e9d00000,0x00000000e9d00000,0x00000000eaa80000)
 ParOldGen       total 83456K, used 20846K [0x00000000a0000000, 0x00000000a5180000, 0x00000000e0000000)
  object space 83456K, 24% used [0x00000000a0000000,0x00000000a145bae0,0x00000000a5180000)
 Metaspace       used 57442K, capacity 59092K, committed 59136K, reserved 1099776K
  class space    used 7993K, capacity 8409K, committed 8448K, reserved 1048576K
Event: 20.459 GC heap after
Heap after GC invocations=13 (full 2):
 PSYoungGen      total 174592K, used 13807K [0x00000000e0000000, 0x00000000ee000000, 0x0000000100000000)
  eden space 160768K, 0% used [0x00000000e0000000,0x00000000e0000000,0x00000000e9d00000)
  from space 13824K, 99% used [0x00000000e9d00000,0x00000000eaa7bde8,0x00000000eaa80000)
  to   space 18944K, 0% used [0x00000000ecd80000,0x00000000ecd80000,0x00000000ee000000)
 ParOldGen       total 83456K, used 30332K [0x00000000a0000000, 0x00000000a5180000, 0x00000000e0000000)
  object space 83456K, 36% used [0x00000000a0000000,0x00000000a1d9f1d0,0x00000000a5180000)
 Metaspace       used 57442K, capacity 59092K, committed 59136K, reserved 1099776K
  class space    used 7993K, capacity 8409K, committed 8448K, reserved 1048576K
}
Event: 20.460 GC heap before
{Heap before GC invocations=14 (full 3):
 PSYoungGen      total 174592K, used 13807K [0x00000000e0000000, 0x00000000ee000000, 0x0000000100000000)
  eden space 160768K, 0% used [0x00000000e0000000,0x00000000e0000000,0x00000000e9d00000)
  from space 13824K, 99% used [0x00000000e9d00000,0x00000000eaa7bde8,0x00000000eaa80000)
  to   space 18944K, 0% used [0x00000000ecd80000,0x00000000ecd80000,0x00000000ee000000)
 ParOldGen       total 83456K, used 30332K [0x00000000a0000000, 0x00000000a5180000, 0x00000000e0000000)
  object space 83456K, 36% used [0x00000000a0000000,0x00000000a1d9f1d0,0x00000000a5180000)
 Metaspace       used 57442K, capacity 59092K, committed 59136K, reserved 1099776K
  class space    used 7993K, capacity 8409K, committed 8448K, reserved 1048576K
Event: 20.877 GC heap after
Heap after GC invocations=14 (full 3):
 PSYoungGen      total 174592K, used 0K [0x00000000e0000000, 0x00000000ee000000, 0x0000000100000000)
  eden space 160768K, 0% used [0x00000000e0000000,0x00000000e0000000,0x00000000e9d00000)
  from space 13824K, 0% used [0x00000000e9d00000,0x00000000e9d00000,0x00000000eaa80000)
  to   space 18944K, 0% used [0x00000000ecd80000,0x00000000ecd80000,0x00000000ee000000)
 ParOldGen       total 135168K, used 37179K [0x00000000a0000000, 0x00000000a8400000, 0x00000000e0000000)
  object space 135168K, 27% used [0x00000000a0000000,0x00000000a244eef8,0x00000000a8400000)
 Metaspace       used 57442K, capacity 59092K, committed 59136K, reserved 1099776K
  class space    used 7993K, capacity 8409K, committed 8448K, reserved 1048576K
}
Event: 27.189 GC heap before
{Heap before GC invocations=15 (full 3):
 PSYoungGen      total 174592K, used 160768K [0x00000000e0000000, 0x00000000ee000000, 0x0000000100000000)
  eden space 160768K, 100% used [0x00000000e0000000,0x00000000e9d00000,0x00000000e9d00000)
  from space 13824K, 0% used [0x00000000e9d00000,0x00000000e9d00000,0x00000000eaa80000)
  to   space 18944K, 0% used [0x00000000ecd80000,0x00000000ecd80000,0x00000000ee000000)
 ParOldGen       total 135168K, used 37179K [0x00000000a0000000, 0x00000000a8400000, 0x00000000e0000000)
  object space 135168K, 27% used [0x00000000a0000000,0x00000000a244eef8,0x00000000a8400000)
 Metaspace       used 62251K, capacity 64488K, committed 64768K, reserved 1105920K
  class space    used 8646K, capacity 9117K, committed 9216K, reserved 1048576K
Event: 27.212 GC heap after
Heap after GC invocations=15 (full 3):
 PSYoungGen      total 195072K, used 11551K [0x00000000e0000000, 0x00000000ed900000, 0x0000000100000000)
  eden space 183296K, 0% used [0x00000000e0000000,0x00000000e0000000,0x00000000eb300000)
  from space 11776K, 98% used [0x00000000ecd80000,0x00000000ed8c7fe0,0x00000000ed900000)
  to   space 18944K, 0% used [0x00000000eb400000,0x00000000eb400000,0x00000000ec680000)
 ParOldGen       total 135168K, used 37187K [0x00000000a0000000, 0x00000000a8400000, 0x00000000e0000000)
  object space 135168K, 27% used [0x00000000a0000000,0x00000000a2450ef8,0x00000000a8400000)
 Metaspace       used 62251K, capacity 64488K, committed 64768K, reserved 1105920K
  class space    used 8646K, capacity 9117K, committed 9216K, reserved 1048576K
}
Event: 32.765 GC heap before
{Heap before GC invocations=16 (full 3):
 PSYoungGen      total 195072K, used 194847K [0x00000000e0000000, 0x00000000ed900000, 0x0000000100000000)
  eden space 183296K, 100% used [0x00000000e0000000,0x00000000eb300000,0x00000000eb300000)
  from space 11776K, 98% used [0x00000000ecd80000,0x00000000ed8c7fe0,0x00000000ed900000)
  to   space 18944K, 0% used [0x00000000eb400000,0x00000000eb400000,0x00000000ec680000)
 ParOldGen       total 135168K, used 37187K [0x00000000a0000000, 0x00000000a8400000, 0x00000000e0000000)
  object space 135168K, 27% used [0x00000000a0000000,0x00000000a2450ef8,0x00000000a8400000)
 Metaspace       used 69680K, capacity 72294K, committed 72448K, reserved 1112064K
  class space    used 9645K, capacity 10176K, committed 10240K, reserved 1048576K
Event: 32.798 GC heap after
Heap after GC invocations=16 (full 3):
 PSYoungGen      total 203264K, used 18943K [0x00000000e0000000, 0x00000000ef600000, 0x0000000100000000)
  eden space 184320K, 0% used [0x00000000e0000000,0x00000000e0000000,0x00000000eb400000)
  from space 18944K, 99% used [0x00000000eb400000,0x00000000ec67fc50,0x00000000ec680000)
  to   space 22528K, 0% used [0x00000000ee000000,0x00000000ee000000,0x00000000ef600000)
 ParOldGen       total 135168K, used 40541K [0x00000000a0000000, 0x00000000a8400000, 0x00000000e0000000)
  object space 135168K, 29% used [0x00000000a0000000,0x00000000a2797510,0x00000000a8400000)
 Metaspace       used 69680K, capacity 72294K, committed 72448K, reserved 1112064K
  class space    used 9645K, capacity 10176K, committed 10240K, reserved 1048576K
}

Deoptimization events (10 events):
Event: 34.037 Thread 0x000000001d5ee800 Uncommon trap: reason=unstable_if action=reinterpret pc=0x000000000424223c method=java.util.HashMap.putVal(ILjava/lang/Object;Ljava/lang/Object;ZZ)Ljava/lang/Object; @ 162
Event: 34.039 Thread 0x000000001d5ee800 Uncommon trap: reason=unstable_if action=reinterpret pc=0x0000000003a476d4 method=java.util.HashMap.getNode(ILjava/lang/Object;)Ljava/util/HashMap$Node; @ 84
Event: 34.039 Thread 0x000000001d5ee800 Uncommon trap: reason=unstable_if action=reinterpret pc=0x00000000033b366c method=java.util.HashMap.getNode(ILjava/lang/Object;)Ljava/util/HashMap$Node; @ 84
Event: 34.208 Thread 0x000000001d5ee800 Uncommon trap: reason=bimorphic action=maybe_recompile pc=0x000000000491a35c method=com.android.tools.r8.ir.code.ValueType.a(Lcom/android/tools/r8/ir/analysis/type/TypeLatticeElement;)Lcom/android/tools/r8/ir/code/ValueType; @ 23
Event: 34.208 Thread 0x000000001d5ee800 Uncommon trap: reason=bimorphic action=maybe_recompile pc=0x000000000491a35c method=com.android.tools.r8.ir.code.ValueType.a(Lcom/android/tools/r8/ir/analysis/type/TypeLatticeElement;)Lcom/android/tools/r8/ir/code/ValueType; @ 23
Event: 34.208 Thread 0x000000001d5ee800 Uncommon trap: reason=bimorphic action=maybe_recompile pc=0x000000000491a35c method=com.android.tools.r8.ir.code.ValueType.a(Lcom/android/tools/r8/ir/analysis/type/TypeLatticeElement;)Lcom/android/tools/r8/ir/code/ValueType; @ 23
Event: 34.208 Thread 0x000000001d5ee800 Uncommon trap: reason=bimorphic action=maybe_recompile pc=0x000000000491a35c method=com.android.tools.r8.ir.code.ValueType.a(Lcom/android/tools/r8/ir/analysis/type/TypeLatticeElement;)Lcom/android/tools/r8/ir/code/ValueType; @ 23
Event: 34.208 Thread 0x000000001d5ee800 Uncommon trap: reason=bimorphic action=maybe_recompile pc=0x000000000491bb34 method=com.android.tools.r8.ir.code.ValueType.a(Lcom/android/tools/r8/ir/analysis/type/TypeLatticeElement;)Lcom/android/tools/r8/ir/code/ValueType; @ 23
Event: 34.548 Thread 0x000000001d5ee800 Uncommon trap: reason=bimorphic action=maybe_recompile pc=0x00000000049acc5c method=com.android.tools.r8.ir.code.ValueType.a(Lcom/android/tools/r8/ir/analysis/type/TypeLatticeElement;)Lcom/android/tools/r8/ir/code/ValueType; @ 23
Event: 34.548 Thread 0x000000001d5ee800 Uncommon trap: reason=unstable_if action=reinterpret pc=0x0000000004a2e26c method=com.android.tools.r8.ir.code.ValueType.c()Z @ 11

Internal exceptions (10 events):
Event: 23.200 Thread 0x000000001d5e9000 Implicit null exception at 0x0000000003a09303 to 0x0000000003a096e4
Event: 23.200 Thread 0x000000001d5e9000 Implicit null exception at 0x000000000350e900 to 0x000000000350ebec
Event: 23.644 Thread 0x000000001d5e9000 Exception <a 'java/lang/NoSuchMethodError': java.lang.Object.lambda$negate$1(Ljava/lang/Object;)Z> (0x00000000e7b5d378) thrown at [C:\re\workspace\8-2-build-windows-amd64-cygwin\jdk8u131\8869\hotspot\src\share\vm\interpreter\linkResolver.cpp, line 582]
Event: 27.588 Thread 0x000000001d5ee800 Exception <a 'java/lang/NoSuchMethodError': java.lang.Object.lambda$static$0(Ljava/lang/String;)Z> (0x00000000e0d16f40) thrown at [C:\re\workspace\8-2-build-windows-amd64-cygwin\jdk8u131\8869\hotspot\src\share\vm\interpreter\linkResolver.cpp, line 582]
Event: 27.592 Thread 0x000000001d5ee800 Exception <a 'java/lang/NoSuchMethodError': java.lang.Object.lambda$and$0(Ljava/util/function/Predicate;Ljava/lang/Object;)Z> (0x00000000e0d1cf38) thrown at [C:\re\workspace\8-2-build-windows-amd64-cygwin\jdk8u131\8869\hotspot\src\share\vm\interpreter\lin
Event: 27.864 Thread 0x000000001d5ee800 Exception <a 'sun/nio/fs/WindowsException'> (0x00000000e1f486d8) thrown at [C:\re\workspace\8-2-build-windows-amd64-cygwin\jdk8u131\8869\hotspot\src\share\vm\prims\jni.cpp, line 709]
Event: 28.018 Thread 0x000000001d5ee800 Exception <a 'java/lang/NoSuchMethodError': java.lang.Object.lambda$identity$2(Ljava/lang/Object;)Ljava/lang/Object;> (0x00000000e219bb90) thrown at [C:\re\workspace\8-2-build-windows-amd64-cygwin\jdk8u131\8869\hotspot\src\share\vm\interpreter\linkResolve
Event: 28.788 Thread 0x000000001d5ee800 Implicit null exception at 0x0000000004682250 to 0x0000000004683361
Event: 28.854 Thread 0x000000001d5ee800 Exception <a 'java/lang/NoSuchMethodError': java.lang.Object.lambda$maxBy$1(Ljava/util/Comparator;Ljava/lang/Object;Ljava/lang/Object;)Ljava/lang/Object;> (0x00000000e3e1cdc0) thrown at [C:\re\workspace\8-2-build-windows-amd64-cygwin\jdk8u131\8869\hotspot
Event: 29.546 Thread 0x000000001d5ee800 Implicit null exception at 0x0000000003a863af to 0x0000000003a8644d

Events (10 events):
Event: 34.334 Executing VM operation: ForceSafepoint
Event: 34.335 Executing VM operation: ForceSafepoint done
Event: 34.456 Thread 0x000000001d5ee800 DEOPT PACKING pc=0x0000000004859ce3 sp=0x00000000253fb420
Event: 34.456 Thread 0x000000001d5ee800 DEOPT UNPACKING pc=0x00000000031a787f sp=0x00000000253fb2a0 mode 0
Event: 34.548 Thread 0x000000001d5ee800 Uncommon trap: trap_request=0xffffffc6 fr.pc=0x00000000049acc5c
Event: 34.548 Thread 0x000000001d5ee800 DEOPT PACKING pc=0x00000000049acc5c sp=0x00000000253fada0
Event: 34.548 Thread 0x000000001d5ee800 DEOPT UNPACKING pc=0x00000000031a582a sp=0x00000000253fac40 mode 2
Event: 34.548 Thread 0x000000001d5ee800 Uncommon trap: trap_request=0xffffff65 fr.pc=0x0000000004a2e26c
Event: 34.548 Thread 0x000000001d5ee800 DEOPT PACKING pc=0x0000000004a2e26c sp=0x00000000253facf0
Event: 34.548 Thread 0x000000001d5ee800 DEOPT UNPACKING pc=0x00000000031a582a sp=0x00000000253fac80 mode 2


Dynamic libraries:
0x00007ff74da40000 - 0x00007ff74da77000 	D:\Program Files\Java\jdk1.8.0_131\bin\java.exe
0x00007ffe0aa20000 - 0x00007ffe0ac10000 	C:\WINDOWS\SYSTEM32\ntdll.dll
0x00007ffe09b60000 - 0x00007ffe09c12000 	C:\WINDOWS\System32\KERNEL32.DLL
0x00007ffe08690000 - 0x00007ffe08933000 	C:\WINDOWS\System32\KERNELBASE.dll
0x00007ffe0a930000 - 0x00007ffe0a9d3000 	C:\WINDOWS\System32\ADVAPI32.dll
0x00007ffe096a0000 - 0x00007ffe0973e000 	C:\WINDOWS\System32\msvcrt.dll
0x00007ffe0a420000 - 0x00007ffe0a4b7000 	C:\WINDOWS\System32\sechost.dll
0x00007ffe09a20000 - 0x00007ffe09b40000 	C:\WINDOWS\System32\RPCRT4.dll
0x00007ffe09880000 - 0x00007ffe09a14000 	C:\WINDOWS\System32\USER32.dll
0x00007ffe08340000 - 0x00007ffe08361000 	C:\WINDOWS\System32\win32u.dll
0x00007ffe09d00000 - 0x00007ffe09d26000 	C:\WINDOWS\System32\GDI32.dll
0x00007ffe08470000 - 0x00007ffe08604000 	C:\WINDOWS\System32\gdi32full.dll
0x00007ffe08150000 - 0x00007ffe081ee000 	C:\WINDOWS\System32\msvcp_win.dll
0x00007ffe08370000 - 0x00007ffe0846a000 	C:\WINDOWS\System32\ucrtbase.dll
0x00007ffdf2990000 - 0x00007ffdf2c15000 	C:\WINDOWS\WinSxS\amd64_microsoft.windows.common-controls_6595b64144ccf1df_6.0.18362.657_none_e6c5b579130e3898\COMCTL32.dll
0x00007ffe0a4c0000 - 0x00007ffe0a7f6000 	C:\WINDOWS\System32\combase.dll
0x00007ffe08610000 - 0x00007ffe08690000 	C:\WINDOWS\System32\bcryptPrimitives.dll
0x00007ffe08f40000 - 0x00007ffe08f6e000 	C:\WINDOWS\System32\IMM32.DLL
0x0000000064600000 - 0x00000000646d2000 	D:\Program Files\Java\jdk1.8.0_131\jre\bin\msvcr100.dll
0x0000000063d60000 - 0x00000000645fc000 	D:\Program Files\Java\jdk1.8.0_131\jre\bin\server\jvm.dll
0x00007ffe09b50000 - 0x00007ffe09b58000 	C:\WINDOWS\System32\PSAPI.DLL
0x00007ffdf80d0000 - 0x00007ffdf80da000 	C:\WINDOWS\SYSTEM32\VERSION.dll
0x00007ffdebcf0000 - 0x00007ffdebcf9000 	C:\WINDOWS\SYSTEM32\WSOCK32.dll
0x00007ffe00eb0000 - 0x00007ffe00ed4000 	C:\WINDOWS\SYSTEM32\WINMM.dll
0x00007ffe09630000 - 0x00007ffe0969f000 	C:\WINDOWS\System32\WS2_32.dll
0x00007ffe00e80000 - 0x00007ffe00ead000 	C:\WINDOWS\SYSTEM32\WINMMBASE.dll
0x00007ffe08a50000 - 0x00007ffe08a9a000 	C:\WINDOWS\System32\cfgmgr32.dll
0x0000000065670000 - 0x000000006567f000 	D:\Program Files\Java\jdk1.8.0_131\jre\bin\verify.dll
0x0000000064f60000 - 0x0000000064f89000 	D:\Program Files\Java\jdk1.8.0_131\jre\bin\java.dll
0x0000000063d40000 - 0x0000000063d56000 	D:\Program Files\Java\jdk1.8.0_131\jre\bin\zip.dll
0x00007ffe09d30000 - 0x00007ffe0a415000 	C:\WINDOWS\System32\SHELL32.dll
0x00007ffe09520000 - 0x00007ffe095c9000 	C:\WINDOWS\System32\shcore.dll
0x00007ffe079d0000 - 0x00007ffe0814f000 	C:\WINDOWS\System32\windows.storage.dll
0x00007ffe07970000 - 0x00007ffe0798f000 	C:\WINDOWS\System32\profapi.dll
0x00007ffe07920000 - 0x00007ffe0796a000 	C:\WINDOWS\System32\powrprof.dll
0x00007ffe078f0000 - 0x00007ffe07900000 	C:\WINDOWS\System32\UMPDC.dll
0x00007ffe0a800000 - 0x00007ffe0a852000 	C:\WINDOWS\System32\shlwapi.dll
0x00007ffe07990000 - 0x00007ffe079a1000 	C:\WINDOWS\System32\kernel.appcore.dll
0x00007ffe079b0000 - 0x00007ffe079c7000 	C:\WINDOWS\System32\cryptsp.dll
0x0000000063d20000 - 0x0000000063d3a000 	D:\Program Files\Java\jdk1.8.0_131\jre\bin\net.dll
0x00007ffe07160000 - 0x00007ffe071c7000 	C:\WINDOWS\system32\mswsock.dll
0x0000000063d00000 - 0x0000000063d11000 	D:\Program Files\Java\jdk1.8.0_131\jre\bin\nio.dll
0x00007ffdda770000 - 0x00007ffdda796000 	C:\Users\18432\.gradle\native\29\windows-amd64\native-platform.dll
0x0000000064f50000 - 0x0000000064f5d000 	D:\Program Files\Java\jdk1.8.0_131\jre\bin\management.dll
0x00007ffe06cd0000 - 0x00007ffe06d03000 	C:\WINDOWS\system32\rsaenh.dll
0x00007ffe08aa0000 - 0x00007ffe08ac6000 	C:\WINDOWS\System32\bcrypt.dll
0x00007ffe07810000 - 0x00007ffe07835000 	C:\WINDOWS\SYSTEM32\USERENV.dll
0x00007ffe07330000 - 0x00007ffe0733c000 	C:\WINDOWS\SYSTEM32\CRYPTBASE.dll
0x00007ffe06e70000 - 0x00007ffe06eaa000 	C:\WINDOWS\SYSTEM32\IPHLPAPI.DLL
0x00007ffe09cf0000 - 0x00007ffe09cf8000 	C:\WINDOWS\System32\NSI.dll
0x00007ffdf80e0000 - 0x00007ffdf80f6000 	C:\WINDOWS\SYSTEM32\dhcpcsvc6.DLL
0x00007ffdf8380000 - 0x00007ffdf839c000 	C:\WINDOWS\SYSTEM32\dhcpcsvc.DLL
0x00007ffe06eb0000 - 0x00007ffe06f7a000 	C:\WINDOWS\SYSTEM32\DNSAPI.dll

VM Arguments:
jvm_args: -Xmx1536m -Dfile.encoding=GBK -Duser.country=CN -Duser.language=zh -Duser.variant 
java_command: org.gradle.launcher.daemon.bootstrap.GradleDaemon 5.4.1
java_class_path (initial): C:\Users\18432\.gradle\wrapper\dists\gradle-5.4.1-all\3221gyojl5jsh0helicew7rwx\gradle-5.4.1\lib\gradle-launcher-5.4.1.jar
Launcher Type: SUN_STANDARD

Environment Variables:
JAVA_HOME=D:\Program Files\Java\jdk1.8.0_131
CLASSPATH=.;D:\Program Files\Java\jdk1.8.0_131\lib\dt.jar;D:\Program Files\Java\jdk1.8.0_131\lib\tools.jar
PATH=C:\ProgramData\Oracle\Java\javapath;D:\app\client\18432\product\12.1.0\client_1;D:\app\client\18432\product\12.1.0\client_1\bin;F:\app\18432\product\11.2.0\dbhome_1\bin;C:\Program Files (x86)\Intel\iCLS Client\;C:\Program Files\Intel\iCLS Client\;C:\windows\system32;C:\windows;C:\windows\System32\Wbem;C:\windows\System32\WindowsPowerShell\v1.0\;C:\Program Files (x86)\NVIDIA Corporation\PhysX\Common;C:\Program Files (x86)\Intel\Intel(R) Management Engine Components\DAL;C:\Program Files\Intel\Intel(R) Management Engine Components\DAL;C:\Program Files (x86)\Intel\Intel(R) Management Engine Components\IPT;C:\Program Files\Intel\Intel(R) Management Engine Components\IPT;C:\WINDOWS\system32;C:\WINDOWS;C:\WINDOWS\System32\Wbem;C:\WINDOWS\System32\WindowsPowerShell\v1.0\;C:\Program Files (x86)\Windows Kits\8.1\Windows Performance Toolkit\;C:\Program Files\Microsoft SQL Server\110\Tools\Binn\;C:\Program Files (x86)\Microsoft SQL Server\100\Tools\Binn\;C:\Program Files\Microsoft SQL Server\100\Tools\Binn\;C:\Program Files\Microsoft SQL Server\100\DTS\Binn\;C:\Program Files (x86)\Microsoft SQL Server\100\Tools\Binn\VSShell\Common7\IDE\;C:\Program Files (x86)\Microsoft Visual Studio 9.0\Common7\IDE\PrivateAssemblies\;C:\Program Files (x86)\Microsoft SQL Server\100\DTS\Binn\;C:\Program Files\VisualSVN Server\bin;C:\Program Files\TortoiseSVN\bin;C:\Program Files\Intel\WiFi\bin\;C:\Program Files\Common Files\Intel\WirelessCommon\;C:\WINDOWS\System32\OpenSSH\;D:\Program Files\Java\jdk1.8.0_131\bin;D:\Program Files\Java\jdk1.8.0_131\jre\bin;D:\Python\Scripts\;D:\Python\;C:\Users\18432\AppData\Local\Microsoft\WindowsApps;
USERNAME=18432
OS=Windows_NT
PROCESSOR_IDENTIFIER=Intel64 Family 6 Model 142 Stepping 10, GenuineIntel



---------------  S Y S T E M  ---------------

OS: Windows 10.0 , 64 bit Build 18362 (10.0.18362.329)

CPU:total 8 (initial active 8) (4 cores per cpu, 2 threads per core) family 6 model 142 stepping 10, cmov, cx8, fxsr, mmx, sse, sse2, sse3, ssse3, sse4.1, sse4.2, popcnt, avx, avx2, aes, clmul, erms, 3dnowpref, lzcnt, ht, tsc, tscinvbit, bmi1, bmi2, adx

Memory: 4k page, physical 8281304k(621500k free), swap 12475608k(3932k free)

vm_info: Java HotSpot(TM) 64-Bit Server VM (25.131-b11) for windows-amd64 JRE (1.8.0_131-b11), built on Mar 15 2017 01:23:53 by "java_re" with MS VC++ 10.0 (VS2010)

time: Tue Mar 24 19:40:01 2020
elapsed time: 34 seconds (0d 0h 0m 34s)

