#
# There is insufficient memory for the Java Runtime Environment to continue.
# Native memory allocation (malloc) failed to allocate 1161056 bytes for Chunk::new
# Possible reasons:
#   The system is out of physical RAM or swap space
#   In 32 bit mode, the process size limit was hit
# Possible solutions:
#   Reduce memory load on the system
#   Increase physical memory or swap space
#   Check if swap backing store is full
#   Use 64 bit Java on a 64 bit OS
#   Decrease Java heap size (-Xmx/-Xms)
#   Decrease number of Java threads
#   Decrease Java thread stack sizes (-Xss)
#   Set larger code cache with -XX:ReservedCodeCacheSize=
# This output file may be truncated or incomplete.
#
#  Out of Memory Error (allocation.cpp:390), pid=4892, tid=0x0000000000001bb0
#
# JRE version: Java(TM) SE Runtime Environment (8.0_131-b11) (build 1.8.0_131-b11)
# Java VM: Java HotSpot(TM) 64-Bit Server VM (25.131-b11 mixed mode windows-amd64 compressed oops)
# Failed to write core dump. Minidumps are not enabled by default on client versions of Windows
#

---------------  T H R E A D  ---------------

Current thread (0x0000000019503000):  JavaThread "C2 CompilerThread1" daemon [_thread_in_native, id=7088, stack(0x0000000019c70000,0x0000000019d70000)]

Stack: [0x0000000019c70000,0x0000000019d70000]
[error occurred during error reporting (printing stack bounds), id 0xc0000005]

Native frames: (J=compiled Java code, j=interpreted, Vv=VM code, C=native code)


Current CompileTask:
C2:  60285 14163 %     4       com.android.tools.r8.ir.optimize.P::a @ 118 (840 bytes)


---------------  P R O C E S S  ---------------

Java Threads: ( => current thread )
  0x000000001f401800 JavaThread "Cache worker for Java compile cache (D:\WYweixin\.gradle\5.4.1\javaCompile)" [_thread_blocked, id=11312, stack(0x000000002a750000,0x000000002a850000)]
  0x000000001f3fd800 JavaThread "Cache worker for Java compile cache (C:\Users\18432\.gradle\caches\5.4.1\javaCompile)" [_thread_blocked, id=32736, stack(0x000000002a650000,0x000000002a750000)]
  0x000000001f400800 JavaThread "WorkerExecutor Queue Thread 9" [_thread_blocked, id=19000, stack(0x0000000026720000,0x0000000026820000)]
  0x000000001f3f4800 JavaThread "stdout" [_thread_in_native, id=24580, stack(0x0000000028860000,0x0000000028960000)]
  0x000000001f3fb800 JavaThread "stderr" [_thread_in_native, id=6364, stack(0x0000000028050000,0x0000000028150000)]
  0x000000001f3f9000 JavaThread "stdout" [_thread_in_native, id=10016, stack(0x0000000028c90000,0x0000000028d90000)]
  0x000000001f3fa000 JavaThread "stderr" [_thread_in_native, id=10404, stack(0x00000000281f0000,0x00000000282f0000)]
  0x000000001f3fa800 JavaThread "stdout" [_thread_in_native, id=3196, stack(0x0000000028500000,0x0000000028600000)]
  0x000000001f3f8800 JavaThread "stderr" [_thread_in_native, id=28024, stack(0x0000000028400000,0x0000000028500000)]
  0x000000001f3f7800 JavaThread "stdout" [_thread_in_native, id=18044, stack(0x0000000028300000,0x0000000028400000)]
  0x000000002292c800 JavaThread "stderr" [_thread_in_native, id=18416, stack(0x0000000027f50000,0x0000000028050000)]
  0x000000002292b800 JavaThread "stdout" [_thread_in_native, id=14052, stack(0x0000000026e80000,0x0000000026f80000)]
  0x000000002292b000 JavaThread "stderr" [_thread_in_native, id=21556, stack(0x0000000026d80000,0x0000000026e80000)]
  0x0000000022928800 JavaThread "stdout" [_thread_in_native, id=9024, stack(0x0000000026c80000,0x0000000026d80000)]
  0x000000002292a000 JavaThread "stderr" [_thread_in_native, id=12448, stack(0x0000000026920000,0x0000000026a20000)]
  0x0000000022928000 JavaThread "stdout" [_thread_in_native, id=32052, stack(0x0000000026b80000,0x0000000026c80000)]
  0x0000000022927000 JavaThread "stderr" [_thread_in_native, id=32624, stack(0x0000000026a80000,0x0000000026b80000)]
  0x0000000022926800 JavaThread "WorkerExecutor Queue Thread 8" [_thread_blocked, id=22660, stack(0x0000000026820000,0x0000000026920000)]
  0x000000002291e800 JavaThread "pool-2-thread-1" [_thread_blocked, id=15612, stack(0x0000000026620000,0x0000000026720000)]
  0x0000000022924000 JavaThread "WorkerExecutor Queue Thread 6" [_thread_in_Java, id=20148, stack(0x0000000026520000,0x0000000026620000)]
  0x0000000022925800 JavaThread "WorkerExecutor Queue Thread 5" [_thread_blocked, id=27968, stack(0x0000000026420000,0x0000000026520000)]
  0x0000000022923800 JavaThread "WorkerExecutor Queue Thread 4" [_thread_blocked, id=21476, stack(0x0000000026320000,0x0000000026420000)]
  0x0000000022922800 JavaThread "WorkerExecutor Queue Thread 3" [_thread_blocked, id=15700, stack(0x0000000026220000,0x0000000026320000)]
  0x0000000022921800 JavaThread "WorkerExecutor Queue Thread 2" [_thread_blocked, id=2040, stack(0x0000000025e60000,0x0000000025f60000)]
  0x000000002291f800 JavaThread "WorkerExecutor Queue" [_thread_blocked, id=20720, stack(0x0000000025d60000,0x0000000025e60000)]
  0x0000000022925000 JavaThread "Cache worker for execution history cache (D:\WYweixin\.gradle\5.4.1\executionHistory)" [_thread_in_vm, id=8220, stack(0x00000000254f0000,0x00000000255f0000)]
  0x000000002291e000 JavaThread "Execution worker for ':' Thread 7" [_thread_in_native, id=16396, stack(0x0000000025c60000,0x0000000025d60000)]
  0x000000002291d000 JavaThread "Execution worker for ':' Thread 6" [_thread_blocked, id=14448, stack(0x0000000025b60000,0x0000000025c60000)]
  0x0000000022920000 JavaThread "Execution worker for ':' Thread 5" [_thread_in_native, id=27788, stack(0x0000000025a60000,0x0000000025b60000)]
  0x000000001d79e800 JavaThread "Execution worker for ':' Thread 4" [_thread_in_native, id=6124, stack(0x0000000025960000,0x0000000025a60000)]
  0x000000001d79d800 JavaThread "Execution worker for ':' Thread 3" [_thread_in_Java, id=32404, stack(0x0000000025860000,0x0000000025960000)]
  0x000000001d79b800 JavaThread "Execution worker for ':' Thread 2" [_thread_blocked, id=18388, stack(0x0000000025760000,0x0000000025860000)]
  0x000000001d79d000 JavaThread "Execution worker for ':'" [_thread_blocked, id=22048, stack(0x0000000025660000,0x0000000025760000)]
  0x000000001d79c000 JavaThread "Cache worker for file content cache (D:\WYweixin\.gradle\5.4.1\fileContent)" [_thread_blocked, id=31732, stack(0x0000000024bc0000,0x0000000024cc0000)]
  0x000000001d79a000 JavaThread "Cache worker for file content cache (C:\Users\18432\.gradle\caches\5.4.1\fileContent)" [_thread_blocked, id=24660, stack(0x0000000024ac0000,0x0000000024bc0000)]
  0x000000001d79f000 JavaThread "Memory manager" [_thread_blocked, id=26704, stack(0x0000000024390000,0x0000000024490000)]
  0x000000001d793000 JavaThread "Cache worker for Build Output Cleanup Cache (D:\WYweixin\.gradle\buildOutputCleanup)" [_thread_blocked, id=13244, stack(0x0000000024090000,0x0000000024190000)]
  0x000000001d792800 JavaThread "Build operations Thread 8" [_thread_blocked, id=27912, stack(0x00000000238d0000,0x00000000239d0000)]
  0x000000001d799000 JavaThread "Build operations Thread 7" [_thread_blocked, id=27900, stack(0x00000000237d0000,0x00000000238d0000)]
  0x000000001d791800 JavaThread "Build operations Thread 6" [_thread_blocked, id=23852, stack(0x00000000236d0000,0x00000000237d0000)]
  0x000000001d798800 JavaThread "Build operations Thread 5" [_thread_blocked, id=13596, stack(0x00000000235d0000,0x00000000236d0000)]
  0x000000001d797800 JavaThread "Build operations Thread 4" [_thread_blocked, id=11412, stack(0x00000000234d0000,0x00000000235d0000)]
  0x000000001d790000 JavaThread "Build operations Thread 3" [_thread_blocked, id=7772, stack(0x00000000232c0000,0x00000000233c0000)]
  0x000000001d795800 JavaThread "Build operations Thread 2" [_thread_blocked, id=31320, stack(0x0000000022ec0000,0x0000000022fc0000)]
  0x000000001d796000 JavaThread "Build operations" [_thread_blocked, id=23108, stack(0x0000000022dc0000,0x0000000022ec0000)]
  0x000000001d794800 JavaThread "Cache worker for execution history cache (C:\Users\18432\.gradle\caches\5.4.1\executionHistory)" [_thread_blocked, id=10276, stack(0x00000000215c0000,0x00000000216c0000)]
  0x000000001d791000 JavaThread "Cache worker for cache directory md-rule (C:\Users\18432\.gradle\caches\5.4.1\md-rule)" [_thread_blocked, id=3796, stack(0x00000000233d0000,0x00000000234d0000)]
  0x000000001d794000 JavaThread "Cache worker for cache directory md-supplier (C:\Users\18432\.gradle\caches\5.4.1\md-supplier)" [_thread_blocked, id=8952, stack(0x00000000231c0000,0x00000000232c0000)]
  0x0000000019515800 JavaThread "Cache worker for file hash cache (D:\WYweixin\.gradle\5.4.1\fileHashes)" [_thread_blocked, id=30084, stack(0x000000001feb0000,0x000000001ffb0000)]
  0x0000000019510000 JavaThread "Cache worker for journal cache (C:\Users\18432\.gradle\caches\journal-1)" [_thread_blocked, id=14076, stack(0x000000001cc40000,0x000000001cd40000)]
  0x0000000019512800 JavaThread "File lock request listener" [_thread_in_native, id=28688, stack(0x000000001c940000,0x000000001ca40000)]
  0x0000000019517000 JavaThread "Cache worker for file hash cache (C:\Users\18432\.gradle\caches\5.4.1\fileHashes)" [_thread_blocked, id=13172, stack(0x000000001c840000,0x000000001c940000)]
  0x0000000019739000 JavaThread "Thread-9" [_thread_blocked, id=22240, stack(0x000000001c740000,0x000000001c840000)]
  0x00000000195eb000 JavaThread "Stdin handler" [_thread_blocked, id=4136, stack(0x000000001c640000,0x000000001c740000)]
  0x000000001a65b000 JavaThread "Asynchronous log dispatcher for DefaultDaemonConnection: socket connection from /127.0.0.1:2126 to /127.0.0.1:2127" [_thread_blocked, id=18804, stack(0x000000001c440000,0x000000001c540000)]
  0x00000000195d8800 JavaThread "Daemon worker" [_thread_in_native, id=22080, stack(0x000000001c340000,0x000000001c440000)]
  0x000000001a57d800 JavaThread "Cancel handler" [_thread_blocked, id=13516, stack(0x000000001c240000,0x000000001c340000)]
  0x000000001956a800 JavaThread "Handler for socket connection from /127.0.0.1:2126 to /127.0.0.1:2127" [_thread_in_native, id=25400, stack(0x000000001bf40000,0x000000001c040000)]
  0x000000001a7a3000 JavaThread "Daemon" [_thread_blocked, id=10416, stack(0x000000001be40000,0x000000001bf40000)]
  0x000000001957f800 JavaThread "Daemon periodic checks" [_thread_blocked, id=25164, stack(0x000000001bd40000,0x000000001be40000)]
  0x00000000196d9800 JavaThread "Incoming local TCP Connector on port 2126" [_thread_in_native, id=31316, stack(0x000000001bc40000,0x000000001bd40000)]
  0x000000001b21f000 JavaThread "Daemon health stats" [_thread_blocked, id=16736, stack(0x000000001b940000,0x000000001ba40000)]
  0x00000000195ac000 JavaThread "Service Thread" daemon [_thread_blocked, id=26776, stack(0x0000000019f70000,0x000000001a070000)]
  0x0000000019514800 JavaThread "C1 CompilerThread3" daemon [_thread_in_native, id=25088, stack(0x0000000019e70000,0x0000000019f70000)]
  0x0000000019511800 JavaThread "C2 CompilerThread2" daemon [_thread_in_native, id=11076, stack(0x0000000019d70000,0x0000000019e70000)]
=>0x0000000019503000 JavaThread "C2 CompilerThread1" daemon [_thread_in_native, id=7088, stack(0x0000000019c70000,0x0000000019d70000)]
  0x00000000194ff800 JavaThread "C2 CompilerThread0" daemon [_thread_in_native, id=6464, stack(0x0000000019b70000,0x0000000019c70000)]
  0x00000000194fc000 JavaThread "Attach Listener" daemon [_thread_blocked, id=30908, stack(0x0000000019a70000,0x0000000019b70000)]
  0x00000000194aa000 JavaThread "Signal Dispatcher" daemon [_thread_blocked, id=25820, stack(0x0000000019970000,0x0000000019a70000)]
  0x0000000019490800 JavaThread "Finalizer" daemon [_thread_blocked, id=21804, stack(0x0000000019870000,0x0000000019970000)]
  0x00000000037c9000 JavaThread "Reference Handler" daemon [_thread_blocked, id=324, stack(0x0000000019370000,0x0000000019470000)]
  0x00000000035ce000 JavaThread "main" [_thread_blocked, id=19928, stack(0x00000000035d0000,0x00000000036d0000)]

Other Threads:
  0x0000000017589000 VMThread [stack: 0x0000000019270000,0x0000000019370000] [id=24440]
  0x0000000019608000 WatcherThread [stack: 0x000000001a070000,0x000000001a170000] [id=30628]

VM state:not at safepoint (normal execution)

VM Mutex/Monitor currently owned by a thread: None

Heap:
 PSYoungGen      total 268288K, used 214117K [0x00000000e0000000, 0x00000000f3280000, 0x0000000100000000)
  eden space 249344K, 81% used [0x00000000e0000000,0x00000000ec5d3de0,0x00000000ef380000)
  from space 18944K, 60% used [0x00000000f2000000,0x00000000f2b45680,0x00000000f3280000)
  to   space 15360K, 0% used [0x00000000ef380000,0x00000000ef380000,0x00000000f0280000)
 ParOldGen       total 115712K, used 48921K [0x00000000a0000000, 0x00000000a7100000, 0x00000000e0000000)
  object space 115712K, 42% used [0x00000000a0000000,0x00000000a2fc67c8,0x00000000a7100000)
 Metaspace       used 78791K, capacity 82168K, committed 82304K, reserved 1120256K
  class space    used 10661K, capacity 11311K, committed 11392K, reserved 1048576K

Card table byte_map: [0x0000000012b90000,0x0000000012ea0000] byte_map_base: 0x0000000012690000

Marking Bits: (ParMarkBitMap*) 0x000000007648c720
 Begin Bits: [0x00000000138a0000, 0x00000000150a0000)
 End Bits:   [0x00000000150a0000, 0x00000000168a0000)

Polling page: 0x0000000000fe0000

CodeCache: size=245760Kb used=43656Kb max_used=44577Kb free=202103Kb
 bounds [0x00000000037d0000, 0x00000000063a0000, 0x00000000127d0000]
 total_blobs=13403 nmethods=12554 adapters=757
 compilation: enabled

Compilation events (10 events):
Event: 60.208 Thread 0x0000000019514800 14702       1       com.android.builder.merge.LazyIncrementalFileMergerInput::getName (5 bytes)
Event: 60.208 Thread 0x0000000019514800 nmethod 14702 0x0000000005203210 code [0x0000000005203360, 0x0000000005203470]
Event: 60.208 Thread 0x0000000019514800 14703       1       kotlin.collections.EmptyIterator::hasNext (2 bytes)
Event: 60.209 Thread 0x0000000019514800 nmethod 14703 0x00000000053dc410 code [0x00000000053dc560, 0x00000000053dc670]
Event: 60.220 Thread 0x0000000019514800 14704 %     3       com.android.tools.r8.graph.DexClass::forEachMethod @ 47 (75 bytes)
Event: 60.221 Thread 0x0000000019514800 nmethod 14704% 0x0000000003d9bcd0 code [0x0000000003d9bf00, 0x0000000003d9cb38]
Event: 60.233 Thread 0x0000000019514800 14705       2       com.android.tools.r8.ir.code.BasicBlock::createGotoBlock (37 bytes)
Event: 60.234 Thread 0x0000000019514800 nmethod 14705 0x0000000005065c50 code [0x0000000005065e20, 0x0000000005066268]
Event: 60.251 Thread 0x0000000019514800 14706       2       com.google.common.collect.Interners$InternerImpl::intern (50 bytes)
Event: 60.252 Thread 0x0000000019514800 nmethod 14706 0x0000000005137090 code [0x0000000005137280, 0x0000000005137798]

GC Heap History (10 events):
Event: 38.319 GC heap before
{Heap before GC invocations=23 (full 3):
 PSYoungGen      total 210432K, used 203167K [0x00000000e0000000, 0x00000000efb80000, 0x0000000100000000)
  eden space 193536K, 100% used [0x00000000e0000000,0x00000000ebd00000,0x00000000ebd00000)
  from space 16896K, 57% used [0x00000000ebd00000,0x00000000ec667fa8,0x00000000ecd80000)
  to   space 16384K, 0% used [0x00000000eeb80000,0x00000000eeb80000,0x00000000efb80000)
 ParOldGen       total 115712K, used 38711K [0x00000000a0000000, 0x00000000a7100000, 0x00000000e0000000)
  object space 115712K, 33% used [0x00000000a0000000,0x00000000a25cdf68,0x00000000a7100000)
 Metaspace       used 71217K, capacity 74242K, committed 74368K, reserved 1114112K
  class space    used 9793K, capacity 10356K, committed 10368K, reserved 1048576K
Event: 38.356 GC heap after
Heap after GC invocations=23 (full 3):
 PSYoungGen      total 238080K, used 10109K [0x00000000e0000000, 0x00000000ef980000, 0x0000000100000000)
  eden space 223744K, 0% used [0x00000000e0000000,0x00000000e0000000,0x00000000eda80000)
  from space 14336K, 70% used [0x00000000eeb80000,0x00000000ef55f700,0x00000000ef980000)
  to   space 15872K, 0% used [0x00000000eda80000,0x00000000eda80000,0x00000000eea00000)
 ParOldGen       total 115712K, used 38719K [0x00000000a0000000, 0x00000000a7100000, 0x00000000e0000000)
  object space 115712K, 33% used [0x00000000a0000000,0x00000000a25cff68,0x00000000a7100000)
 Metaspace       used 71217K, capacity 74242K, committed 74368K, reserved 1114112K
  class space    used 9793K, capacity 10356K, committed 10368K, reserved 1048576K
}
Event: 40.941 GC heap before
{Heap before GC invocations=24 (full 3):
 PSYoungGen      total 238080K, used 233853K [0x00000000e0000000, 0x00000000ef980000, 0x0000000100000000)
  eden space 223744K, 100% used [0x00000000e0000000,0x00000000eda80000,0x00000000eda80000)
  from space 14336K, 70% used [0x00000000eeb80000,0x00000000ef55f700,0x00000000ef980000)
  to   space 15872K, 0% used [0x00000000eda80000,0x00000000eda80000,0x00000000eea00000)
 ParOldGen       total 115712K, used 38719K [0x00000000a0000000, 0x00000000a7100000, 0x00000000e0000000)
  object space 115712K, 33% used [0x00000000a0000000,0x00000000a25cff68,0x00000000a7100000)
 Metaspace       used 71259K, capacity 74332K, committed 74368K, reserved 1114112K
  class space    used 9795K, capacity 10359K, committed 10368K, reserved 1048576K
Event: 40.957 GC heap after
Heap after GC invocations=24 (full 3):
 PSYoungGen      total 239616K, used 10969K [0x00000000e0000000, 0x00000000f1780000, 0x0000000100000000)
  eden space 223744K, 0% used [0x00000000e0000000,0x00000000e0000000,0x00000000eda80000)
  from space 15872K, 69% used [0x00000000eda80000,0x00000000ee536438,0x00000000eea00000)
  to   space 15872K, 0% used [0x00000000f0800000,0x00000000f0800000,0x00000000f1780000)
 ParOldGen       total 115712K, used 38719K [0x00000000a0000000, 0x00000000a7100000, 0x00000000e0000000)
  object space 115712K, 33% used [0x00000000a0000000,0x00000000a25cff68,0x00000000a7100000)
 Metaspace       used 71259K, capacity 74332K, committed 74368K, reserved 1114112K
  class space    used 9795K, capacity 10359K, committed 10368K, reserved 1048576K
}
Event: 51.285 GC heap before
{Heap before GC invocations=25 (full 3):
 PSYoungGen      total 239616K, used 234713K [0x00000000e0000000, 0x00000000f1780000, 0x0000000100000000)
  eden space 223744K, 100% used [0x00000000e0000000,0x00000000eda80000,0x00000000eda80000)
  from space 15872K, 69% used [0x00000000eda80000,0x00000000ee536438,0x00000000eea00000)
  to   space 15872K, 0% used [0x00000000f0800000,0x00000000f0800000,0x00000000f1780000)
 ParOldGen       total 115712K, used 38719K [0x00000000a0000000, 0x00000000a7100000, 0x00000000e0000000)
  object space 115712K, 33% used [0x00000000a0000000,0x00000000a25cff68,0x00000000a7100000)
 Metaspace       used 72361K, capacity 75488K, committed 75520K, reserved 1114112K
  class space    used 9898K, capacity 10483K, committed 10496K, reserved 1048576K
Event: 51.299 GC heap after
Heap after GC invocations=25 (full 3):
 PSYoungGen      total 259072K, used 8912K [0x00000000e0000000, 0x00000000f1180000, 0x0000000100000000)
  eden space 249344K, 0% used [0x00000000e0000000,0x00000000e0000000,0x00000000ef380000)
  from space 9728K, 91% used [0x00000000f0800000,0x00000000f10b4270,0x00000000f1180000)
  to   space 15360K, 0% used [0x00000000ef380000,0x00000000ef380000,0x00000000f0280000)
 ParOldGen       total 115712K, used 38727K [0x00000000a0000000, 0x00000000a7100000, 0x00000000e0000000)
  object space 115712K, 33% used [0x00000000a0000000,0x00000000a25d1f68,0x00000000a7100000)
 Metaspace       used 72361K, capacity 75488K, committed 75520K, reserved 1114112K
  class space    used 9898K, capacity 10483K, committed 10496K, reserved 1048576K
}
Event: 59.497 GC heap before
{Heap before GC invocations=26 (full 3):
 PSYoungGen      total 259072K, used 258256K [0x00000000e0000000, 0x00000000f1180000, 0x0000000100000000)
  eden space 249344K, 100% used [0x00000000e0000000,0x00000000ef380000,0x00000000ef380000)
  from space 9728K, 91% used [0x00000000f0800000,0x00000000f10b4270,0x00000000f1180000)
  to   space 15360K, 0% used [0x00000000ef380000,0x00000000ef380000,0x00000000f0280000)
 ParOldGen       total 115712K, used 39721K [0x00000000a0000000, 0x00000000a7100000, 0x00000000e0000000)
  object space 115712K, 34% used [0x00000000a0000000,0x00000000a26ca740,0x00000000a7100000)
 Metaspace       used 78529K, capacity 81752K, committed 81920K, reserved 1120256K
  class space    used 10616K, capacity 11225K, committed 11264K, reserved 1048576K
Event: 59.570 GC heap after
Heap after GC invocations=26 (full 3):
 PSYoungGen      total 264704K, used 15356K [0x00000000e0000000, 0x00000000f3280000, 0x0000000100000000)
  eden space 249344K, 0% used [0x00000000e0000000,0x00000000e0000000,0x00000000ef380000)
  from space 15360K, 99% used [0x00000000ef380000,0x00000000f027f240,0x00000000f0280000)
  to   space 18944K, 0% used [0x00000000f2000000,0x00000000f2000000,0x00000000f3280000)
 ParOldGen       total 115712K, used 45066K [0x00000000a0000000, 0x00000000a7100000, 0x00000000e0000000)
  object space 115712K, 38% used [0x00000000a0000000,0x00000000a2c02800,0x00000000a7100000)
 Metaspace       used 78529K, capacity 81752K, committed 81920K, reserved 1120256K
  class space    used 10616K, capacity 11225K, committed 11264K, reserved 1048576K
}
Event: 59.571 GC heap before
{Heap before GC invocations=27 (full 3):
 PSYoungGen      total 264704K, used 17799K [0x00000000e0000000, 0x00000000f3280000, 0x0000000100000000)
  eden space 249344K, 0% used [0x00000000e0000000,0x00000000e0262af0,0x00000000ef380000)
  from space 15360K, 99% used [0x00000000ef380000,0x00000000f027f240,0x00000000f0280000)
  to   space 18944K, 0% used [0x00000000f2000000,0x00000000f2000000,0x00000000f3280000)
 ParOldGen       total 115712K, used 45066K [0x00000000a0000000, 0x00000000a7100000, 0x00000000e0000000)
  object space 115712K, 38% used [0x00000000a0000000,0x00000000a2c02800,0x00000000a7100000)
 Metaspace       used 78529K, capacity 81752K, committed 81920K, reserved 1120256K
  class space    used 10616K, capacity 11225K, committed 11264K, reserved 1048576K
Event: 59.592 GC heap after
Heap after GC invocations=27 (full 3):
 PSYoungGen      total 268288K, used 11541K [0x00000000e0000000, 0x00000000f3280000, 0x0000000100000000)
  eden space 249344K, 0% used [0x00000000e0000000,0x00000000e0000000,0x00000000ef380000)
  from space 18944K, 60% used [0x00000000f2000000,0x00000000f2b45680,0x00000000f3280000)
  to   space 15360K, 0% used [0x00000000ef380000,0x00000000ef380000,0x00000000f0280000)
 ParOldGen       total 115712K, used 48921K [0x00000000a0000000, 0x00000000a7100000, 0x00000000e0000000)
  object space 115712K, 42% used [0x00000000a0000000,0x00000000a2fc67c8,0x00000000a7100000)
 Metaspace       used 78529K, capacity 81752K, committed 81920K, reserved 1120256K
  class space    used 10616K, capacity 11225K, committed 11264K, reserved 1048576K
}

Deoptimization events (10 events):
Event: 59.868 Thread 0x0000000022924000 Uncommon trap: reason=class_check action=maybe_recompile pc=0x0000000005d6e0f4 method=java.util.zip.InflaterInputStream.fill()V @ 19
Event: 59.875 Thread 0x000000001d79b800 Uncommon trap: reason=unstable_if action=reinterpret pc=0x0000000004fa4bbc method=com.android.tools.r8.n.a.a.a.g.B0$e.contains(Ljava/lang/Object;)Z @ 176
Event: 59.908 Thread 0x000000002291d000 Uncommon trap: reason=array_check action=maybe_recompile pc=0x0000000004cc62fc method=java.util.TimSort.reverseRange([Ljava/lang/Object;II)V @ 27
Event: 59.908 Thread 0x000000002291d000 Uncommon trap: reason=array_check action=maybe_recompile pc=0x0000000004cc62fc method=java.util.TimSort.reverseRange([Ljava/lang/Object;II)V @ 27
Event: 59.939 Thread 0x000000001d79d800 Uncommon trap: reason=unstable_if action=reinterpret pc=0x0000000005b96cec method=com.google.common.collect.MapMakerInternalMap$Segment.drainKeyReferenceQueue(Ljava/lang/ref/ReferenceQueue;)V @ 32
Event: 60.120 Thread 0x0000000022924000 Uncommon trap: reason=class_check action=maybe_recompile pc=0x000000000479c270 method=java.util.zip.InflaterInputStream.read()I @ 11
Event: 60.120 Thread 0x0000000022924000 Uncommon trap: reason=class_check action=maybe_recompile pc=0x0000000005d6e0f4 method=java.util.zip.InflaterInputStream.fill()V @ 19
Event: 60.171 Thread 0x0000000022924000 Uncommon trap: reason=predicate action=maybe_recompile pc=0x0000000005479420 method=com.google.common.collect.RegularImmutableMap.checkNoConflictInKeyBucket(Ljava/lang/Object;Ljava/util/Map$Entry;Lcom/google/common/collect/ImmutableMapEntry;)I @ 6
Event: 60.193 Thread 0x0000000022924000 Uncommon trap: reason=unstable_if action=reinterpret pc=0x0000000005e2763c method=sun.nio.fs.WindowsPathParser.parse(Ljava/lang/String;Z)Lsun/nio/fs/WindowsPathParser$Result; @ 45
Event: 60.277 Thread 0x00000000195d8800 Uncommon trap: reason=unstable_if action=reinterpret pc=0x0000000005c56678 method=com.google.common.collect.ImmutableSortedSet.construct(Ljava/util/Comparator;I[Ljava/lang/Object;)Lcom/google/common/collect/ImmutableSortedSet; @ 85

Internal exceptions (10 events):
Event: 59.166 Thread 0x000000001d79d800 Exception <a 'sun/nio/fs/WindowsException'> (0x00000000ea1a10f0) thrown at [C:\re\workspace\8-2-build-windows-amd64-cygwin\jdk8u131\8869\hotspot\src\share\vm\prims\jni.cpp, line 709]
Event: 59.660 Thread 0x000000001d79b800 Exception <a 'sun/nio/fs/WindowsException'> (0x00000000e12c3ca0) thrown at [C:\re\workspace\8-2-build-windows-amd64-cygwin\jdk8u131\8869\hotspot\src\share\vm\prims\jni.cpp, line 709]
Event: 59.686 Thread 0x0000000022920000 Exception <a 'sun/nio/fs/WindowsException'> (0x00000000e1e716c0) thrown at [C:\re\workspace\8-2-build-windows-amd64-cygwin\jdk8u131\8869\hotspot\src\share\vm\prims\jni.cpp, line 709]
Event: 59.900 Thread 0x000000001d79d800 Exception <a 'sun/nio/fs/WindowsException'> (0x00000000e4f24e20) thrown at [C:\re\workspace\8-2-build-windows-amd64-cygwin\jdk8u131\8869\hotspot\src\share\vm\prims\jni.cpp, line 709]
Event: 59.955 Thread 0x000000002291d000 Exception <a 'sun/nio/fs/WindowsException'> (0x00000000e6c566e0) thrown at [C:\re\workspace\8-2-build-windows-amd64-cygwin\jdk8u131\8869\hotspot\src\share\vm\prims\jni.cpp, line 709]
Event: 60.063 Thread 0x000000002291e000 Exception <a 'sun/nio/fs/WindowsException'> (0x00000000e9935d18) thrown at [C:\re\workspace\8-2-build-windows-amd64-cygwin\jdk8u131\8869\hotspot\src\share\vm\prims\jni.cpp, line 709]
Event: 60.074 Thread 0x00000000195d8800 Exception <a 'sun/nio/fs/WindowsException'> (0x00000000e852d5a8) thrown at [C:\re\workspace\8-2-build-windows-amd64-cygwin\jdk8u131\8869\hotspot\src\share\vm\prims\jni.cpp, line 709]
Event: 60.119 Thread 0x0000000022920000 Exception <a 'sun/nio/fs/WindowsException'> (0x00000000e9f16e80) thrown at [C:\re\workspace\8-2-build-windows-amd64-cygwin\jdk8u131\8869\hotspot\src\share\vm\prims\jni.cpp, line 709]
Event: 60.122 Thread 0x000000001d79e800 Exception <a 'sun/nio/fs/WindowsException'> (0x00000000ea038eb8) thrown at [C:\re\workspace\8-2-build-windows-amd64-cygwin\jdk8u131\8869\hotspot\src\share\vm\prims\jni.cpp, line 709]
Event: 60.130 Thread 0x000000001d79d800 Exception <a 'sun/nio/fs/WindowsException'> (0x00000000ea244168) thrown at [C:\re\workspace\8-2-build-windows-amd64-cygwin\jdk8u131\8869\hotspot\src\share\vm\prims\jni.cpp, line 709]

Events (10 events):
Event: 60.277 loading class com/android/tools/build/apkzlib/zip/FileUseMap$PositionAlgorithm
Event: 60.277 loading class com/android/tools/build/apkzlib/zip/FileUseMap$PositionAlgorithm done
Event: 60.277 Thread 0x00000000195d8800 Uncommon trap: trap_request=0xffffff65 fr.pc=0x0000000005c56678
Event: 60.277 Thread 0x00000000195d8800 DEOPT PACKING pc=0x0000000005c56678 sp=0x000000001c43b980
Event: 60.277 Thread 0x00000000195d8800 DEOPT UNPACKING pc=0x000000000381582a sp=0x000000001c43b930 mode 2
Event: 60.278 loading class com/android/tools/build/apkzlib/zip/FileUseMap$1
Event: 60.278 loading class com/android/tools/build/apkzlib/zip/FileUseMap$1 done
Event: 60.279 loading class java/util/TreeMap$AscendingSubMap
Event: 60.282 loading class java/util/TreeMap$AscendingSubMap done
Event: 60.282 Executing VM operation: Deoptimize


Dynamic libraries:
0x00007ff7fdbb0000 - 0x00007ff7fdbe7000 	D:\Program Files\Java\jdk1.8.0_131\bin\java.exe
0x00007fff476c0000 - 0x00007fff478b0000 	C:\WINDOWS\SYSTEM32\ntdll.dll
0x00007fff475c0000 - 0x00007fff47672000 	C:\WINDOWS\System32\KERNEL32.DLL
0x00007fff45110000 - 0x00007fff453b3000 	C:\WINDOWS\System32\KERNELBASE.dll
0x00007fff46450000 - 0x00007fff464f3000 	C:\WINDOWS\System32\ADVAPI32.dll
0x00007fff45900000 - 0x00007fff4599e000 	C:\WINDOWS\System32\msvcrt.dll
0x00007fff47170000 - 0x00007fff47207000 	C:\WINDOWS\System32\sechost.dll
0x00007fff45c50000 - 0x00007fff45d70000 	C:\WINDOWS\System32\RPCRT4.dll
0x00007fff459e0000 - 0x00007fff45b74000 	C:\WINDOWS\System32\USER32.dll
0x00007fff454a0000 - 0x00007fff454c1000 	C:\WINDOWS\System32\win32u.dll
0x00007fff459b0000 - 0x00007fff459d6000 	C:\WINDOWS\System32\GDI32.dll
0x00007fff455d0000 - 0x00007fff45764000 	C:\WINDOWS\System32\gdi32full.dll
0x00007fff44650000 - 0x00007fff446ee000 	C:\WINDOWS\System32\msvcp_win.dll
0x00007fff454d0000 - 0x00007fff455ca000 	C:\WINDOWS\System32\ucrtbase.dll
0x00007fff43aa0000 - 0x00007fff43d25000 	C:\WINDOWS\WinSxS\amd64_microsoft.windows.common-controls_6595b64144ccf1df_6.0.18362.657_none_e6c5b579130e3898\COMCTL32.dll
0x00007fff47280000 - 0x00007fff475b6000 	C:\WINDOWS\System32\combase.dll
0x00007fff45420000 - 0x00007fff454a0000 	C:\WINDOWS\System32\bcryptPrimitives.dll
0x00007fff45f20000 - 0x00007fff45f4e000 	C:\WINDOWS\System32\IMM32.DLL
0x0000000076510000 - 0x00000000765e2000 	D:\Program Files\Java\jdk1.8.0_131\jre\bin\msvcr100.dll
0x0000000075c70000 - 0x000000007650c000 	D:\Program Files\Java\jdk1.8.0_131\jre\bin\server\jvm.dll
0x00007fff459a0000 - 0x00007fff459a8000 	C:\WINDOWS\System32\PSAPI.DLL
0x00007fff2ac90000 - 0x00007fff2ac99000 	C:\WINDOWS\SYSTEM32\WSOCK32.dll
0x00007fff40960000 - 0x00007fff40984000 	C:\WINDOWS\SYSTEM32\WINMM.dll
0x00007fff32670000 - 0x00007fff3267a000 	C:\WINDOWS\SYSTEM32\VERSION.dll
0x00007fff45f50000 - 0x00007fff45fbf000 	C:\WINDOWS\System32\WS2_32.dll
0x00007fff40370000 - 0x00007fff4039d000 	C:\WINDOWS\SYSTEM32\WINMMBASE.dll
0x00007fff45010000 - 0x00007fff4505a000 	C:\WINDOWS\System32\cfgmgr32.dll
0x0000000050900000 - 0x000000005090f000 	D:\Program Files\Java\jdk1.8.0_131\jre\bin\verify.dll
0x0000000050000000 - 0x0000000050029000 	D:\Program Files\Java\jdk1.8.0_131\jre\bin\java.dll
0x00000000504a0000 - 0x00000000504b6000 	D:\Program Files\Java\jdk1.8.0_131\jre\bin\zip.dll
0x00007fff466b0000 - 0x00007fff46d95000 	C:\WINDOWS\System32\SHELL32.dll
0x00007fff45770000 - 0x00007fff45819000 	C:\WINDOWS\System32\shcore.dll
0x00007fff44860000 - 0x00007fff44fdf000 	C:\WINDOWS\System32\windows.storage.dll
0x00007fff445c0000 - 0x00007fff445df000 	C:\WINDOWS\System32\profapi.dll
0x00007fff445e0000 - 0x00007fff4462a000 	C:\WINDOWS\System32\powrprof.dll
0x00007fff44590000 - 0x00007fff445a0000 	C:\WINDOWS\System32\UMPDC.dll
0x00007fff46500000 - 0x00007fff46552000 	C:\WINDOWS\System32\shlwapi.dll
0x00007fff445a0000 - 0x00007fff445b1000 	C:\WINDOWS\System32\kernel.appcore.dll
0x00007fff446f0000 - 0x00007fff44707000 	C:\WINDOWS\System32\cryptsp.dll
0x00000000773b0000 - 0x00000000773ca000 	D:\Program Files\Java\jdk1.8.0_131\jre\bin\net.dll
0x00007fff43780000 - 0x00007fff437e7000 	C:\WINDOWS\system32\mswsock.dll
0x0000000075c50000 - 0x0000000075c61000 	D:\Program Files\Java\jdk1.8.0_131\jre\bin\nio.dll
0x00007fff23a90000 - 0x00007fff23ab6000 	C:\Users\18432\.gradle\native\29\windows-amd64\native-platform.dll
0x00000000773a0000 - 0x00000000773ad000 	D:\Program Files\Java\jdk1.8.0_131\jre\bin\management.dll
0x00007fff432f0000 - 0x00007fff43323000 	C:\WINDOWS\system32\rsaenh.dll
0x00007fff44fe0000 - 0x00007fff45006000 	C:\WINDOWS\System32\bcrypt.dll
0x00007fff444b0000 - 0x00007fff444d5000 	C:\WINDOWS\SYSTEM32\USERENV.dll
0x00007fff43950000 - 0x00007fff4395c000 	C:\WINDOWS\SYSTEM32\CRYPTBASE.dll
0x00007fff43490000 - 0x00007fff434ca000 	C:\WINDOWS\SYSTEM32\IPHLPAPI.DLL
0x00007fff46430000 - 0x00007fff46438000 	C:\WINDOWS\System32\NSI.dll
0x00007fff314c0000 - 0x00007fff314d6000 	C:\WINDOWS\SYSTEM32\dhcpcsvc6.DLL
0x00007fff32290000 - 0x00007fff322ac000 	C:\WINDOWS\SYSTEM32\dhcpcsvc.DLL
0x00007fff434d0000 - 0x00007fff4359a000 	C:\WINDOWS\SYSTEM32\DNSAPI.dll

VM Arguments:
jvm_args: -Xmx1536m -Dfile.encoding=GBK -Duser.country=CN -Duser.language=zh -Duser.variant 
java_command: org.gradle.launcher.daemon.bootstrap.GradleDaemon 5.4.1
java_class_path (initial): C:\Users\18432\.gradle\wrapper\dists\gradle-5.4.1-all\3221gyojl5jsh0helicew7rwx\gradle-5.4.1\lib\gradle-launcher-5.4.1.jar
Launcher Type: SUN_STANDARD

Environment Variables:
JAVA_HOME=D:\Program Files\Java\jdk1.8.0_131
CLASSPATH=.;D:\Program Files\Java\jdk1.8.0_131\lib\dt.jar;D:\Program Files\Java\jdk1.8.0_131\lib\tools.jar
PATH=C:\ProgramData\Oracle\Java\javapath;D:\app\client\18432\product\12.1.0\client_1;D:\app\client\18432\product\12.1.0\client_1\bin;F:\app\18432\product\11.2.0\dbhome_1\bin;C:\Program Files (x86)\Intel\iCLS Client\;C:\Program Files\Intel\iCLS Client\;C:\windows\system32;C:\windows;C:\windows\System32\Wbem;C:\windows\System32\WindowsPowerShell\v1.0\;C:\Program Files (x86)\NVIDIA Corporation\PhysX\Common;C:\Program Files (x86)\Intel\Intel(R) Management Engine Components\DAL;C:\Program Files\Intel\Intel(R) Management Engine Components\DAL;C:\Program Files (x86)\Intel\Intel(R) Management Engine Components\IPT;C:\Program Files\Intel\Intel(R) Management Engine Components\IPT;C:\WINDOWS\system32;C:\WINDOWS;C:\WINDOWS\System32\Wbem;C:\WINDOWS\System32\WindowsPowerShell\v1.0\;C:\Program Files (x86)\Windows Kits\8.1\Windows Performance Toolkit\;C:\Program Files\Microsoft SQL Server\110\Tools\Binn\;C:\Program Files (x86)\Microsoft SQL Server\100\Tools\Binn\;C:\Program Files\Microsoft SQL Server\100\Tools\Binn\;C:\Program Files\Microsoft SQL Server\100\DTS\Binn\;C:\Program Files (x86)\Microsoft SQL Server\100\Tools\Binn\VSShell\Common7\IDE\;C:\Program Files (x86)\Microsoft Visual Studio 9.0\Common7\IDE\PrivateAssemblies\;C:\Program Files (x86)\Microsoft SQL Server\100\DTS\Binn\;C:\Program Files\VisualSVN Server\bin;C:\Program Files\TortoiseSVN\bin;C:\Program Files\Intel\WiFi\bin\;C:\Program Files\Common Files\Intel\WirelessCommon\;C:\WINDOWS\System32\OpenSSH\;D:\Program Files\Java\jdk1.8.0_131\bin;D:\Program Files\Java\jdk1.8.0_131\jre\bin;D:\Python\Scripts\;D:\Python\;C:\Users\18432\AppData\Local\Microsoft\WindowsApps;
USERNAME=18432
OS=Windows_NT
PROCESSOR_IDENTIFIER=Intel64 Family 6 Model 142 Stepping 10, GenuineIntel



---------------  S Y S T E M  ---------------

OS: Windows 10.0 , 64 bit Build 18362 (10.0.18362.329)

CPU:total 8 (initial active 8) (4 cores per cpu, 2 threads per core) family 6 model 142 stepping 10, cmov, cx8, fxsr, mmx, sse, sse2, sse3, ssse3, sse4.1, sse4.2, popcnt, avx, avx2, aes, clmul, erms, 3dnowpref, lzcnt, ht, tsc, tscinvbit, bmi1, bmi2, adx

Memory: 4k page, physical 8281304k(775588k free), swap 12475608k(5356k free)

vm_info: Java HotSpot(TM) 64-Bit Server VM (25.131-b11) for windows-amd64 JRE (1.8.0_131-b11), built on Mar 15 2017 01:23:53 by "java_re" with MS VC++ 10.0 (VS2010)

time: Tue Mar 10 22:11:13 2020
elapsed time: 60 seconds (0d 0h 1m 0s)

